[ 2016-09-19T09:52:31+08:00 ] 127.0.0.1 /demo/
INFO: [ app_begin ] --START--
INFO: ReadHtmlCache Behavior ::run [ RunTime:0.003958s ]
INFO: [ app_begin ] --END-- [ RunTime:0.004159s ]
INFO: [ view_parse ] --START--
INFO: ParseTemplate Behavior ::run [ RunTime:0.041814s ]
INFO: [ view_parse ] --END-- [ RunTime:0.042006s ]
INFO: [ view_filter ] --START--
NOTIC: [8] Use of undefined constant APP_TMPL_PATH - assumed 'APP_TMPL_PATH' D:\phpserv\AppServ\www\demo\ThinkPHP\Lib\Behavior\ContentReplaceBehavior.class.php 第 40 行.
NOTIC: [8] Use of undefined constant APP_TMPL_PATH - assumed 'APP_TMPL_PATH' D:\phpserv\AppServ\www\demo\ThinkPHP\Lib\Behavior\ContentReplaceBehavior.class.php 第 47 行.
INFO: ContentReplace Behavior ::run [ RunTime:0.004820s ]
INFO: TokenBuild Behavior ::run [ RunTime:0.003498s ]
INFO: WriteHtmlCache Behavior ::run [ RunTime:0.003497s ]
INFO: ShowRuntime Behavior ::run [ RunTime:0.003730s ]
INFO: [ view_filter ] --END-- [ RunTime:0.015965s ]
INFO: [ view_end ] --START--
INFO: ShowPageTrace Behavior ::run [ RunTime:0.004810s ]
INFO: [ view_end ] --END-- [ RunTime:0.004984s ]

[ 2016-09-19T09:52:35+08:00 ] 127.0.0.1 /demo/
INFO: [ app_begin ] --START--
INFO: ReadHtmlCache Behavior ::run [ RunTime:0.001921s ]
INFO: [ app_begin ] --END-- [ RunTime:0.002038s ]
INFO: [ view_parse ] --START--
INFO: ParseTemplate Behavior ::run [ RunTime:0.003198s ]
INFO: [ view_parse ] --END-- [ RunTime:0.003289s ]
INFO: [ view_filter ] --START--
NOTIC: [8] Use of undefined constant APP_TMPL_PATH - assumed 'APP_TMPL_PATH' D:\phpserv\AppServ\www\demo\ThinkPHP\Lib\Behavior\ContentReplaceBehavior.class.php 第 40 行.
NOTIC: [8] Use of undefined constant APP_TMPL_PATH - assumed 'APP_TMPL_PATH' D:\phpserv\AppServ\www\demo\ThinkPHP\Lib\Behavior\ContentReplaceBehavior.class.php 第 47 行.
INFO: ContentReplace Behavior ::run [ RunTime:0.002187s ]
INFO: TokenBuild Behavior ::run [ RunTime:0.001860s ]
INFO: WriteHtmlCache Behavior ::run [ RunTime:0.002020s ]
INFO: ShowRuntime Behavior ::run [ RunTime:0.001966s ]
INFO: [ view_filter ] --END-- [ RunTime:0.008258s ]
INFO: [ view_end ] --START--
INFO: ShowPageTrace Behavior ::run [ RunTime:0.002590s ]
INFO: [ view_end ] --END-- [ RunTime:0.002693s ]

[ 2016-09-19T09:53:58+08:00 ] 127.0.0.1 /demo/
INFO: [ app_begin ] --START--
INFO: ReadHtmlCache Behavior ::run [ RunTime:0.002547s ]
INFO: [ app_begin ] --END-- [ RunTime:0.002706s ]

[ 2016-09-19T10:05:57+08:00 ] 127.0.0.1 /demo/
INFO: [ app_begin ] --START--
INFO: ReadHtmlCache Behavior ::run [ RunTime:0.002145s ]
INFO: [ app_begin ] --END-- [ RunTime:0.002261s ]

[ 2016-09-19T10:06:27+08:00 ] 127.0.0.1 /demo/index.php/Index/
INFO: [ route_check ] --START--
INFO: CheckRoute Behavior ::run [ RunTime:0.002767s ]
INFO: [ route_check ] --END-- [ RunTime:0.002882s ]
INFO: [ app_begin ] --START--
INFO: ReadHtmlCache Behavior ::run [ RunTime:0.001735s ]
INFO: [ app_begin ] --END-- [ RunTime:0.001822s ]

[ 2016-09-19T10:06:35+08:00 ] 127.0.0.1 /demo/index.php/Index/index
INFO: [ route_check ] --START--
INFO: CheckRoute Behavior ::run [ RunTime:0.005337s ]
INFO: [ route_check ] --END-- [ RunTime:0.005483s ]
INFO: [ app_begin ] --START--
INFO: ReadHtmlCache Behavior ::run [ RunTime:0.002410s ]
INFO: [ app_begin ] --END-- [ RunTime:0.002568s ]

[ 2016-09-19T10:07:04+08:00 ] 127.0.0.1 /demo/index.php/Index/say
INFO: [ route_check ] --START--
INFO: CheckRoute Behavior ::run [ RunTime:0.003999s ]
INFO: [ route_check ] --END-- [ RunTime:0.004248s ]
INFO: [ app_begin ] --START--
INFO: ReadHtmlCache Behavior ::run [ RunTime:0.002378s ]
INFO: [ app_begin ] --END-- [ RunTime:0.002505s ]

[ 2016-09-19T10:09:24+08:00 ] 127.0.0.1 /demo/index.php/Shujuke/add
INFO: [ route_check ] --START--
INFO: CheckRoute Behavior ::run [ RunTime:0.003477s ]
INFO: [ route_check ] --END-- [ RunTime:0.003629s ]
INFO: [ app_begin ] --START--
INFO: ReadHtmlCache Behavior ::run [ RunTime:0.003576s ]
INFO: [ app_begin ] --END-- [ RunTime:0.003711s ]
ERR: 无法加载模块:Shujuke

[ 2016-09-19T10:10:01+08:00 ] 127.0.0.1 /demo/index.php/Shujuke/say
INFO: [ route_check ] --START--
INFO: CheckRoute Behavior ::run [ RunTime:0.002372s ]
INFO: [ route_check ] --END-- [ RunTime:0.002477s ]
INFO: [ app_begin ] --START--
INFO: ReadHtmlCache Behavior ::run [ RunTime:0.001729s ]
INFO: [ app_begin ] --END-- [ RunTime:0.001825s ]
ERR: 无法加载模块:Shujuke

[ 2016-09-19T10:10:06+08:00 ] 127.0.0.1 /demo/index.php/Shujuke/say
INFO: [ route_check ] --START--
INFO: CheckRoute Behavior ::run [ RunTime:0.003889s ]
INFO: [ route_check ] --END-- [ RunTime:0.004108s ]
INFO: [ app_begin ] --START--
INFO: ReadHtmlCache Behavior ::run [ RunTime:0.002567s ]
INFO: [ app_begin ] --END-- [ RunTime:0.002707s ]
ERR: 无法加载模块:Shujuke

[ 2016-09-19T10:10:07+08:00 ] 127.0.0.1 /demo/index.php/Shujuke/say
INFO: [ route_check ] --START--
INFO: CheckRoute Behavior ::run [ RunTime:0.004571s ]
INFO: [ route_check ] --END-- [ RunTime:0.004750s ]
INFO: [ app_begin ] --START--
INFO: ReadHtmlCache Behavior ::run [ RunTime:0.002809s ]
INFO: [ app_begin ] --END-- [ RunTime:0.002949s ]
ERR: 无法加载模块:Shujuke

[ 2016-09-19T10:10:07+08:00 ] 127.0.0.1 /demo/index.php/Shujuke/say
INFO: [ route_check ] --START--
INFO: CheckRoute Behavior ::run [ RunTime:0.002449s ]
INFO: [ route_check ] --END-- [ RunTime:0.002570s ]
INFO: [ app_begin ] --START--
INFO: ReadHtmlCache Behavior ::run [ RunTime:0.001681s ]
INFO: [ app_begin ] --END-- [ RunTime:0.001762s ]
ERR: 无法加载模块:Shujuke

[ 2016-09-19T10:11:21+08:00 ] 127.0.0.1 /demo/index.php/Shujuke/say
INFO: [ route_check ] --START--
INFO: CheckRoute Behavior ::run [ RunTime:0.002372s ]
INFO: [ route_check ] --END-- [ RunTime:0.002471s ]
INFO: [ app_begin ] --START--
INFO: ReadHtmlCache Behavior ::run [ RunTime:0.001768s ]
INFO: [ app_begin ] --END-- [ RunTime:0.001868s ]
ERR: 无法加载模块:Shujuke

[ 2016-09-19T10:11:34+08:00 ] 127.0.0.1 /demo/index.php/Shujuku/say
INFO: [ route_check ] --START--
INFO: CheckRoute Behavior ::run [ RunTime:0.003418s ]
INFO: [ route_check ] --END-- [ RunTime:0.003559s ]
INFO: [ app_begin ] --START--
INFO: ReadHtmlCache Behavior ::run [ RunTime:0.002852s ]
INFO: [ app_begin ] --END-- [ RunTime:0.002978s ]

[ 2016-09-19T10:24:48+08:00 ] 127.0.0.1 /demo/index.php/Shujuku/add
INFO: [ route_check ] --START--
INFO: CheckRoute Behavior ::run [ RunTime:0.002096s ]
INFO: [ route_check ] --END-- [ RunTime:0.002194s ]
INFO: [ app_begin ] --START--
INFO: ReadHtmlCache Behavior ::run [ RunTime:0.001796s ]
INFO: [ app_begin ] --END-- [ RunTime:0.001874s ]
SQL: SHOW COLUMNS FROM `user` [ RunTime:0.003208s ]
SQL: INSERT INTO `user` (`nickname`,`password`,`job`) VALUES ('第一次添加数据','202cb962ac59075b964b07152d234b70','码农') [ RunTime:0.000873s ]

[ 2016-09-19T10:25:42+08:00 ] 127.0.0.1 /demo/index.php/Shujuku/add
INFO: [ route_check ] --START--
INFO: CheckRoute Behavior ::run [ RunTime:0.002168s ]
INFO: [ route_check ] --END-- [ RunTime:0.002262s ]
INFO: [ app_begin ] --START--
INFO: ReadHtmlCache Behavior ::run [ RunTime:0.001503s ]
INFO: [ app_begin ] --END-- [ RunTime:0.001587s ]
SQL: SHOW COLUMNS FROM `user` [ RunTime:0.002157s ]
SQL: INSERT INTO `user` (`nickname`,`password`,`job`) VALUES ('第一次添加数据','202cb962ac59075b964b07152d234b70','码农') [ RunTime:0.000610s ]

[ 2016-09-19T10:41:19+08:00 ] 127.0.0.1 /demo/index.php/Shujuku/add
INFO: [ route_check ] --START--
INFO: CheckRoute Behavior ::run [ RunTime:0.002440s ]
INFO: [ route_check ] --END-- [ RunTime:0.002544s ]
INFO: [ app_begin ] --START--
INFO: ReadHtmlCache Behavior ::run [ RunTime:0.001713s ]
INFO: [ app_begin ] --END-- [ RunTime:0.001794s ]
SQL: SHOW COLUMNS FROM `user` [ RunTime:0.003217s ]
SQL: INSERT INTO `user` (`nickname`,`password`,`job`) VALUES ('第一次添加数据','202cb962ac59075b964b07152d234b70','码农') [ RunTime:0.000693s ]

[ 2016-09-19T10:41:24+08:00 ] 127.0.0.1 /demo/index.php/Shujuku/mod
INFO: [ route_check ] --START--
INFO: CheckRoute Behavior ::run [ RunTime:0.002025s ]
INFO: [ route_check ] --END-- [ RunTime:0.002124s ]
INFO: [ app_begin ] --START--
INFO: ReadHtmlCache Behavior ::run [ RunTime:0.002227s ]
INFO: [ app_begin ] --END-- [ RunTime:0.002310s ]
SQL: SHOW COLUMNS FROM `user` [ RunTime:0.002416s ]
SQL: UPDATE `user` SET `nickname`='第一次修改数据',`job`='初级码农' WHERE ( `id`='3' ) [ RunTime:0.000648s ]

[ 2016-09-19T10:42:05+08:00 ] 127.0.0.1 /demo/index.php/Shujuku/mod
INFO: [ route_check ] --START--
INFO: CheckRoute Behavior ::run [ RunTime:0.001905s ]
INFO: [ route_check ] --END-- [ RunTime:0.001994s ]
INFO: [ app_begin ] --START--
INFO: ReadHtmlCache Behavior ::run [ RunTime:0.001671s ]
INFO: [ app_begin ] --END-- [ RunTime:0.001742s ]
SQL: SHOW COLUMNS FROM `user` [ RunTime:0.002830s ]
SQL: UPDATE `user` SET `nickname`='第一次修改数据',`job`='初级码农' WHERE ( `id`='3' ) [ RunTime:0.000607s ]

[ 2016-09-19T10:42:49+08:00 ] 127.0.0.1 /demo/index.php/Shujuku/mod
INFO: [ route_check ] --START--
INFO: CheckRoute Behavior ::run [ RunTime:0.002031s ]
INFO: [ route_check ] --END-- [ RunTime:0.002126s ]
INFO: [ app_begin ] --START--
INFO: ReadHtmlCache Behavior ::run [ RunTime:0.001739s ]
INFO: [ app_begin ] --END-- [ RunTime:0.001831s ]
SQL: SHOW COLUMNS FROM `user` [ RunTime:0.004089s ]
SQL: UPDATE `user` SET `nickname`='第二次修改数据',`job`='初级码农' WHERE ( `id`='3' ) [ RunTime:0.000646s ]

[ 2016-09-19T10:44:21+08:00 ] 127.0.0.1 /demo/index.php/Shujuku/mod
INFO: [ route_check ] --START--
INFO: CheckRoute Behavior ::run [ RunTime:0.002051s ]
INFO: [ route_check ] --END-- [ RunTime:0.002140s ]
INFO: [ app_begin ] --START--
INFO: ReadHtmlCache Behavior ::run [ RunTime:0.001797s ]
INFO: [ app_begin ] --END-- [ RunTime:0.001873s ]
SQL: SHOW COLUMNS FROM `user` [ RunTime:0.002637s ]
SQL: UPDATE `user` SET `nickname`='第二次修改数据',`job`='初级码农' WHERE ( `id`='3' ) [ RunTime:0.000553s ]

[ 2016-09-19T10:50:55+08:00 ] 127.0.0.1 /demo/index.php/Shujuku/delete
INFO: [ route_check ] --START--
INFO: CheckRoute Behavior ::run [ RunTime:0.002012s ]
INFO: [ route_check ] --END-- [ RunTime:0.002106s ]
INFO: [ app_begin ] --START--
INFO: ReadHtmlCache Behavior ::run [ RunTime:0.001868s ]
INFO: [ app_begin ] --END-- [ RunTime:0.001967s ]
SQL: SHOW COLUMNS FROM `user` [ RunTime:0.003074s ]
SQL: DELETE FROM `user` WHERE ( `id`='1' ) [ RunTime:0.000811s ]

[ 2016-09-19T10:51:31+08:00 ] 127.0.0.1 /demo/index.php/Shujuku/delete
INFO: [ route_check ] --START--
INFO: CheckRoute Behavior ::run [ RunTime:0.003512s ]
INFO: [ route_check ] --END-- [ RunTime:0.003652s ]
INFO: [ app_begin ] --START--
INFO: ReadHtmlCache Behavior ::run [ RunTime:0.002664s ]
INFO: [ app_begin ] --END-- [ RunTime:0.002805s ]
SQL: SHOW COLUMNS FROM `user` [ RunTime:0.002315s ]
SQL: DELETE FROM `user` WHERE ( `id`='1' ) [ RunTime:0.000716s ]

[ 2016-09-19T11:06:23+08:00 ] 127.0.0.1 /demo/index.php/Shujuku/select
INFO: [ route_check ] --START--
INFO: CheckRoute Behavior ::run [ RunTime:0.002322s ]
INFO: [ route_check ] --END-- [ RunTime:0.002435s ]
INFO: [ app_begin ] --START--
INFO: ReadHtmlCache Behavior ::run [ RunTime:0.001923s ]
INFO: [ app_begin ] --END-- [ RunTime:0.002047s ]
SQL: SHOW COLUMNS FROM `user` [ RunTime:0.002127s ]
SQL: SELECT * FROM `user` WHERE ( `id`='1' ) LIMIT 1   [ RunTime:0.000508s ]

[ 2016-09-19T11:06:48+08:00 ] 127.0.0.1 /demo/index.php/Shujuku/select
INFO: [ route_check ] --START--
INFO: CheckRoute Behavior ::run [ RunTime:0.001939s ]
INFO: [ route_check ] --END-- [ RunTime:0.002022s ]
INFO: [ app_begin ] --START--
INFO: ReadHtmlCache Behavior ::run [ RunTime:0.002369s ]
INFO: [ app_begin ] --END-- [ RunTime:0.002455s ]
SQL: SHOW COLUMNS FROM `user` [ RunTime:0.002264s ]
SQL: SELECT * FROM `user` WHERE ( `id`='2' ) LIMIT 1   [ RunTime:0.000502s ]

[ 2016-09-19T11:11:54+08:00 ] 127.0.0.1 /demo/index.php/Shujuku/select
INFO: [ route_check ] --START--
INFO: CheckRoute Behavior ::run [ RunTime:0.002002s ]
INFO: [ route_check ] --END-- [ RunTime:0.002098s ]
INFO: [ app_begin ] --START--
INFO: ReadHtmlCache Behavior ::run [ RunTime:0.001681s ]
INFO: [ app_begin ] --END-- [ RunTime:0.001749s ]
SQL: SHOW COLUMNS FROM `user` [ RunTime:0.002501s ]
SQL: SELECT * FROM `user`  [ RunTime:0.000679s ]

[ 2016-09-19T11:22:11+08:00 ] 127.0.0.1 /demo/index.php/Shujuku/add
INFO: [ route_check ] --START--
INFO: CheckRoute Behavior ::run [ RunTime:0.002032s ]
INFO: [ route_check ] --END-- [ RunTime:0.002132s ]
INFO: [ app_begin ] --START--
INFO: ReadHtmlCache Behavior ::run [ RunTime:0.001830s ]
INFO: [ app_begin ] --END-- [ RunTime:0.001907s ]
SQL: SHOW COLUMNS FROM `user` [ RunTime:0.002273s ]
SQL: INSERT INTO `user` (`nickname`,`password`,`job`) VALUES ('第一次添加数据','202cb962ac59075b964b07152d234b70','码农') [ RunTime:0.000773s ]

[ 2016-09-19T11:22:13+08:00 ] 127.0.0.1 /demo/index.php/Shujuku/add
INFO: [ route_check ] --START--
INFO: CheckRoute Behavior ::run [ RunTime:0.002392s ]
INFO: [ route_check ] --END-- [ RunTime:0.002493s ]
INFO: [ app_begin ] --START--
INFO: ReadHtmlCache Behavior ::run [ RunTime:0.001843s ]
INFO: [ app_begin ] --END-- [ RunTime:0.001951s ]
SQL: SHOW COLUMNS FROM `user` [ RunTime:0.002179s ]
SQL: INSERT INTO `user` (`nickname`,`password`,`job`) VALUES ('第一次添加数据','202cb962ac59075b964b07152d234b70','码农') [ RunTime:0.000793s ]

[ 2016-09-19T11:22:13+08:00 ] 127.0.0.1 /demo/index.php/Shujuku/add
INFO: [ route_check ] --START--
INFO: CheckRoute Behavior ::run [ RunTime:0.002824s ]
INFO: [ route_check ] --END-- [ RunTime:0.002957s ]
INFO: [ app_begin ] --START--
INFO: ReadHtmlCache Behavior ::run [ RunTime:0.001908s ]
INFO: [ app_begin ] --END-- [ RunTime:0.002007s ]
SQL: SHOW COLUMNS FROM `user` [ RunTime:0.002303s ]
SQL: INSERT INTO `user` (`nickname`,`password`,`job`) VALUES ('第一次添加数据','202cb962ac59075b964b07152d234b70','码农') [ RunTime:0.000693s ]

[ 2016-09-19T11:22:13+08:00 ] 127.0.0.1 /demo/index.php/Shujuku/add
INFO: [ route_check ] --START--
INFO: CheckRoute Behavior ::run [ RunTime:0.002269s ]
INFO: [ route_check ] --END-- [ RunTime:0.002375s ]
INFO: [ app_begin ] --START--
INFO: ReadHtmlCache Behavior ::run [ RunTime:0.001774s ]
INFO: [ app_begin ] --END-- [ RunTime:0.001858s ]
SQL: SHOW COLUMNS FROM `user` [ RunTime:0.002157s ]
SQL: INSERT INTO `user` (`nickname`,`password`,`job`) VALUES ('第一次添加数据','202cb962ac59075b964b07152d234b70','码农') [ RunTime:0.000679s ]

[ 2016-09-19T11:22:14+08:00 ] 127.0.0.1 /demo/index.php/Shujuku/add
INFO: [ route_check ] --START--
INFO: CheckRoute Behavior ::run [ RunTime:0.002961s ]
INFO: [ route_check ] --END-- [ RunTime:0.003090s ]
INFO: [ app_begin ] --START--
INFO: ReadHtmlCache Behavior ::run [ RunTime:0.002105s ]
INFO: [ app_begin ] --END-- [ RunTime:0.002225s ]
SQL: SHOW COLUMNS FROM `user` [ RunTime:0.002161s ]
SQL: INSERT INTO `user` (`nickname`,`password`,`job`) VALUES ('第一次添加数据','202cb962ac59075b964b07152d234b70','码农') [ RunTime:0.000632s ]

[ 2016-09-19T11:22:14+08:00 ] 127.0.0.1 /demo/index.php/Shujuku/add
INFO: [ route_check ] --START--
INFO: CheckRoute Behavior ::run [ RunTime:0.001987s ]
INFO: [ route_check ] --END-- [ RunTime:0.002076s ]
INFO: [ app_begin ] --START--
INFO: ReadHtmlCache Behavior ::run [ RunTime:0.002686s ]
INFO: [ app_begin ] --END-- [ RunTime:0.002812s ]
SQL: SHOW COLUMNS FROM `user` [ RunTime:0.002235s ]
SQL: INSERT INTO `user` (`nickname`,`password`,`job`) VALUES ('第一次添加数据','202cb962ac59075b964b07152d234b70','码农') [ RunTime:0.001481s ]

[ 2016-09-19T11:22:14+08:00 ] 127.0.0.1 /demo/index.php/Shujuku/add
INFO: [ route_check ] --START--
INFO: CheckRoute Behavior ::run [ RunTime:0.002057s ]
INFO: [ route_check ] --END-- [ RunTime:0.002152s ]
INFO: [ app_begin ] --START--
INFO: ReadHtmlCache Behavior ::run [ RunTime:0.001765s ]
INFO: [ app_begin ] --END-- [ RunTime:0.001853s ]
SQL: SHOW COLUMNS FROM `user` [ RunTime:0.002370s ]
SQL: INSERT INTO `user` (`nickname`,`password`,`job`) VALUES ('第一次添加数据','202cb962ac59075b964b07152d234b70','码农') [ RunTime:0.000620s ]

[ 2016-09-19T11:22:15+08:00 ] 127.0.0.1 /demo/index.php/Shujuku/add
INFO: [ route_check ] --START--
INFO: CheckRoute Behavior ::run [ RunTime:0.002057s ]
INFO: [ route_check ] --END-- [ RunTime:0.002150s ]
INFO: [ app_begin ] --START--
INFO: ReadHtmlCache Behavior ::run [ RunTime:0.001731s ]
INFO: [ app_begin ] --END-- [ RunTime:0.001798s ]
SQL: SHOW COLUMNS FROM `user` [ RunTime:0.002298s ]
SQL: INSERT INTO `user` (`nickname`,`password`,`job`) VALUES ('第一次添加数据','202cb962ac59075b964b07152d234b70','码农') [ RunTime:0.000651s ]

[ 2016-09-19T11:22:15+08:00 ] 127.0.0.1 /demo/index.php/Shujuku/add
INFO: [ route_check ] --START--
INFO: CheckRoute Behavior ::run [ RunTime:0.002095s ]
INFO: [ route_check ] --END-- [ RunTime:0.002212s ]
INFO: [ app_begin ] --START--
INFO: ReadHtmlCache Behavior ::run [ RunTime:0.001919s ]
INFO: [ app_begin ] --END-- [ RunTime:0.002000s ]
SQL: SHOW COLUMNS FROM `user` [ RunTime:0.002158s ]
SQL: INSERT INTO `user` (`nickname`,`password`,`job`) VALUES ('第一次添加数据','202cb962ac59075b964b07152d234b70','码农') [ RunTime:0.000704s ]

[ 2016-09-19T11:22:15+08:00 ] 127.0.0.1 /demo/index.php/Shujuku/add
INFO: [ route_check ] --START--
INFO: CheckRoute Behavior ::run [ RunTime:0.003137s ]
INFO: [ route_check ] --END-- [ RunTime:0.003271s ]
INFO: [ app_begin ] --START--
INFO: ReadHtmlCache Behavior ::run [ RunTime:0.002707s ]
INFO: [ app_begin ] --END-- [ RunTime:0.002815s ]
SQL: SHOW COLUMNS FROM `user` [ RunTime:0.002646s ]
SQL: INSERT INTO `user` (`nickname`,`password`,`job`) VALUES ('第一次添加数据','202cb962ac59075b964b07152d234b70','码农') [ RunTime:0.000953s ]

[ 2016-09-19T11:23:36+08:00 ] 127.0.0.1 /demo/index.php/Shujuku/select
INFO: [ route_check ] --START--
INFO: CheckRoute Behavior ::run [ RunTime:0.002021s ]
INFO: [ route_check ] --END-- [ RunTime:0.002127s ]
INFO: [ app_begin ] --START--
INFO: ReadHtmlCache Behavior ::run [ RunTime:0.001723s ]
INFO: [ app_begin ] --END-- [ RunTime:0.001824s ]

[ 2016-09-19T11:23:37+08:00 ] 127.0.0.1 /demo/index.php/Shujuku/select
INFO: [ route_check ] --START--
INFO: CheckRoute Behavior ::run [ RunTime:0.002551s ]
INFO: [ route_check ] --END-- [ RunTime:0.002649s ]
INFO: [ app_begin ] --START--
INFO: ReadHtmlCache Behavior ::run [ RunTime:0.001984s ]
INFO: [ app_begin ] --END-- [ RunTime:0.002066s ]

[ 2016-09-19T11:23:58+08:00 ] 127.0.0.1 /demo/index.php/Shujuku/select
INFO: [ route_check ] --START--
INFO: CheckRoute Behavior ::run [ RunTime:0.002029s ]
INFO: [ route_check ] --END-- [ RunTime:0.002124s ]
INFO: [ app_begin ] --START--
INFO: ReadHtmlCache Behavior ::run [ RunTime:0.001745s ]
INFO: [ app_begin ] --END-- [ RunTime:0.001816s ]

[ 2016-09-19T11:23:59+08:00 ] 127.0.0.1 /demo/index.php/Shujuku/select
INFO: [ route_check ] --START--
INFO: CheckRoute Behavior ::run [ RunTime:0.001907s ]
INFO: [ route_check ] --END-- [ RunTime:0.001995s ]
INFO: [ app_begin ] --START--
INFO: ReadHtmlCache Behavior ::run [ RunTime:0.001760s ]
INFO: [ app_begin ] --END-- [ RunTime:0.001837s ]

[ 2016-09-19T11:24:02+08:00 ] 127.0.0.1 /demo/index.php/Shujuku/select
INFO: [ route_check ] --START--
INFO: CheckRoute Behavior ::run [ RunTime:0.002635s ]
INFO: [ route_check ] --END-- [ RunTime:0.002744s ]
INFO: [ app_begin ] --START--
INFO: ReadHtmlCache Behavior ::run [ RunTime:0.001732s ]
INFO: [ app_begin ] --END-- [ RunTime:0.001807s ]

[ 2016-09-19T11:24:29+08:00 ] 127.0.0.1 /demo/index.php/Shujuku/select
INFO: [ route_check ] --START--
INFO: CheckRoute Behavior ::run [ RunTime:0.002121s ]
INFO: [ route_check ] --END-- [ RunTime:0.002222s ]
INFO: [ app_begin ] --START--
INFO: ReadHtmlCache Behavior ::run [ RunTime:0.001638s ]
INFO: [ app_begin ] --END-- [ RunTime:0.001709s ]

[ 2016-09-19T11:24:35+08:00 ] 127.0.0.1 /demo/index.php/Shujuku/select
INFO: [ route_check ] --START--
INFO: CheckRoute Behavior ::run [ RunTime:0.001935s ]
INFO: [ route_check ] --END-- [ RunTime:0.002023s ]
INFO: [ app_begin ] --START--
INFO: ReadHtmlCache Behavior ::run [ RunTime:0.001786s ]
INFO: [ app_begin ] --END-- [ RunTime:0.001869s ]

[ 2016-09-19T11:25:00+08:00 ] 127.0.0.1 /demo/index.php/Shujuku/select
INFO: [ route_check ] --START--
INFO: CheckRoute Behavior ::run [ RunTime:0.002973s ]
INFO: [ route_check ] --END-- [ RunTime:0.003117s ]
INFO: [ app_begin ] --START--
INFO: ReadHtmlCache Behavior ::run [ RunTime:0.003107s ]
INFO: [ app_begin ] --END-- [ RunTime:0.003340s ]

[ 2016-09-19T11:25:00+08:00 ] 127.0.0.1 /demo/index.php/Shujuku/select
INFO: [ route_check ] --START--
INFO: CheckRoute Behavior ::run [ RunTime:0.002157s ]
INFO: [ route_check ] --END-- [ RunTime:0.002284s ]
INFO: [ app_begin ] --START--
INFO: ReadHtmlCache Behavior ::run [ RunTime:0.002507s ]
INFO: [ app_begin ] --END-- [ RunTime:0.002652s ]

[ 2016-09-19T11:25:00+08:00 ] 127.0.0.1 /demo/index.php/Shujuku/select
INFO: [ route_check ] --START--
INFO: CheckRoute Behavior ::run [ RunTime:0.002015s ]
INFO: [ route_check ] --END-- [ RunTime:0.002127s ]
INFO: [ app_begin ] --START--
INFO: ReadHtmlCache Behavior ::run [ RunTime:0.001704s ]
INFO: [ app_begin ] --END-- [ RunTime:0.001786s ]

[ 2016-09-19T11:25:12+08:00 ] 127.0.0.1 /demo/index.php/Shujuku/select
INFO: [ route_check ] --START--
INFO: CheckRoute Behavior ::run [ RunTime:0.001946s ]
INFO: [ route_check ] --END-- [ RunTime:0.002035s ]
INFO: [ app_begin ] --START--
INFO: ReadHtmlCache Behavior ::run [ RunTime:0.001655s ]
INFO: [ app_begin ] --END-- [ RunTime:0.001724s ]
SQL: SHOW COLUMNS FROM `user` [ RunTime:0.002413s ]
SQL: SELECT * FROM `user` WHERE ( `nickname`='第一次添加数据' )  [ RunTime:0.000607s ]

[ 2016-09-19T11:33:39+08:00 ] 127.0.0.1 /demo/index.php/Shujuku/select
INFO: [ route_check ] --START--
INFO: CheckRoute Behavior ::run [ RunTime:0.002043s ]
INFO: [ route_check ] --END-- [ RunTime:0.002134s ]
INFO: [ app_begin ] --START--
INFO: ReadHtmlCache Behavior ::run [ RunTime:0.001949s ]
INFO: [ app_begin ] --END-- [ RunTime:0.002034s ]
SQL: SHOW COLUMNS FROM `user` [ RunTime:0.002543s ]
SQL: SELECT * FROM `user` WHERE ( `nickname`='第一次添加数据' )  [ RunTime:0.000847s ]

[ 2016-09-19T11:33:41+08:00 ] 127.0.0.1 /demo/index.php/Shujuku/select
INFO: [ route_check ] --START--
INFO: CheckRoute Behavior ::run [ RunTime:0.002169s ]
INFO: [ route_check ] --END-- [ RunTime:0.002280s ]
INFO: [ app_begin ] --START--
INFO: ReadHtmlCache Behavior ::run [ RunTime:0.002266s ]
INFO: [ app_begin ] --END-- [ RunTime:0.002346s ]
SQL: SHOW COLUMNS FROM `user` [ RunTime:0.002116s ]
SQL: SELECT * FROM `user` WHERE ( `nickname`='第一次添加数据' )  [ RunTime:0.000812s ]

[ 2016-09-19T11:33:45+08:00 ] 127.0.0.1 /demo/index.php/Shujuku/select
INFO: [ route_check ] --START--
INFO: CheckRoute Behavior ::run [ RunTime:0.002098s ]
INFO: [ route_check ] --END-- [ RunTime:0.002210s ]
INFO: [ app_begin ] --START--
INFO: ReadHtmlCache Behavior ::run [ RunTime:0.002392s ]
INFO: [ app_begin ] --END-- [ RunTime:0.002492s ]

[ 2016-09-19T11:38:29+08:00 ] 127.0.0.1 /demo/index.php/Shujuku/select
INFO: [ route_check ] --START--
INFO: CheckRoute Behavior ::run [ RunTime:0.002290s ]
INFO: [ route_check ] --END-- [ RunTime:0.002402s ]
INFO: [ app_begin ] --START--
INFO: ReadHtmlCache Behavior ::run [ RunTime:0.001809s ]
INFO: [ app_begin ] --END-- [ RunTime:0.001899s ]

[ 2016-09-19T11:38:30+08:00 ] 127.0.0.1 /demo/index.php/Shujuku/select
INFO: [ route_check ] --START--
INFO: CheckRoute Behavior ::run [ RunTime:0.002058s ]
INFO: [ route_check ] --END-- [ RunTime:0.002146s ]
INFO: [ app_begin ] --START--
INFO: ReadHtmlCache Behavior ::run [ RunTime:0.002085s ]
INFO: [ app_begin ] --END-- [ RunTime:0.002200s ]

[ 2016-09-19T11:38:34+08:00 ] 127.0.0.1 /demo/index.php/Shujuku/select
INFO: [ route_check ] --START--
INFO: CheckRoute Behavior ::run [ RunTime:0.002065s ]
INFO: [ route_check ] --END-- [ RunTime:0.002150s ]
INFO: [ app_begin ] --START--
INFO: ReadHtmlCache Behavior ::run [ RunTime:0.002169s ]
INFO: [ app_begin ] --END-- [ RunTime:0.002246s ]
SQL: SHOW COLUMNS FROM `user` [ RunTime:0.002270s ]
SQL: SELECT * FROM `user` ORDER BY id desc  [ RunTime:0.000930s ]

[ 2016-09-19T13:36:13+08:00 ] 127.0.0.1 /demo/index.php/Shujuku/select
INFO: [ route_check ] --START--
INFO: CheckRoute Behavior ::run [ RunTime:0.002473s ]
INFO: [ route_check ] --END-- [ RunTime:0.002696s ]
INFO: [ app_begin ] --START--
INFO: ReadHtmlCache Behavior ::run [ RunTime:0.001732s ]
INFO: [ app_begin ] --END-- [ RunTime:0.001808s ]

[ 2016-09-19T13:36:34+08:00 ] 127.0.0.1 /demo/index.php/Shujuku/select
INFO: [ route_check ] --START--
INFO: CheckRoute Behavior ::run [ RunTime:0.001916s ]
INFO: [ route_check ] --END-- [ RunTime:0.002001s ]
INFO: [ app_begin ] --START--
INFO: ReadHtmlCache Behavior ::run [ RunTime:0.001837s ]
INFO: [ app_begin ] --END-- [ RunTime:0.001913s ]
SQL: SHOW COLUMNS FROM `user` [ RunTime:0.002785s ]
ERR: Model:limt您所请求的方法不存在！

[ 2016-09-19T13:37:11+08:00 ] 127.0.0.1 /demo/index.php/Shujuku/select
INFO: [ route_check ] --START--
INFO: CheckRoute Behavior ::run [ RunTime:0.001994s ]
INFO: [ route_check ] --END-- [ RunTime:0.002083s ]
INFO: [ app_begin ] --START--
INFO: ReadHtmlCache Behavior ::run [ RunTime:0.002288s ]
INFO: [ app_begin ] --END-- [ RunTime:0.002370s ]
SQL: SHOW COLUMNS FROM `user` [ RunTime:0.002577s ]
SQL: SELECT * FROM `user` LIMIT 5,2   [ RunTime:0.000802s ]

[ 2016-09-19T13:49:19+08:00 ] 127.0.0.1 /demo/
INFO: [ app_begin ] --START--
INFO: ReadHtmlCache Behavior ::run [ RunTime:0.001849s ]
INFO: [ app_begin ] --END-- [ RunTime:0.001987s ]

[ 2016-09-19T13:49:24+08:00 ] 127.0.0.1 /demo/index.php/Shujuku/add
INFO: [ route_check ] --START--
INFO: CheckRoute Behavior ::run [ RunTime:0.003342s ]
INFO: [ route_check ] --END-- [ RunTime:0.003480s ]
INFO: [ app_begin ] --START--
INFO: ReadHtmlCache Behavior ::run [ RunTime:0.002866s ]
INFO: [ app_begin ] --END-- [ RunTime:0.002981s ]
SQL: SHOW COLUMNS FROM `user` [ RunTime:0.002121s ]
SQL: INSERT INTO `user` (`nickname`,`password`,`job`) VALUES ('第一次添加数据','202cb962ac59075b964b07152d234b70','码农') [ RunTime:0.000780s ]

