[ 2016-11-20T10:22:50+08:00 ] 192.168.0.104 /demo/index.php/App/login?phone_data=13576967557&password_data=666
INFO: [ route_check ] --START--
INFO: CheckRoute Behavior ::run [ RunTime:0.002714s ]
INFO: [ route_check ] --END-- [ RunTime:0.002900s ]
INFO: [ app_begin ] --START--
INFO: ReadHtmlCache Behavior ::run [ RunTime:0.002748s ]
INFO: [ app_begin ] --END-- [ RunTime:0.003085s ]
SQL: SHOW COLUMNS FROM `user` [ RunTime:0.024334s ]
SQL: SELECT * FROM `user` WHERE ( `phone`='13576967557' ) LIMIT 1   [ RunTime:0.001474s ]

[ 2016-11-20T10:22:50+08:00 ] 192.168.0.104 /demo/index.php/App/get_user_info?phone=13576967557
INFO: [ route_check ] --START--
INFO: CheckRoute Behavior ::run [ RunTime:0.001297s ]
INFO: [ route_check ] --END-- [ RunTime:0.001461s ]
INFO: [ app_begin ] --START--
INFO: ReadHtmlCache Behavior ::run [ RunTime:0.001132s ]
INFO: [ app_begin ] --END-- [ RunTime:0.001321s ]
SQL: SHOW COLUMNS FROM `user` [ RunTime:0.003116s ]
SQL: SELECT * FROM `user` WHERE ( `phone`='13576967557' ) LIMIT 1   [ RunTime:0.001072s ]

[ 2016-11-20T10:23:30+08:00 ] 192.168.0.104 /demo/index.php/App/get_address?phone=13576967557
INFO: [ route_check ] --START--
INFO: CheckRoute Behavior ::run [ RunTime:0.001838s ]
INFO: [ route_check ] --END-- [ RunTime:0.001955s ]
INFO: [ app_begin ] --START--
INFO: ReadHtmlCache Behavior ::run [ RunTime:0.001457s ]
INFO: [ app_begin ] --END-- [ RunTime:0.001566s ]
SQL: SHOW COLUMNS FROM `address` [ RunTime:0.649979s ]
SQL: SELECT * FROM `address` WHERE ( `login_phone`='13576967557' ) ORDER BY id desc  [ RunTime:0.000748s ]

[ 2016-11-20T10:24:11+08:00 ] 192.168.0.104 /demo/index.php/App/get_address?phone=13576967557
INFO: [ route_check ] --START--
INFO: CheckRoute Behavior ::run [ RunTime:0.001112s ]
INFO: [ route_check ] --END-- [ RunTime:0.001245s ]
INFO: [ app_begin ] --START--
INFO: ReadHtmlCache Behavior ::run [ RunTime:0.000587s ]
INFO: [ app_begin ] --END-- [ RunTime:0.000649s ]
SQL: SHOW COLUMNS FROM `address` [ RunTime:0.002300s ]
SQL: SELECT * FROM `address` WHERE ( `login_phone`='13576967557' ) ORDER BY id desc  [ RunTime:0.000756s ]

[ 2016-11-20T10:26:07+08:00 ] 192.168.0.104 /demo/index.php/App/get_address?phone=13576967557
INFO: [ route_check ] --START--
INFO: CheckRoute Behavior ::run [ RunTime:0.002703s ]
INFO: [ route_check ] --END-- [ RunTime:0.002859s ]
INFO: [ app_begin ] --START--
INFO: ReadHtmlCache Behavior ::run [ RunTime:0.001886s ]
INFO: [ app_begin ] --END-- [ RunTime:0.002028s ]
SQL: SHOW COLUMNS FROM `address` [ RunTime:0.002157s ]
SQL: SELECT * FROM `address` WHERE ( `login_phone`='13576967557' ) ORDER BY id desc  [ RunTime:0.001326s ]

[ 2016-11-20T10:26:13+08:00 ] 192.168.0.104 /demo/index.php/App/get_address?phone=13576967557
INFO: [ route_check ] --START--
INFO: CheckRoute Behavior ::run [ RunTime:0.000859s ]
INFO: [ route_check ] --END-- [ RunTime:0.000971s ]
INFO: [ app_begin ] --START--
INFO: ReadHtmlCache Behavior ::run [ RunTime:0.000564s ]
INFO: [ app_begin ] --END-- [ RunTime:0.000627s ]
SQL: SHOW COLUMNS FROM `address` [ RunTime:0.003390s ]
SQL: SELECT * FROM `address` WHERE ( `login_phone`='13576967557' ) ORDER BY id desc  [ RunTime:0.001073s ]

[ 2016-11-20T10:27:10+08:00 ] 192.168.0.104 /demo/index.php/App/get_address?phone=
INFO: [ route_check ] --START--
INFO: CheckRoute Behavior ::run [ RunTime:0.001495s ]
INFO: [ route_check ] --END-- [ RunTime:0.001652s ]
INFO: [ app_begin ] --START--
INFO: ReadHtmlCache Behavior ::run [ RunTime:0.001022s ]
INFO: [ app_begin ] --END-- [ RunTime:0.001150s ]
SQL: SHOW COLUMNS FROM `address` [ RunTime:0.002490s ]
SQL: SELECT * FROM `address` WHERE ( `login_phone`='' ) ORDER BY id desc  [ RunTime:0.000802s ]

[ 2016-11-20T10:27:21+08:00 ] 192.168.0.104 /demo/index.php/App/get_address?phone=
INFO: [ route_check ] --START--
INFO: CheckRoute Behavior ::run [ RunTime:0.000861s ]
INFO: [ route_check ] --END-- [ RunTime:0.000972s ]
INFO: [ app_begin ] --START--
INFO: ReadHtmlCache Behavior ::run [ RunTime:0.000623s ]
INFO: [ app_begin ] --END-- [ RunTime:0.000701s ]
SQL: SHOW COLUMNS FROM `address` [ RunTime:0.002943s ]
SQL: SELECT * FROM `address` WHERE ( `login_phone`='' ) ORDER BY id desc  [ RunTime:0.001804s ]

[ 2016-11-20T10:27:21+08:00 ] 192.168.0.104 /demo/index.php/App/get_address?phone=13576967557
INFO: [ route_check ] --START--
INFO: CheckRoute Behavior ::run [ RunTime:0.001647s ]
INFO: [ route_check ] --END-- [ RunTime:0.001753s ]
INFO: [ app_begin ] --START--
INFO: ReadHtmlCache Behavior ::run [ RunTime:0.002173s ]
INFO: [ app_begin ] --END-- [ RunTime:0.002294s ]
SQL: SHOW COLUMNS FROM `address` [ RunTime:0.001927s ]
SQL: SELECT * FROM `address` WHERE ( `login_phone`='13576967557' ) ORDER BY id desc  [ RunTime:0.000625s ]

[ 2016-11-20T10:28:03+08:00 ] 192.168.0.104 /demo/index.php/App/get_address?phone=
INFO: [ route_check ] --START--
INFO: CheckRoute Behavior ::run [ RunTime:0.001135s ]
INFO: [ route_check ] --END-- [ RunTime:0.001266s ]
INFO: [ app_begin ] --START--
INFO: ReadHtmlCache Behavior ::run [ RunTime:0.001302s ]
INFO: [ app_begin ] --END-- [ RunTime:0.001470s ]
SQL: SHOW COLUMNS FROM `address` [ RunTime:0.003046s ]
SQL: SELECT * FROM `address` WHERE ( `login_phone`='' ) ORDER BY id desc  [ RunTime:0.000978s ]

[ 2016-11-20T10:28:03+08:00 ] 192.168.0.104 /demo/index.php/App/get_address?phone=13576967557
INFO: [ route_check ] --START--
INFO: CheckRoute Behavior ::run [ RunTime:0.001156s ]
INFO: [ route_check ] --END-- [ RunTime:0.001333s ]
INFO: [ app_begin ] --START--
INFO: ReadHtmlCache Behavior ::run [ RunTime:0.000961s ]
INFO: [ app_begin ] --END-- [ RunTime:0.001096s ]
SQL: SHOW COLUMNS FROM `address` [ RunTime:0.002604s ]
SQL: SELECT * FROM `address` WHERE ( `login_phone`='13576967557' ) ORDER BY id desc  [ RunTime:0.001173s ]

[ 2016-11-20T10:28:13+08:00 ] 192.168.0.104 /demo/index.php/App/get_address?phone=
INFO: [ route_check ] --START--
INFO: CheckRoute Behavior ::run [ RunTime:0.005646s ]
INFO: [ route_check ] --END-- [ RunTime:0.005853s ]
INFO: [ app_begin ] --START--
INFO: ReadHtmlCache Behavior ::run [ RunTime:0.003783s ]
INFO: [ app_begin ] --END-- [ RunTime:0.003953s ]
SQL: SHOW COLUMNS FROM `address` [ RunTime:0.003180s ]
SQL: SELECT * FROM `address` WHERE ( `login_phone`='' ) ORDER BY id desc  [ RunTime:0.000804s ]

[ 2016-11-20T10:28:13+08:00 ] 192.168.0.104 /demo/index.php/App/get_address?phone=13576967557
INFO: [ route_check ] --START--
INFO: CheckRoute Behavior ::run [ RunTime:0.001207s ]
INFO: [ route_check ] --END-- [ RunTime:0.001351s ]
INFO: [ app_begin ] --START--
INFO: ReadHtmlCache Behavior ::run [ RunTime:0.000729s ]
INFO: [ app_begin ] --END-- [ RunTime:0.000839s ]
SQL: SHOW COLUMNS FROM `address` [ RunTime:0.003511s ]
SQL: SELECT * FROM `address` WHERE ( `login_phone`='13576967557' ) ORDER BY id desc  [ RunTime:0.001110s ]

[ 2016-11-20T10:29:38+08:00 ] 192.168.0.104 /demo/index.php/App/get_address?phone=
INFO: [ route_check ] --START--
INFO: CheckRoute Behavior ::run [ RunTime:0.004908s ]
INFO: [ route_check ] --END-- [ RunTime:0.005293s ]
INFO: [ app_begin ] --START--
INFO: ReadHtmlCache Behavior ::run [ RunTime:0.002650s ]
INFO: [ app_begin ] --END-- [ RunTime:0.002821s ]
SQL: SHOW COLUMNS FROM `address` [ RunTime:0.005568s ]
SQL: SELECT * FROM `address` WHERE ( `login_phone`='' ) ORDER BY id desc  [ RunTime:0.000954s ]

[ 2016-11-20T10:29:38+08:00 ] 192.168.0.104 /demo/index.php/App/get_address?phone=13576967557
INFO: [ route_check ] --START--
INFO: CheckRoute Behavior ::run [ RunTime:0.002099s ]
INFO: [ route_check ] --END-- [ RunTime:0.002516s ]
INFO: [ app_begin ] --START--
INFO: ReadHtmlCache Behavior ::run [ RunTime:0.000695s ]
INFO: [ app_begin ] --END-- [ RunTime:0.000789s ]
SQL: SHOW COLUMNS FROM `address` [ RunTime:0.002806s ]
SQL: SELECT * FROM `address` WHERE ( `login_phone`='13576967557' ) ORDER BY id desc  [ RunTime:0.001405s ]

[ 2016-11-20T10:29:44+08:00 ] 192.168.0.104 /demo/index.php/App/get_address?phone=
INFO: [ route_check ] --START--
INFO: CheckRoute Behavior ::run [ RunTime:0.001988s ]
INFO: [ route_check ] --END-- [ RunTime:0.002184s ]
INFO: [ app_begin ] --START--
INFO: ReadHtmlCache Behavior ::run [ RunTime:0.000800s ]
INFO: [ app_begin ] --END-- [ RunTime:0.000911s ]
SQL: SHOW COLUMNS FROM `address` [ RunTime:0.002678s ]
SQL: SELECT * FROM `address` WHERE ( `login_phone`='' ) ORDER BY id desc  [ RunTime:0.000762s ]

[ 2016-11-20T10:31:00+08:00 ] 192.168.0.104 /demo/index.php/App/get_address?phone=
INFO: [ route_check ] --START--
INFO: CheckRoute Behavior ::run [ RunTime:0.000996s ]
INFO: [ route_check ] --END-- [ RunTime:0.001138s ]
INFO: [ app_begin ] --START--
INFO: ReadHtmlCache Behavior ::run [ RunTime:0.000535s ]
INFO: [ app_begin ] --END-- [ RunTime:0.000633s ]
SQL: SHOW COLUMNS FROM `address` [ RunTime:0.002345s ]
SQL: SELECT * FROM `address` WHERE ( `login_phone`='' ) ORDER BY id desc  [ RunTime:0.000781s ]

[ 2016-11-20T10:31:06+08:00 ] 192.168.0.104 /demo/index.php/App/get_address?phone=
INFO: [ route_check ] --START--
INFO: CheckRoute Behavior ::run [ RunTime:0.001900s ]
INFO: [ route_check ] --END-- [ RunTime:0.002156s ]
INFO: [ app_begin ] --START--
INFO: ReadHtmlCache Behavior ::run [ RunTime:0.001226s ]
INFO: [ app_begin ] --END-- [ RunTime:0.001345s ]
SQL: SHOW COLUMNS FROM `address` [ RunTime:0.002436s ]
SQL: SELECT * FROM `address` WHERE ( `login_phone`='' ) ORDER BY id desc  [ RunTime:0.001356s ]

[ 2016-11-20T10:31:09+08:00 ] 192.168.0.104 /demo/index.php/App/get_address?phone=13576967557
INFO: [ route_check ] --START--
INFO: CheckRoute Behavior ::run [ RunTime:0.004361s ]
INFO: [ route_check ] --END-- [ RunTime:0.004489s ]
INFO: [ app_begin ] --START--
INFO: ReadHtmlCache Behavior ::run [ RunTime:0.002403s ]
INFO: [ app_begin ] --END-- [ RunTime:0.002662s ]
SQL: SHOW COLUMNS FROM `address` [ RunTime:0.003419s ]
SQL: SELECT * FROM `address` WHERE ( `login_phone`='13576967557' ) ORDER BY id desc  [ RunTime:0.001231s ]

[ 2016-11-20T10:32:04+08:00 ] 192.168.0.104 /demo/index.php/App/get_address?phone=
INFO: [ route_check ] --START--
INFO: CheckRoute Behavior ::run [ RunTime:0.000826s ]
INFO: [ route_check ] --END-- [ RunTime:0.000918s ]
INFO: [ app_begin ] --START--
INFO: ReadHtmlCache Behavior ::run [ RunTime:0.000579s ]
INFO: [ app_begin ] --END-- [ RunTime:0.000646s ]
SQL: SHOW COLUMNS FROM `address` [ RunTime:0.003206s ]
SQL: SELECT * FROM `address` WHERE ( `login_phone`='' ) ORDER BY id desc  [ RunTime:0.000840s ]

[ 2016-11-20T10:32:04+08:00 ] 192.168.0.104 /demo/index.php/App/get_address?phone=13576967557
INFO: [ route_check ] --START--
INFO: CheckRoute Behavior ::run [ RunTime:0.002154s ]
INFO: [ route_check ] --END-- [ RunTime:0.002307s ]
INFO: [ app_begin ] --START--
INFO: ReadHtmlCache Behavior ::run [ RunTime:0.002212s ]
INFO: [ app_begin ] --END-- [ RunTime:0.002379s ]
SQL: SHOW COLUMNS FROM `address` [ RunTime:0.002609s ]
SQL: SELECT * FROM `address` WHERE ( `login_phone`='13576967557' ) ORDER BY id desc  [ RunTime:0.001044s ]

[ 2016-11-20T10:32:19+08:00 ] 192.168.0.104 /demo/index.php/App/get_address?phone=
INFO: [ route_check ] --START--
INFO: CheckRoute Behavior ::run [ RunTime:0.001431s ]
INFO: [ route_check ] --END-- [ RunTime:0.001587s ]
INFO: [ app_begin ] --START--
INFO: ReadHtmlCache Behavior ::run [ RunTime:0.000890s ]
INFO: [ app_begin ] --END-- [ RunTime:0.001009s ]
SQL: SHOW COLUMNS FROM `address` [ RunTime:0.002228s ]
SQL: SELECT * FROM `address` WHERE ( `login_phone`='' ) ORDER BY id desc  [ RunTime:0.000562s ]

[ 2016-11-20T10:32:20+08:00 ] 192.168.0.104 /demo/index.php/App/get_address?phone=13576967557
INFO: [ route_check ] --START--
INFO: CheckRoute Behavior ::run [ RunTime:0.000927s ]
INFO: [ route_check ] --END-- [ RunTime:0.001038s ]
INFO: [ app_begin ] --START--
INFO: ReadHtmlCache Behavior ::run [ RunTime:0.000612s ]
INFO: [ app_begin ] --END-- [ RunTime:0.000682s ]
SQL: SHOW COLUMNS FROM `address` [ RunTime:0.004444s ]
SQL: SELECT * FROM `address` WHERE ( `login_phone`='13576967557' ) ORDER BY id desc  [ RunTime:0.000960s ]

[ 2016-11-20T10:34:47+08:00 ] 192.168.0.104 /demo/index.php/App/get_address?phone=
INFO: [ route_check ] --START--
INFO: CheckRoute Behavior ::run [ RunTime:0.002479s ]
INFO: [ route_check ] --END-- [ RunTime:0.002660s ]
INFO: [ app_begin ] --START--
INFO: ReadHtmlCache Behavior ::run [ RunTime:0.002131s ]
INFO: [ app_begin ] --END-- [ RunTime:0.002284s ]
SQL: SHOW COLUMNS FROM `address` [ RunTime:0.003079s ]
SQL: SELECT * FROM `address` WHERE ( `login_phone`='' ) ORDER BY id desc  [ RunTime:0.001148s ]

[ 2016-11-20T10:34:47+08:00 ] 192.168.0.104 /demo/index.php/App/get_address?phone=13576967557
INFO: [ route_check ] --START--
INFO: CheckRoute Behavior ::run [ RunTime:0.001645s ]
INFO: [ route_check ] --END-- [ RunTime:0.001770s ]
INFO: [ app_begin ] --START--
INFO: ReadHtmlCache Behavior ::run [ RunTime:0.002369s ]
INFO: [ app_begin ] --END-- [ RunTime:0.002530s ]
SQL: SHOW COLUMNS FROM `address` [ RunTime:0.004191s ]
SQL: SELECT * FROM `address` WHERE ( `login_phone`='13576967557' ) ORDER BY id desc  [ RunTime:0.000750s ]

[ 2016-11-20T10:34:52+08:00 ] 192.168.0.104 /demo/index.php/App/get_address?phone=
INFO: [ route_check ] --START--
INFO: CheckRoute Behavior ::run [ RunTime:0.001145s ]
INFO: [ route_check ] --END-- [ RunTime:0.001291s ]
INFO: [ app_begin ] --START--
INFO: ReadHtmlCache Behavior ::run [ RunTime:0.001608s ]
INFO: [ app_begin ] --END-- [ RunTime:0.001893s ]
SQL: SHOW COLUMNS FROM `address` [ RunTime:0.002271s ]
SQL: SELECT * FROM `address` WHERE ( `login_phone`='' ) ORDER BY id desc  [ RunTime:0.000848s ]

[ 2016-11-20T10:34:52+08:00 ] 192.168.0.104 /demo/index.php/App/get_address?phone=13576967557
INFO: [ route_check ] --START--
INFO: CheckRoute Behavior ::run [ RunTime:0.001106s ]
INFO: [ route_check ] --END-- [ RunTime:0.001234s ]
INFO: [ app_begin ] --START--
INFO: ReadHtmlCache Behavior ::run [ RunTime:0.000771s ]
INFO: [ app_begin ] --END-- [ RunTime:0.000863s ]
SQL: SHOW COLUMNS FROM `address` [ RunTime:0.003113s ]
SQL: SELECT * FROM `address` WHERE ( `login_phone`='13576967557' ) ORDER BY id desc  [ RunTime:0.001247s ]

[ 2016-11-20T10:56:20+08:00 ] 192.168.0.104 /demo/index.php/App/get_address?phone=
INFO: [ route_check ] --START--
INFO: CheckRoute Behavior ::run [ RunTime:0.002378s ]
INFO: [ route_check ] --END-- [ RunTime:0.002507s ]
INFO: [ app_begin ] --START--
INFO: ReadHtmlCache Behavior ::run [ RunTime:0.001443s ]
INFO: [ app_begin ] --END-- [ RunTime:0.001522s ]
SQL: SHOW COLUMNS FROM `address` [ RunTime:0.002907s ]
SQL: SELECT * FROM `address` WHERE ( `login_phone`='' ) ORDER BY id desc  [ RunTime:0.000819s ]

[ 2016-11-20T11:06:39+08:00 ] 192.168.0.104 /demo/index.php/App/add_address?login_phone=13576967557&name=%E9%A9%AC%E8%89%AF1121&phone=13053582566&city=%E6%9D%AD%E5%B7%9E&address=%E5%BE%B7%E8%83%9C&post=%E9%A9%AC%E8%89%AF1121&aid=2
INFO: [ route_check ] --START--
INFO: CheckRoute Behavior ::run [ RunTime:0.005865s ]
INFO: [ route_check ] --END-- [ RunTime:0.006097s ]
INFO: [ app_begin ] --START--
INFO: ReadHtmlCache Behavior ::run [ RunTime:0.004400s ]
INFO: [ app_begin ] --END-- [ RunTime:0.004526s ]
SQL: SHOW COLUMNS FROM `address` [ RunTime:0.003424s ]
SQL: UPDATE `address` SET `login_phone`='13576967557',`name`='马良1121',`phone`='13053582566',`city`='杭州',`address`='德胜',`post`='马良1121' WHERE ( `phone`='13576967557' ) [ RunTime:0.002116s ]

[ 2016-11-20T11:08:42+08:00 ] 192.168.0.104 /demo/index.php/App/add_address?login_phone=13576967557&name=%E9%A9%AC%E8%89%AF1121&phone=13053582566&city=%E6%9D%AD%E5%B7%9E&address=%E5%BE%B7%E8%83%9C&post=%E9%A9%AC%E8%89%AF1121&aid=2
INFO: [ route_check ] --START--
INFO: CheckRoute Behavior ::run [ RunTime:0.002544s ]
INFO: [ route_check ] --END-- [ RunTime:0.002696s ]
INFO: [ app_begin ] --START--
INFO: ReadHtmlCache Behavior ::run [ RunTime:0.006915s ]
INFO: [ app_begin ] --END-- [ RunTime:0.007042s ]
SQL: SHOW COLUMNS FROM `address` [ RunTime:0.002709s ]
SQL: UPDATE `address` SET `login_phone`='13576967557',`name`='马良1121',`phone`='13053582566',`city`='杭州',`address`='德胜',`post`='马良1121' WHERE ( `id`='2' ) [ RunTime:0.001927s ]

[ 2016-11-20T11:08:42+08:00 ] 192.168.0.104 /demo/index.php/App/get_address?phone=13576967557
INFO: [ route_check ] --START--
INFO: CheckRoute Behavior ::run [ RunTime:0.002371s ]
INFO: [ route_check ] --END-- [ RunTime:0.002488s ]
INFO: [ app_begin ] --START--
INFO: ReadHtmlCache Behavior ::run [ RunTime:0.003485s ]
INFO: [ app_begin ] --END-- [ RunTime:0.003596s ]
SQL: SHOW COLUMNS FROM `address` [ RunTime:0.003260s ]
SQL: SELECT * FROM `address` WHERE ( `login_phone`='13576967557' ) ORDER BY id desc  [ RunTime:0.000486s ]

[ 2016-11-20T11:10:03+08:00 ] 192.168.0.104 /demo/index.php/App/get_address?phone=
INFO: [ route_check ] --START--
INFO: CheckRoute Behavior ::run [ RunTime:0.002507s ]
INFO: [ route_check ] --END-- [ RunTime:0.002644s ]
INFO: [ app_begin ] --START--
INFO: ReadHtmlCache Behavior ::run [ RunTime:0.003535s ]
INFO: [ app_begin ] --END-- [ RunTime:0.003667s ]
SQL: SHOW COLUMNS FROM `address` [ RunTime:0.002258s ]
SQL: SELECT * FROM `address` WHERE ( `login_phone`='' ) ORDER BY id desc  [ RunTime:0.000894s ]

[ 2016-11-20T11:10:29+08:00 ] 192.168.0.104 /demo/index.php/App/get_address?phone=
INFO: [ route_check ] --START--
INFO: CheckRoute Behavior ::run [ RunTime:0.005153s ]
INFO: [ route_check ] --END-- [ RunTime:0.005579s ]
INFO: [ app_begin ] --START--
INFO: ReadHtmlCache Behavior ::run [ RunTime:0.002424s ]
INFO: [ app_begin ] --END-- [ RunTime:0.002606s ]
SQL: SHOW COLUMNS FROM `address` [ RunTime:0.004807s ]
SQL: SELECT * FROM `address` WHERE ( `login_phone`='' ) ORDER BY id desc  [ RunTime:0.001094s ]

[ 2016-11-20T11:10:29+08:00 ] 192.168.0.104 /demo/index.php/App/get_address?phone=13576967557
INFO: [ route_check ] --START--
INFO: CheckRoute Behavior ::run [ RunTime:0.004235s ]
INFO: [ route_check ] --END-- [ RunTime:0.004385s ]
INFO: [ app_begin ] --START--
INFO: ReadHtmlCache Behavior ::run [ RunTime:0.004072s ]
INFO: [ app_begin ] --END-- [ RunTime:0.004203s ]
SQL: SHOW COLUMNS FROM `address` [ RunTime:0.002277s ]
SQL: SELECT * FROM `address` WHERE ( `login_phone`='13576967557' ) ORDER BY id desc  [ RunTime:0.000817s ]

[ 2016-11-20T11:10:59+08:00 ] 192.168.0.104 /demo/index.php/App/add_address?login_phone=13576967557&name=123&phone=1231&city=123&address=123&post=123&aid=
INFO: [ route_check ] --START--
INFO: CheckRoute Behavior ::run [ RunTime:0.002730s ]
INFO: [ route_check ] --END-- [ RunTime:0.002954s ]
INFO: [ app_begin ] --START--
INFO: ReadHtmlCache Behavior ::run [ RunTime:0.004679s ]
INFO: [ app_begin ] --END-- [ RunTime:0.004836s ]
SQL: SHOW COLUMNS FROM `address` [ RunTime:0.005191s ]
SQL: INSERT INTO `address` (`login_phone`,`name`,`phone`,`city`,`address`,`post`,`time`) VALUES ('13576967557','123','1231','123','123','123',1479611459) [ RunTime:0.001524s ]

[ 2016-11-20T11:10:59+08:00 ] 192.168.0.104 /demo/index.php/App/get_address?phone=13576967557
INFO: [ route_check ] --START--
INFO: CheckRoute Behavior ::run [ RunTime:0.002277s ]
INFO: [ route_check ] --END-- [ RunTime:0.002371s ]
INFO: [ app_begin ] --START--
INFO: ReadHtmlCache Behavior ::run [ RunTime:0.002575s ]
INFO: [ app_begin ] --END-- [ RunTime:0.002666s ]
SQL: SHOW COLUMNS FROM `address` [ RunTime:0.004911s ]
SQL: SELECT * FROM `address` WHERE ( `login_phone`='13576967557' ) ORDER BY id desc  [ RunTime:0.001256s ]

[ 2016-11-20T11:12:15+08:00 ] 192.168.0.104 /demo/index.php/App/get_address?phone=
INFO: [ route_check ] --START--
INFO: CheckRoute Behavior ::run [ RunTime:0.010548s ]
INFO: [ route_check ] --END-- [ RunTime:0.010749s ]
INFO: [ app_begin ] --START--
INFO: ReadHtmlCache Behavior ::run [ RunTime:0.003021s ]
INFO: [ app_begin ] --END-- [ RunTime:0.003174s ]
SQL: SHOW COLUMNS FROM `address` [ RunTime:0.003182s ]
SQL: SELECT * FROM `address` WHERE ( `login_phone`='' ) ORDER BY id desc  [ RunTime:0.000670s ]

[ 2016-11-20T11:12:15+08:00 ] 192.168.0.104 /demo/index.php/App/get_address?phone=13576967557
INFO: [ route_check ] --START--
INFO: CheckRoute Behavior ::run [ RunTime:0.002330s ]
INFO: [ route_check ] --END-- [ RunTime:0.002441s ]
INFO: [ app_begin ] --START--
INFO: ReadHtmlCache Behavior ::run [ RunTime:0.003968s ]
INFO: [ app_begin ] --END-- [ RunTime:0.004134s ]
SQL: SHOW COLUMNS FROM `address` [ RunTime:0.005687s ]
SQL: SELECT * FROM `address` WHERE ( `login_phone`='13576967557' ) ORDER BY id desc  [ RunTime:0.000852s ]

[ 2016-11-20T11:14:17+08:00 ] 192.168.0.104 /demo/index.php/App/get_address?phone=
INFO: [ route_check ] --START--
INFO: CheckRoute Behavior ::run [ RunTime:0.006294s ]
INFO: [ route_check ] --END-- [ RunTime:0.006570s ]
INFO: [ app_begin ] --START--
INFO: ReadHtmlCache Behavior ::run [ RunTime:0.002953s ]
INFO: [ app_begin ] --END-- [ RunTime:0.003105s ]
SQL: SHOW COLUMNS FROM `address` [ RunTime:0.003034s ]
SQL: SELECT * FROM `address` WHERE ( `login_phone`='' ) ORDER BY id desc  [ RunTime:0.000794s ]

[ 2016-11-20T11:14:17+08:00 ] 192.168.0.104 /demo/index.php/App/get_address?phone=13576967557
INFO: [ route_check ] --START--
INFO: CheckRoute Behavior ::run [ RunTime:0.003444s ]
INFO: [ route_check ] --END-- [ RunTime:0.003585s ]
INFO: [ app_begin ] --START--
INFO: ReadHtmlCache Behavior ::run [ RunTime:0.002542s ]
INFO: [ app_begin ] --END-- [ RunTime:0.002660s ]
SQL: SHOW COLUMNS FROM `address` [ RunTime:0.005318s ]
SQL: SELECT * FROM `address` WHERE ( `login_phone`='13576967557' ) ORDER BY id desc  [ RunTime:0.000751s ]

[ 2016-11-20T11:15:28+08:00 ] 192.168.0.104 /demo/index.php/App/get_address?phone=
INFO: [ route_check ] --START--
INFO: CheckRoute Behavior ::run [ RunTime:0.002393s ]
INFO: [ route_check ] --END-- [ RunTime:0.002499s ]
INFO: [ app_begin ] --START--
INFO: ReadHtmlCache Behavior ::run [ RunTime:0.001920s ]
INFO: [ app_begin ] --END-- [ RunTime:0.001992s ]
SQL: SHOW COLUMNS FROM `address` [ RunTime:0.002892s ]
SQL: SELECT * FROM `address` WHERE ( `login_phone`='' ) ORDER BY id desc  [ RunTime:0.000671s ]

[ 2016-11-20T11:15:29+08:00 ] 192.168.0.104 /demo/index.php/App/get_address?phone=13576967557
INFO: [ route_check ] --START--
INFO: CheckRoute Behavior ::run [ RunTime:0.002769s ]
INFO: [ route_check ] --END-- [ RunTime:0.002904s ]
INFO: [ app_begin ] --START--
INFO: ReadHtmlCache Behavior ::run [ RunTime:0.005957s ]
INFO: [ app_begin ] --END-- [ RunTime:0.006086s ]
SQL: SHOW COLUMNS FROM `address` [ RunTime:0.002462s ]
SQL: SELECT * FROM `address` WHERE ( `login_phone`='13576967557' ) ORDER BY id desc  [ RunTime:0.000710s ]

[ 2016-11-20T11:19:15+08:00 ] 192.168.0.104 /demo/index.php/App/get_address?phone=
INFO: [ route_check ] --START--
INFO: CheckRoute Behavior ::run [ RunTime:0.004537s ]
INFO: [ route_check ] --END-- [ RunTime:0.004846s ]
INFO: [ app_begin ] --START--
INFO: ReadHtmlCache Behavior ::run [ RunTime:0.002525s ]
INFO: [ app_begin ] --END-- [ RunTime:0.002647s ]
SQL: SHOW COLUMNS FROM `address` [ RunTime:0.003077s ]
SQL: SELECT * FROM `address` WHERE ( `login_phone`='' ) ORDER BY id desc  [ RunTime:0.000926s ]

[ 2016-11-20T11:19:15+08:00 ] 192.168.0.104 /demo/index.php/App/get_address?phone=13576967557
INFO: [ route_check ] --START--
INFO: CheckRoute Behavior ::run [ RunTime:0.003778s ]
INFO: [ route_check ] --END-- [ RunTime:0.003926s ]
INFO: [ app_begin ] --START--
INFO: ReadHtmlCache Behavior ::run [ RunTime:0.003324s ]
INFO: [ app_begin ] --END-- [ RunTime:0.003454s ]
SQL: SHOW COLUMNS FROM `address` [ RunTime:0.003605s ]
SQL: SELECT * FROM `address` WHERE ( `login_phone`='13576967557' ) ORDER BY id desc  [ RunTime:0.001636s ]

[ 2016-11-20T11:19:27+08:00 ] 192.168.0.104 /demo/index.php/App/get_address?phone=
INFO: [ route_check ] --START--
INFO: CheckRoute Behavior ::run [ RunTime:0.003613s ]
INFO: [ route_check ] --END-- [ RunTime:0.003744s ]
INFO: [ app_begin ] --START--
INFO: ReadHtmlCache Behavior ::run [ RunTime:0.002828s ]
INFO: [ app_begin ] --END-- [ RunTime:0.002942s ]
SQL: SHOW COLUMNS FROM `address` [ RunTime:0.003922s ]
SQL: SELECT * FROM `address` WHERE ( `login_phone`='' ) ORDER BY id desc  [ RunTime:0.000914s ]

[ 2016-11-20T11:19:27+08:00 ] 192.168.0.104 /demo/index.php/App/get_address?phone=13576967557
INFO: [ route_check ] --START--
INFO: CheckRoute Behavior ::run [ RunTime:0.003754s ]
INFO: [ route_check ] --END-- [ RunTime:0.003945s ]
INFO: [ app_begin ] --START--
INFO: ReadHtmlCache Behavior ::run [ RunTime:0.002747s ]
INFO: [ app_begin ] --END-- [ RunTime:0.002925s ]
SQL: SHOW COLUMNS FROM `address` [ RunTime:0.003900s ]
SQL: SELECT * FROM `address` WHERE ( `login_phone`='13576967557' ) ORDER BY id desc  [ RunTime:0.000732s ]

[ 2016-11-20T11:19:42+08:00 ] 192.168.0.104 /demo/index.php/App/del_address
INFO: [ route_check ] --START--
INFO: CheckRoute Behavior ::run [ RunTime:0.003945s ]
INFO: [ route_check ] --END-- [ RunTime:0.004050s ]
INFO: [ app_begin ] --START--
INFO: ReadHtmlCache Behavior ::run [ RunTime:0.005577s ]
INFO: [ app_begin ] --END-- [ RunTime:0.005680s ]
ERR: 非法操作:del_address

[ 2016-11-20T11:19:44+08:00 ] 192.168.0.104 /demo/index.php/App/del_address
INFO: [ route_check ] --START--
INFO: CheckRoute Behavior ::run [ RunTime:0.003255s ]
INFO: [ route_check ] --END-- [ RunTime:0.003539s ]
INFO: [ app_begin ] --START--
INFO: ReadHtmlCache Behavior ::run [ RunTime:0.002957s ]
INFO: [ app_begin ] --END-- [ RunTime:0.003087s ]
ERR: 非法操作:del_address

[ 2016-11-20T11:19:45+08:00 ] 192.168.0.104 /demo/index.php/App/del_address
INFO: [ route_check ] --START--
INFO: CheckRoute Behavior ::run [ RunTime:0.004202s ]
INFO: [ route_check ] --END-- [ RunTime:0.004970s ]
INFO: [ app_begin ] --START--
INFO: ReadHtmlCache Behavior ::run [ RunTime:0.003489s ]
INFO: [ app_begin ] --END-- [ RunTime:0.003694s ]
ERR: 非法操作:del_address

[ 2016-11-20T11:19:58+08:00 ] 192.168.0.104 /demo/index.php/App/get_address?phone=13576967557
INFO: [ route_check ] --START--
INFO: CheckRoute Behavior ::run [ RunTime:0.001914s ]
INFO: [ route_check ] --END-- [ RunTime:0.002167s ]
INFO: [ app_begin ] --START--
INFO: ReadHtmlCache Behavior ::run [ RunTime:0.002024s ]
INFO: [ app_begin ] --END-- [ RunTime:0.002145s ]
SQL: SHOW COLUMNS FROM `address` [ RunTime:0.002765s ]
SQL: SELECT * FROM `address` WHERE ( `login_phone`='13576967557' ) ORDER BY id desc  [ RunTime:0.000620s ]

[ 2016-11-20T11:20:20+08:00 ] 192.168.0.104 /demo/index.php/App/get_address?phone=
INFO: [ route_check ] --START--
INFO: CheckRoute Behavior ::run [ RunTime:0.001254s ]
INFO: [ route_check ] --END-- [ RunTime:0.001406s ]
INFO: [ app_begin ] --START--
INFO: ReadHtmlCache Behavior ::run [ RunTime:0.000876s ]
INFO: [ app_begin ] --END-- [ RunTime:0.001011s ]
SQL: SHOW COLUMNS FROM `address` [ RunTime:0.005326s ]
SQL: SELECT * FROM `address` WHERE ( `login_phone`='' ) ORDER BY id desc  [ RunTime:0.000674s ]

[ 2016-11-20T11:20:20+08:00 ] 192.168.0.104 /demo/index.php/App/get_address?phone=13576967557
INFO: [ route_check ] --START--
INFO: CheckRoute Behavior ::run [ RunTime:0.003057s ]
INFO: [ route_check ] --END-- [ RunTime:0.003204s ]
INFO: [ app_begin ] --START--
INFO: ReadHtmlCache Behavior ::run [ RunTime:0.002646s ]
INFO: [ app_begin ] --END-- [ RunTime:0.002844s ]
SQL: SHOW COLUMNS FROM `address` [ RunTime:0.003022s ]
SQL: SELECT * FROM `address` WHERE ( `login_phone`='13576967557' ) ORDER BY id desc  [ RunTime:0.000799s ]

[ 2016-11-20T11:21:30+08:00 ] 192.168.0.104 /demo/index.php/App/get_address?phone=
INFO: [ route_check ] --START--
INFO: CheckRoute Behavior ::run [ RunTime:0.002313s ]
INFO: [ route_check ] --END-- [ RunTime:0.002420s ]
INFO: [ app_begin ] --START--
INFO: ReadHtmlCache Behavior ::run [ RunTime:0.003086s ]
INFO: [ app_begin ] --END-- [ RunTime:0.003195s ]
SQL: SHOW COLUMNS FROM `address` [ RunTime:0.003230s ]
SQL: SELECT * FROM `address` WHERE ( `login_phone`='' ) ORDER BY id desc  [ RunTime:0.003118s ]

[ 2016-11-20T11:21:30+08:00 ] 192.168.0.104 /demo/index.php/App/get_address?phone=13576967557
INFO: [ route_check ] --START--
INFO: CheckRoute Behavior ::run [ RunTime:0.000860s ]
INFO: [ route_check ] --END-- [ RunTime:0.000983s ]
INFO: [ app_begin ] --START--
INFO: ReadHtmlCache Behavior ::run [ RunTime:0.000559s ]
INFO: [ app_begin ] --END-- [ RunTime:0.000624s ]
SQL: SHOW COLUMNS FROM `address` [ RunTime:0.002198s ]
SQL: SELECT * FROM `address` WHERE ( `login_phone`='13576967557' ) ORDER BY id desc  [ RunTime:0.000862s ]

[ 2016-11-20T11:25:13+08:00 ] 192.168.0.104 /demo/index.php/App/get_address?phone=
INFO: [ route_check ] --START--
INFO: CheckRoute Behavior ::run [ RunTime:0.002697s ]
INFO: [ route_check ] --END-- [ RunTime:0.002820s ]
INFO: [ app_begin ] --START--
INFO: ReadHtmlCache Behavior ::run [ RunTime:0.002122s ]
INFO: [ app_begin ] --END-- [ RunTime:0.002259s ]
SQL: SHOW COLUMNS FROM `address` [ RunTime:0.002493s ]
SQL: SELECT * FROM `address` WHERE ( `login_phone`='' ) ORDER BY id desc  [ RunTime:0.000937s ]

[ 2016-11-20T11:25:13+08:00 ] 192.168.0.104 /demo/index.php/App/get_address?phone=13576967557
INFO: [ route_check ] --START--
INFO: CheckRoute Behavior ::run [ RunTime:0.004820s ]
INFO: [ route_check ] --END-- [ RunTime:0.004973s ]
INFO: [ app_begin ] --START--
INFO: ReadHtmlCache Behavior ::run [ RunTime:0.005747s ]
INFO: [ app_begin ] --END-- [ RunTime:0.005903s ]
SQL: SHOW COLUMNS FROM `address` [ RunTime:0.002754s ]
SQL: SELECT * FROM `address` WHERE ( `login_phone`='13576967557' ) ORDER BY id desc  [ RunTime:0.000719s ]

[ 2016-11-20T11:25:15+08:00 ] 192.168.0.104 /demo/index.php/App/del_address?id=1
INFO: [ route_check ] --START--
INFO: CheckRoute Behavior ::run [ RunTime:0.007774s ]
INFO: [ route_check ] --END-- [ RunTime:0.007957s ]
INFO: [ app_begin ] --START--
INFO: ReadHtmlCache Behavior ::run [ RunTime:0.003348s ]
INFO: [ app_begin ] --END-- [ RunTime:0.003634s ]
SQL: SHOW COLUMNS FROM `address` [ RunTime:0.004638s ]
SQL: DELETE FROM `address` WHERE ( `id`='1' ) [ RunTime:0.000782s ]

[ 2016-11-20T11:26:17+08:00 ] 192.168.0.104 /demo/index.php/App/get_address?phone=
INFO: [ route_check ] --START--
INFO: CheckRoute Behavior ::run [ RunTime:0.002880s ]
INFO: [ route_check ] --END-- [ RunTime:0.003008s ]
INFO: [ app_begin ] --START--
INFO: ReadHtmlCache Behavior ::run [ RunTime:0.002791s ]
INFO: [ app_begin ] --END-- [ RunTime:0.002931s ]
SQL: SHOW COLUMNS FROM `address` [ RunTime:0.003116s ]
SQL: SELECT * FROM `address` WHERE ( `login_phone`='' ) ORDER BY id desc  [ RunTime:0.000701s ]

[ 2016-11-20T11:26:18+08:00 ] 192.168.0.104 /demo/index.php/App/get_address?phone=13576967557
INFO: [ route_check ] --START--
INFO: CheckRoute Behavior ::run [ RunTime:0.001449s ]
INFO: [ route_check ] --END-- [ RunTime:0.001615s ]
INFO: [ app_begin ] --START--
INFO: ReadHtmlCache Behavior ::run [ RunTime:0.000903s ]
INFO: [ app_begin ] --END-- [ RunTime:0.001105s ]
SQL: SHOW COLUMNS FROM `address` [ RunTime:0.003463s ]
SQL: SELECT * FROM `address` WHERE ( `login_phone`='13576967557' ) ORDER BY id desc  [ RunTime:0.000967s ]

[ 2016-11-20T11:26:22+08:00 ] 192.168.0.104 /demo/index.php/App/del_address?id=2
INFO: [ route_check ] --START--
INFO: CheckRoute Behavior ::run [ RunTime:0.000780s ]
INFO: [ route_check ] --END-- [ RunTime:0.000889s ]
INFO: [ app_begin ] --START--
INFO: ReadHtmlCache Behavior ::run [ RunTime:0.000498s ]
INFO: [ app_begin ] --END-- [ RunTime:0.000557s ]
SQL: SHOW COLUMNS FROM `address` [ RunTime:0.004817s ]
SQL: DELETE FROM `address` WHERE ( `id`='2' ) [ RunTime:0.000869s ]

[ 2016-11-20T11:27:25+08:00 ] 192.168.0.104 /demo/index.php/App/get_address?phone=
INFO: [ route_check ] --START--
INFO: CheckRoute Behavior ::run [ RunTime:0.001980s ]
INFO: [ route_check ] --END-- [ RunTime:0.002099s ]
INFO: [ app_begin ] --START--
INFO: ReadHtmlCache Behavior ::run [ RunTime:0.001356s ]
INFO: [ app_begin ] --END-- [ RunTime:0.001458s ]
SQL: SHOW COLUMNS FROM `address` [ RunTime:0.002631s ]
SQL: SELECT * FROM `address` WHERE ( `login_phone`='' ) ORDER BY id desc  [ RunTime:0.000698s ]

[ 2016-11-20T11:27:26+08:00 ] 192.168.0.104 /demo/index.php/App/get_address?phone=13576967557
INFO: [ route_check ] --START--
INFO: CheckRoute Behavior ::run [ RunTime:0.004744s ]
INFO: [ route_check ] --END-- [ RunTime:0.005106s ]
INFO: [ app_begin ] --START--
INFO: ReadHtmlCache Behavior ::run [ RunTime:0.003019s ]
INFO: [ app_begin ] --END-- [ RunTime:0.003159s ]
SQL: SHOW COLUMNS FROM `address` [ RunTime:0.002627s ]
SQL: SELECT * FROM `address` WHERE ( `login_phone`='13576967557' ) ORDER BY id desc  [ RunTime:0.000668s ]

[ 2016-11-20T11:27:53+08:00 ] 192.168.0.104 /demo/index.php/App/get_address?phone=
INFO: [ route_check ] --START--
INFO: CheckRoute Behavior ::run [ RunTime:0.002260s ]
INFO: [ route_check ] --END-- [ RunTime:0.002395s ]
INFO: [ app_begin ] --START--
INFO: ReadHtmlCache Behavior ::run [ RunTime:0.002805s ]
INFO: [ app_begin ] --END-- [ RunTime:0.002906s ]
SQL: SHOW COLUMNS FROM `address` [ RunTime:0.002714s ]
SQL: SELECT * FROM `address` WHERE ( `login_phone`='' ) ORDER BY id desc  [ RunTime:0.000713s ]

[ 2016-11-20T11:27:53+08:00 ] 192.168.0.104 /demo/index.php/App/get_address?phone=13576967557
INFO: [ route_check ] --START--
INFO: CheckRoute Behavior ::run [ RunTime:0.001240s ]
INFO: [ route_check ] --END-- [ RunTime:0.001401s ]
INFO: [ app_begin ] --START--
INFO: ReadHtmlCache Behavior ::run [ RunTime:0.000883s ]
INFO: [ app_begin ] --END-- [ RunTime:0.001004s ]
SQL: SHOW COLUMNS FROM `address` [ RunTime:0.005327s ]
SQL: SELECT * FROM `address` WHERE ( `login_phone`='13576967557' ) ORDER BY id desc  [ RunTime:0.000575s ]

[ 2016-11-20T11:28:18+08:00 ] 192.168.0.104 /demo/index.php/App/add_address?login_phone=13576967557&name=123&phone=1231&city=2311&address=11121131111111&post=123&aid=
INFO: [ route_check ] --START--
INFO: CheckRoute Behavior ::run [ RunTime:0.001031s ]
INFO: [ route_check ] --END-- [ RunTime:0.001133s ]
INFO: [ app_begin ] --START--
INFO: ReadHtmlCache Behavior ::run [ RunTime:0.000707s ]
INFO: [ app_begin ] --END-- [ RunTime:0.000796s ]
SQL: SHOW COLUMNS FROM `address` [ RunTime:0.002320s ]
SQL: INSERT INTO `address` (`login_phone`,`name`,`phone`,`city`,`address`,`post`,`time`) VALUES ('13576967557','123','1231','2311','11121131111111','123',1479612498) [ RunTime:0.000574s ]

[ 2016-11-20T11:28:18+08:00 ] 192.168.0.104 /demo/index.php/App/get_address?phone=13576967557
INFO: [ route_check ] --START--
INFO: CheckRoute Behavior ::run [ RunTime:0.000946s ]
INFO: [ route_check ] --END-- [ RunTime:0.001055s ]
INFO: [ app_begin ] --START--
INFO: ReadHtmlCache Behavior ::run [ RunTime:0.000661s ]
INFO: [ app_begin ] --END-- [ RunTime:0.000749s ]
SQL: SHOW COLUMNS FROM `address` [ RunTime:0.002200s ]
SQL: SELECT * FROM `address` WHERE ( `login_phone`='13576967557' ) ORDER BY id desc  [ RunTime:0.001956s ]

[ 2016-11-20T11:28:20+08:00 ] 192.168.0.104 /demo/index.php/App/del_address?id=4
INFO: [ route_check ] --START--
INFO: CheckRoute Behavior ::run [ RunTime:0.000945s ]
INFO: [ route_check ] --END-- [ RunTime:0.001056s ]
INFO: [ app_begin ] --START--
INFO: ReadHtmlCache Behavior ::run [ RunTime:0.000652s ]
INFO: [ app_begin ] --END-- [ RunTime:0.000742s ]
SQL: SHOW COLUMNS FROM `address` [ RunTime:0.004403s ]
SQL: DELETE FROM `address` WHERE ( `id`='4' ) [ RunTime:0.002160s ]

[ 2016-11-20T11:28:35+08:00 ] 192.168.0.104 /demo/index.php/App/get_address?phone=13576967557
INFO: [ route_check ] --START--
INFO: CheckRoute Behavior ::run [ RunTime:0.000816s ]
INFO: [ route_check ] --END-- [ RunTime:0.000905s ]
INFO: [ app_begin ] --START--
INFO: ReadHtmlCache Behavior ::run [ RunTime:0.000547s ]
INFO: [ app_begin ] --END-- [ RunTime:0.000609s ]
SQL: SHOW COLUMNS FROM `address` [ RunTime:0.002310s ]
SQL: SELECT * FROM `address` WHERE ( `login_phone`='13576967557' ) ORDER BY id desc  [ RunTime:0.000566s ]

[ 2016-11-20T11:28:43+08:00 ] 192.168.0.104 /demo/index.php/App/add_address?login_phone=13576967557&name=11111111111111111111111111111111111&phone=1&city=2&address=23&post=11111111111111111111111111111111111&aid=
INFO: [ route_check ] --START--
INFO: CheckRoute Behavior ::run [ RunTime:0.000791s ]
INFO: [ route_check ] --END-- [ RunTime:0.000878s ]
INFO: [ app_begin ] --START--
INFO: ReadHtmlCache Behavior ::run [ RunTime:0.000516s ]
INFO: [ app_begin ] --END-- [ RunTime:0.000590s ]
SQL: SHOW COLUMNS FROM `address` [ RunTime:0.002427s ]
SQL: INSERT INTO `address` (`login_phone`,`name`,`phone`,`city`,`address`,`post`,`time`) VALUES ('13576967557','11111111111111111111111111111111111','1','2','23','11111111111111111111111111111111111',1479612523) [ RunTime:0.001114s ]

[ 2016-11-20T11:28:43+08:00 ] 192.168.0.104 /demo/index.php/App/get_address?phone=13576967557
INFO: [ route_check ] --START--
INFO: CheckRoute Behavior ::run [ RunTime:0.000765s ]
INFO: [ route_check ] --END-- [ RunTime:0.000855s ]
INFO: [ app_begin ] --START--
INFO: ReadHtmlCache Behavior ::run [ RunTime:0.000556s ]
INFO: [ app_begin ] --END-- [ RunTime:0.000622s ]
SQL: SHOW COLUMNS FROM `address` [ RunTime:0.004877s ]
SQL: SELECT * FROM `address` WHERE ( `login_phone`='13576967557' ) ORDER BY id desc  [ RunTime:0.000680s ]

[ 2016-11-20T11:28:46+08:00 ] 192.168.0.104 /demo/index.php/App/get_address?phone=13576967557
INFO: [ route_check ] --START--
INFO: CheckRoute Behavior ::run [ RunTime:0.000885s ]
INFO: [ route_check ] --END-- [ RunTime:0.000988s ]
INFO: [ app_begin ] --START--
INFO: ReadHtmlCache Behavior ::run [ RunTime:0.000585s ]
INFO: [ app_begin ] --END-- [ RunTime:0.000652s ]
SQL: SHOW COLUMNS FROM `address` [ RunTime:0.003073s ]
SQL: SELECT * FROM `address` WHERE ( `login_phone`='13576967557' ) ORDER BY id desc  [ RunTime:0.000758s ]

[ 2016-11-20T11:28:48+08:00 ] 192.168.0.104 /demo/index.php/App/del_address?id=5
INFO: [ route_check ] --START--
INFO: CheckRoute Behavior ::run [ RunTime:0.001022s ]
INFO: [ route_check ] --END-- [ RunTime:0.001153s ]
INFO: [ app_begin ] --START--
INFO: ReadHtmlCache Behavior ::run [ RunTime:0.001164s ]
INFO: [ app_begin ] --END-- [ RunTime:0.001614s ]
SQL: SHOW COLUMNS FROM `address` [ RunTime:0.002362s ]
SQL: DELETE FROM `address` WHERE ( `id`='5' ) [ RunTime:0.000625s ]

[ 2016-11-20T11:29:33+08:00 ] 192.168.0.104 /demo/index.php/App/get_address?phone=
INFO: [ route_check ] --START--
INFO: CheckRoute Behavior ::run [ RunTime:0.004015s ]
INFO: [ route_check ] --END-- [ RunTime:0.004152s ]
INFO: [ app_begin ] --START--
INFO: ReadHtmlCache Behavior ::run [ RunTime:0.004507s ]
INFO: [ app_begin ] --END-- [ RunTime:0.004658s ]
SQL: SHOW COLUMNS FROM `address` [ RunTime:0.002765s ]
SQL: SELECT * FROM `address` WHERE ( `login_phone`='' ) ORDER BY id desc  [ RunTime:0.001015s ]

[ 2016-11-20T11:29:33+08:00 ] 192.168.0.104 /demo/index.php/App/get_address?phone=13576967557
INFO: [ route_check ] --START--
INFO: CheckRoute Behavior ::run [ RunTime:0.006960s ]
INFO: [ route_check ] --END-- [ RunTime:0.007098s ]
INFO: [ app_begin ] --START--
INFO: ReadHtmlCache Behavior ::run [ RunTime:0.005993s ]
INFO: [ app_begin ] --END-- [ RunTime:0.006151s ]
SQL: SHOW COLUMNS FROM `address` [ RunTime:0.002426s ]
SQL: SELECT * FROM `address` WHERE ( `login_phone`='13576967557' ) ORDER BY id desc  [ RunTime:0.002076s ]

[ 2016-11-20T11:29:41+08:00 ] 192.168.0.104 /demo/index.php/App/get_address?phone=
INFO: [ route_check ] --START--
INFO: CheckRoute Behavior ::run [ RunTime:0.007084s ]
INFO: [ route_check ] --END-- [ RunTime:0.007247s ]
INFO: [ app_begin ] --START--
INFO: ReadHtmlCache Behavior ::run [ RunTime:0.004040s ]
INFO: [ app_begin ] --END-- [ RunTime:0.004193s ]
SQL: SHOW COLUMNS FROM `address` [ RunTime:0.003152s ]
SQL: SELECT * FROM `address` WHERE ( `login_phone`='' ) ORDER BY id desc  [ RunTime:0.000730s ]

[ 2016-11-20T11:29:41+08:00 ] 192.168.0.104 /demo/index.php/App/get_address?phone=13576967557
INFO: [ route_check ] --START--
INFO: CheckRoute Behavior ::run [ RunTime:0.000921s ]
INFO: [ route_check ] --END-- [ RunTime:0.001056s ]
INFO: [ app_begin ] --START--
INFO: ReadHtmlCache Behavior ::run [ RunTime:0.000583s ]
INFO: [ app_begin ] --END-- [ RunTime:0.000654s ]
SQL: SHOW COLUMNS FROM `address` [ RunTime:0.002845s ]
SQL: SELECT * FROM `address` WHERE ( `login_phone`='13576967557' ) ORDER BY id desc  [ RunTime:0.000549s ]

[ 2016-11-20T11:30:04+08:00 ] 192.168.0.104 /demo/index.php/App/add_address?login_phone=13576967557&name=11&phone=11&city=11&address=11&post=11&aid=
INFO: [ route_check ] --START--
INFO: CheckRoute Behavior ::run [ RunTime:0.000803s ]
INFO: [ route_check ] --END-- [ RunTime:0.000892s ]
INFO: [ app_begin ] --START--
INFO: ReadHtmlCache Behavior ::run [ RunTime:0.000526s ]
INFO: [ app_begin ] --END-- [ RunTime:0.000588s ]
SQL: SHOW COLUMNS FROM `address` [ RunTime:0.002536s ]
SQL: INSERT INTO `address` (`login_phone`,`name`,`phone`,`city`,`address`,`post`,`time`) VALUES ('13576967557','11','11','11','11','11',1479612604) [ RunTime:0.001424s ]

[ 2016-11-20T11:30:04+08:00 ] 192.168.0.104 /demo/index.php/App/get_address?phone=13576967557
INFO: [ route_check ] --START--
INFO: CheckRoute Behavior ::run [ RunTime:0.001404s ]
INFO: [ route_check ] --END-- [ RunTime:0.001564s ]
INFO: [ app_begin ] --START--
INFO: ReadHtmlCache Behavior ::run [ RunTime:0.001007s ]
INFO: [ app_begin ] --END-- [ RunTime:0.001100s ]
SQL: SHOW COLUMNS FROM `address` [ RunTime:0.002618s ]
SQL: SELECT * FROM `address` WHERE ( `login_phone`='13576967557' ) ORDER BY id desc  [ RunTime:0.001121s ]

[ 2016-11-20T11:30:11+08:00 ] 192.168.0.104 /demo/index.php/App/add_address?login_phone=13576967557&name=2&phone=2&city=2&address=2&post=2&aid=
INFO: [ route_check ] --START--
INFO: CheckRoute Behavior ::run [ RunTime:0.000926s ]
INFO: [ route_check ] --END-- [ RunTime:0.001057s ]
INFO: [ app_begin ] --START--
INFO: ReadHtmlCache Behavior ::run [ RunTime:0.000535s ]
INFO: [ app_begin ] --END-- [ RunTime:0.000608s ]
SQL: SHOW COLUMNS FROM `address` [ RunTime:0.002377s ]
SQL: INSERT INTO `address` (`login_phone`,`name`,`phone`,`city`,`address`,`post`,`time`) VALUES ('13576967557','2','2','2','2','2',1479612611) [ RunTime:0.000876s ]

[ 2016-11-20T11:30:11+08:00 ] 192.168.0.104 /demo/index.php/App/get_address?phone=13576967557
INFO: [ route_check ] --START--
INFO: CheckRoute Behavior ::run [ RunTime:0.001252s ]
INFO: [ route_check ] --END-- [ RunTime:0.001490s ]
INFO: [ app_begin ] --START--
INFO: ReadHtmlCache Behavior ::run [ RunTime:0.000607s ]
INFO: [ app_begin ] --END-- [ RunTime:0.000676s ]
SQL: SHOW COLUMNS FROM `address` [ RunTime:0.002871s ]
SQL: SELECT * FROM `address` WHERE ( `login_phone`='13576967557' ) ORDER BY id desc  [ RunTime:0.000776s ]

[ 2016-11-20T11:30:16+08:00 ] 192.168.0.104 /demo/index.php/App/add_address?login_phone=13576967557&name=3&phone=3&city=3&address=3&post=3&aid=
INFO: [ route_check ] --START--
INFO: CheckRoute Behavior ::run [ RunTime:0.000941s ]
INFO: [ route_check ] --END-- [ RunTime:0.001055s ]
INFO: [ app_begin ] --START--
INFO: ReadHtmlCache Behavior ::run [ RunTime:0.000688s ]
INFO: [ app_begin ] --END-- [ RunTime:0.000773s ]
SQL: SHOW COLUMNS FROM `address` [ RunTime:0.006989s ]
SQL: INSERT INTO `address` (`login_phone`,`name`,`phone`,`city`,`address`,`post`,`time`) VALUES ('13576967557','3','3','3','3','3',1479612616) [ RunTime:0.000687s ]

[ 2016-11-20T11:30:16+08:00 ] 192.168.0.104 /demo/index.php/App/get_address?phone=13576967557
INFO: [ route_check ] --START--
INFO: CheckRoute Behavior ::run [ RunTime:0.001460s ]
INFO: [ route_check ] --END-- [ RunTime:0.001597s ]
INFO: [ app_begin ] --START--
INFO: ReadHtmlCache Behavior ::run [ RunTime:0.000843s ]
INFO: [ app_begin ] --END-- [ RunTime:0.000938s ]
SQL: SHOW COLUMNS FROM `address` [ RunTime:0.002471s ]
SQL: SELECT * FROM `address` WHERE ( `login_phone`='13576967557' ) ORDER BY id desc  [ RunTime:0.000764s ]

[ 2016-11-20T11:30:17+08:00 ] 192.168.0.104 /demo/index.php/App/del_address?id=7
INFO: [ route_check ] --START--
INFO: CheckRoute Behavior ::run [ RunTime:0.001191s ]
INFO: [ route_check ] --END-- [ RunTime:0.001361s ]
INFO: [ app_begin ] --START--
INFO: ReadHtmlCache Behavior ::run [ RunTime:0.001245s ]
INFO: [ app_begin ] --END-- [ RunTime:0.001409s ]
SQL: SHOW COLUMNS FROM `address` [ RunTime:0.003700s ]
SQL: DELETE FROM `address` WHERE ( `id`='7' ) [ RunTime:0.002520s ]

[ 2016-11-20T11:30:18+08:00 ] 192.168.0.104 /demo/index.php/App/del_address?id=8
INFO: [ route_check ] --START--
INFO: CheckRoute Behavior ::run [ RunTime:0.001082s ]
INFO: [ route_check ] --END-- [ RunTime:0.001216s ]
INFO: [ app_begin ] --START--
INFO: ReadHtmlCache Behavior ::run [ RunTime:0.001539s ]
INFO: [ app_begin ] --END-- [ RunTime:0.001721s ]
SQL: SHOW COLUMNS FROM `address` [ RunTime:0.002865s ]
SQL: DELETE FROM `address` WHERE ( `id`='8' ) [ RunTime:0.000746s ]

[ 2016-11-20T11:30:19+08:00 ] 192.168.0.104 /demo/index.php/App/del_address?id=6
INFO: [ route_check ] --START--
INFO: CheckRoute Behavior ::run [ RunTime:0.001134s ]
INFO: [ route_check ] --END-- [ RunTime:0.001434s ]
INFO: [ app_begin ] --START--
INFO: ReadHtmlCache Behavior ::run [ RunTime:0.000703s ]
INFO: [ app_begin ] --END-- [ RunTime:0.000812s ]
SQL: SHOW COLUMNS FROM `address` [ RunTime:0.004767s ]
SQL: DELETE FROM `address` WHERE ( `id`='6' ) [ RunTime:0.000669s ]

[ 2016-11-20T11:30:23+08:00 ] 192.168.0.104 /demo/index.php/App/get_address?phone=13576967557
INFO: [ route_check ] --START--
INFO: CheckRoute Behavior ::run [ RunTime:0.001047s ]
INFO: [ route_check ] --END-- [ RunTime:0.001243s ]
INFO: [ app_begin ] --START--
INFO: ReadHtmlCache Behavior ::run [ RunTime:0.001171s ]
INFO: [ app_begin ] --END-- [ RunTime:0.001305s ]
SQL: SHOW COLUMNS FROM `address` [ RunTime:0.002681s ]
SQL: SELECT * FROM `address` WHERE ( `login_phone`='13576967557' ) ORDER BY id desc  [ RunTime:0.000520s ]

[ 2016-11-20T13:22:12+08:00 ] 192.168.0.104 /demo/index.php/App/get_address?phone=13576967557
INFO: [ route_check ] --START--
INFO: CheckRoute Behavior ::run [ RunTime:0.001648s ]
INFO: [ route_check ] --END-- [ RunTime:0.001890s ]
INFO: [ app_begin ] --START--
INFO: ReadHtmlCache Behavior ::run [ RunTime:0.001426s ]
INFO: [ app_begin ] --END-- [ RunTime:0.001536s ]
SQL: SHOW COLUMNS FROM `address` [ RunTime:0.006213s ]
SQL: SELECT * FROM `address` WHERE ( `login_phone`='13576967557' ) ORDER BY id desc  [ RunTime:0.000449s ]

[ 2016-11-20T13:22:20+08:00 ] 192.168.0.104 /demo/index.php/App/add_address?login_phone=13576967557&name=1&phone=1&city=1&address=1&post=1&aid=
INFO: [ route_check ] --START--
INFO: CheckRoute Behavior ::run [ RunTime:0.000860s ]
INFO: [ route_check ] --END-- [ RunTime:0.000955s ]
INFO: [ app_begin ] --START--
INFO: ReadHtmlCache Behavior ::run [ RunTime:0.000585s ]
INFO: [ app_begin ] --END-- [ RunTime:0.000651s ]
SQL: SHOW COLUMNS FROM `address` [ RunTime:0.002670s ]
SQL: INSERT INTO `address` (`login_phone`,`name`,`phone`,`city`,`address`,`post`,`time`) VALUES ('13576967557','1','1','1','1','1',1479619340) [ RunTime:0.000692s ]

[ 2016-11-20T13:22:20+08:00 ] 192.168.0.104 /demo/index.php/App/get_address?phone=13576967557
INFO: [ route_check ] --START--
INFO: CheckRoute Behavior ::run [ RunTime:0.002047s ]
INFO: [ route_check ] --END-- [ RunTime:0.002374s ]
INFO: [ app_begin ] --START--
INFO: ReadHtmlCache Behavior ::run [ RunTime:0.000653s ]
INFO: [ app_begin ] --END-- [ RunTime:0.000737s ]
SQL: SHOW COLUMNS FROM `address` [ RunTime:0.002380s ]
SQL: SELECT * FROM `address` WHERE ( `login_phone`='13576967557' ) ORDER BY id desc  [ RunTime:0.001003s ]

[ 2016-11-20T13:22:49+08:00 ] 192.168.0.104 /demo/index.php/App/add_address?login_phone=13576967557&name=1&phone=1&city=1&address=1&post=1&aid=9
INFO: [ route_check ] --START--
INFO: CheckRoute Behavior ::run [ RunTime:0.001091s ]
INFO: [ route_check ] --END-- [ RunTime:0.001199s ]
INFO: [ app_begin ] --START--
INFO: ReadHtmlCache Behavior ::run [ RunTime:0.002369s ]
INFO: [ app_begin ] --END-- [ RunTime:0.002467s ]
SQL: SHOW COLUMNS FROM `address` [ RunTime:0.003841s ]
SQL: UPDATE `address` SET `login_phone`='13576967557',`name`='1',`phone`='1',`city`='1',`address`='1',`post`='1' WHERE ( `id`='9' ) [ RunTime:0.001295s ]

[ 2016-11-20T13:22:51+08:00 ] 192.168.0.104 /demo/index.php/App/add_address?login_phone=13576967557&name=1&phone=1&city=1&address=1&post=1&aid=9
INFO: [ route_check ] --START--
INFO: CheckRoute Behavior ::run [ RunTime:0.000883s ]
INFO: [ route_check ] --END-- [ RunTime:0.000994s ]
INFO: [ app_begin ] --START--
INFO: ReadHtmlCache Behavior ::run [ RunTime:0.000556s ]
INFO: [ app_begin ] --END-- [ RunTime:0.000616s ]
SQL: SHOW COLUMNS FROM `address` [ RunTime:0.002235s ]
SQL: UPDATE `address` SET `login_phone`='13576967557',`name`='1',`phone`='1',`city`='1',`address`='1',`post`='1' WHERE ( `id`='9' ) [ RunTime:0.001229s ]

[ 2016-11-20T13:22:52+08:00 ] 192.168.0.104 /demo/index.php/App/add_address?login_phone=13576967557&name=1&phone=1&city=1&address=1&post=1&aid=9
INFO: [ route_check ] --START--
INFO: CheckRoute Behavior ::run [ RunTime:0.000942s ]
INFO: [ route_check ] --END-- [ RunTime:0.001030s ]
INFO: [ app_begin ] --START--
INFO: ReadHtmlCache Behavior ::run [ RunTime:0.000541s ]
INFO: [ app_begin ] --END-- [ RunTime:0.000601s ]
SQL: SHOW COLUMNS FROM `address` [ RunTime:0.002440s ]
SQL: UPDATE `address` SET `login_phone`='13576967557',`name`='1',`phone`='1',`city`='1',`address`='1',`post`='1' WHERE ( `id`='9' ) [ RunTime:0.001708s ]

[ 2016-11-20T13:22:52+08:00 ] 192.168.0.104 /demo/index.php/App/add_address?login_phone=13576967557&name=1&phone=1&city=1&address=1&post=1&aid=9
INFO: [ route_check ] --START--
INFO: CheckRoute Behavior ::run [ RunTime:0.000777s ]
INFO: [ route_check ] --END-- [ RunTime:0.000863s ]
INFO: [ app_begin ] --START--
INFO: ReadHtmlCache Behavior ::run [ RunTime:0.000490s ]
INFO: [ app_begin ] --END-- [ RunTime:0.000544s ]
SQL: SHOW COLUMNS FROM `address` [ RunTime:0.002380s ]
SQL: UPDATE `address` SET `login_phone`='13576967557',`name`='1',`phone`='1',`city`='1',`address`='1',`post`='1' WHERE ( `id`='9' ) [ RunTime:0.001807s ]

[ 2016-11-20T13:23:11+08:00 ] 192.168.0.104 /demo/index.php/App/add_address?login_phone=13576967557&name=2&phone=2&city=2&address=2&post=2&aid=
INFO: [ route_check ] --START--
INFO: CheckRoute Behavior ::run [ RunTime:0.001023s ]
INFO: [ route_check ] --END-- [ RunTime:0.001178s ]
INFO: [ app_begin ] --START--
INFO: ReadHtmlCache Behavior ::run [ RunTime:0.000651s ]
INFO: [ app_begin ] --END-- [ RunTime:0.000738s ]
SQL: SHOW COLUMNS FROM `address` [ RunTime:0.002413s ]
SQL: INSERT INTO `address` (`login_phone`,`name`,`phone`,`city`,`address`,`post`,`time`) VALUES ('13576967557','2','2','2','2','2',1479619391) [ RunTime:0.000962s ]

[ 2016-11-20T13:23:11+08:00 ] 192.168.0.104 /demo/index.php/App/get_address?phone=13576967557
INFO: [ route_check ] --START--
INFO: CheckRoute Behavior ::run [ RunTime:0.001662s ]
INFO: [ route_check ] --END-- [ RunTime:0.001866s ]
INFO: [ app_begin ] --START--
INFO: ReadHtmlCache Behavior ::run [ RunTime:0.000900s ]
INFO: [ app_begin ] --END-- [ RunTime:0.000997s ]
SQL: SHOW COLUMNS FROM `address` [ RunTime:0.002279s ]
SQL: SELECT * FROM `address` WHERE ( `login_phone`='13576967557' ) ORDER BY id desc  [ RunTime:0.000794s ]

[ 2016-11-20T13:27:18+08:00 ] 192.168.0.104 /demo/index.php/App/get_address?phone=13576967557
INFO: [ route_check ] --START--
INFO: CheckRoute Behavior ::run [ RunTime:0.002521s ]
INFO: [ route_check ] --END-- [ RunTime:0.002821s ]
INFO: [ app_begin ] --START--
INFO: ReadHtmlCache Behavior ::run [ RunTime:0.003247s ]
INFO: [ app_begin ] --END-- [ RunTime:0.003392s ]
SQL: SHOW COLUMNS FROM `address` [ RunTime:0.002566s ]
SQL: SELECT * FROM `address` WHERE ( `login_phone`='13576967557' ) ORDER BY id desc  [ RunTime:0.001086s ]

[ 2016-11-20T13:40:51+08:00 ] 192.168.0.104 /demo/index.php/App/feedback?phone=13576967557&content=%E6%88%91%E7%9A%84
INFO: [ route_check ] --START--
INFO: CheckRoute Behavior ::run [ RunTime:0.002554s ]
INFO: [ route_check ] --END-- [ RunTime:0.002839s ]
INFO: [ app_begin ] --START--
INFO: ReadHtmlCache Behavior ::run [ RunTime:0.002278s ]
INFO: [ app_begin ] --END-- [ RunTime:0.002379s ]
SQL: SHOW COLUMNS FROM `feedback` [ RunTime:0.005218s ]
SQL: INSERT INTO `feedback` (`phone`,`content`,`time`) VALUES ('13576967557','我的',1479620451) [ RunTime:0.001039s ]

[ 2016-11-20T16:52:57+08:00 ] 192.168.0.104 /demo/index.php/App/version
INFO: [ route_check ] --START--
INFO: CheckRoute Behavior ::run [ RunTime:0.002591s ]
INFO: [ route_check ] --END-- [ RunTime:0.002700s ]
INFO: [ app_begin ] --START--
INFO: ReadHtmlCache Behavior ::run [ RunTime:0.002469s ]
INFO: [ app_begin ] --END-- [ RunTime:0.002579s ]
SQL: SHOW COLUMNS FROM `version` [ RunTime:0.006548s ]
SQL: SELECT * FROM `version` ORDER BY id desc LIMIT 1   [ RunTime:0.000638s ]

[ 2016-11-20T16:55:15+08:00 ] 192.168.0.104 /demo/index.php/App/version
INFO: [ route_check ] --START--
INFO: CheckRoute Behavior ::run [ RunTime:0.005262s ]
INFO: [ route_check ] --END-- [ RunTime:0.005406s ]
INFO: [ app_begin ] --START--
INFO: ReadHtmlCache Behavior ::run [ RunTime:0.004228s ]
INFO: [ app_begin ] --END-- [ RunTime:0.004368s ]
SQL: SHOW COLUMNS FROM `version` [ RunTime:0.002304s ]
SQL: SELECT * FROM `version` ORDER BY id desc LIMIT 1   [ RunTime:0.000908s ]

[ 2016-11-20T16:55:16+08:00 ] 192.168.0.104 /demo/index.php/App/version
INFO: [ route_check ] --START--
INFO: CheckRoute Behavior ::run [ RunTime:0.003013s ]
INFO: [ route_check ] --END-- [ RunTime:0.003165s ]
INFO: [ app_begin ] --START--
INFO: ReadHtmlCache Behavior ::run [ RunTime:0.005525s ]
INFO: [ app_begin ] --END-- [ RunTime:0.005761s ]
SQL: SHOW COLUMNS FROM `version` [ RunTime:0.005887s ]
SQL: SELECT * FROM `version` ORDER BY id desc LIMIT 1   [ RunTime:0.001514s ]

[ 2016-11-20T16:55:16+08:00 ] 192.168.0.104 /demo/index.php/App/version
INFO: [ route_check ] --START--
INFO: CheckRoute Behavior ::run [ RunTime:0.004325s ]
INFO: [ route_check ] --END-- [ RunTime:0.004465s ]
INFO: [ app_begin ] --START--
INFO: ReadHtmlCache Behavior ::run [ RunTime:0.008023s ]
INFO: [ app_begin ] --END-- [ RunTime:0.008176s ]
SQL: SHOW COLUMNS FROM `version` [ RunTime:0.004918s ]
SQL: SELECT * FROM `version` ORDER BY id desc LIMIT 1   [ RunTime:0.000787s ]

[ 2016-11-20T16:55:17+08:00 ] 192.168.0.104 /demo/index.php/App/version
INFO: [ route_check ] --START--
INFO: CheckRoute Behavior ::run [ RunTime:0.007199s ]
INFO: [ route_check ] --END-- [ RunTime:0.007360s ]
INFO: [ app_begin ] --START--
INFO: ReadHtmlCache Behavior ::run [ RunTime:0.002581s ]
INFO: [ app_begin ] --END-- [ RunTime:0.002874s ]
SQL: SHOW COLUMNS FROM `version` [ RunTime:0.003787s ]
SQL: SELECT * FROM `version` ORDER BY id desc LIMIT 1   [ RunTime:0.001284s ]

[ 2016-11-20T16:55:17+08:00 ] 192.168.0.104 /demo/index.php/App/version
INFO: [ route_check ] --START--
INFO: CheckRoute Behavior ::run [ RunTime:0.010752s ]
INFO: [ route_check ] --END-- [ RunTime:0.010882s ]
INFO: [ app_begin ] --START--
INFO: ReadHtmlCache Behavior ::run [ RunTime:0.002626s ]
INFO: [ app_begin ] --END-- [ RunTime:0.002797s ]
SQL: SHOW COLUMNS FROM `version` [ RunTime:0.002170s ]
SQL: SELECT * FROM `version` ORDER BY id desc LIMIT 1   [ RunTime:0.000991s ]

[ 2016-11-20T16:55:17+08:00 ] 192.168.0.104 /demo/index.php/App/version
INFO: [ route_check ] --START--
INFO: CheckRoute Behavior ::run [ RunTime:0.004852s ]
INFO: [ route_check ] --END-- [ RunTime:0.005918s ]
INFO: [ app_begin ] --START--
INFO: ReadHtmlCache Behavior ::run [ RunTime:0.006623s ]
INFO: [ app_begin ] --END-- [ RunTime:0.006754s ]
SQL: SHOW COLUMNS FROM `version` [ RunTime:0.002061s ]
SQL: SELECT * FROM `version` ORDER BY id desc LIMIT 1   [ RunTime:0.002090s ]

[ 2016-11-20T16:55:24+08:00 ] 192.168.0.104 /demo/index.php/App/version
INFO: [ route_check ] --START--
INFO: CheckRoute Behavior ::run [ RunTime:0.002990s ]
INFO: [ route_check ] --END-- [ RunTime:0.003188s ]
INFO: [ app_begin ] --START--
INFO: ReadHtmlCache Behavior ::run [ RunTime:0.004719s ]
INFO: [ app_begin ] --END-- [ RunTime:0.004850s ]
SQL: SHOW COLUMNS FROM `version` [ RunTime:0.003837s ]
SQL: SELECT * FROM `version` ORDER BY id desc LIMIT 1   [ RunTime:0.000329s ]

[ 2016-11-20T16:55:24+08:00 ] 192.168.0.104 /demo/index.php/App/version
INFO: [ route_check ] --START--
INFO: CheckRoute Behavior ::run [ RunTime:0.002546s ]
INFO: [ route_check ] --END-- [ RunTime:0.002667s ]
INFO: [ app_begin ] --START--
INFO: ReadHtmlCache Behavior ::run [ RunTime:0.005556s ]
INFO: [ app_begin ] --END-- [ RunTime:0.005667s ]
SQL: SHOW COLUMNS FROM `version` [ RunTime:0.004583s ]
SQL: SELECT * FROM `version` ORDER BY id desc LIMIT 1   [ RunTime:0.000978s ]

[ 2016-11-20T16:55:24+08:00 ] 192.168.0.104 /demo/index.php/App/version
INFO: [ route_check ] --START--
INFO: CheckRoute Behavior ::run [ RunTime:0.004400s ]
INFO: [ route_check ] --END-- [ RunTime:0.004644s ]
INFO: [ app_begin ] --START--
INFO: ReadHtmlCache Behavior ::run [ RunTime:0.003541s ]
INFO: [ app_begin ] --END-- [ RunTime:0.003666s ]
SQL: SHOW COLUMNS FROM `version` [ RunTime:0.001908s ]
SQL: SELECT * FROM `version` ORDER BY id desc LIMIT 1   [ RunTime:0.000671s ]

[ 2016-11-20T16:55:24+08:00 ] 192.168.0.104 /demo/index.php/App/version
INFO: [ route_check ] --START--
INFO: CheckRoute Behavior ::run [ RunTime:0.002443s ]
INFO: [ route_check ] --END-- [ RunTime:0.002546s ]
INFO: [ app_begin ] --START--
INFO: ReadHtmlCache Behavior ::run [ RunTime:0.005532s ]
INFO: [ app_begin ] --END-- [ RunTime:0.005960s ]
SQL: SHOW COLUMNS FROM `version` [ RunTime:0.004610s ]
SQL: SELECT * FROM `version` ORDER BY id desc LIMIT 1   [ RunTime:0.000434s ]

[ 2016-11-20T16:55:27+08:00 ] 192.168.0.104 /demo/index.php/App/version
INFO: [ route_check ] --START--
INFO: CheckRoute Behavior ::run [ RunTime:0.005665s ]
INFO: [ route_check ] --END-- [ RunTime:0.005807s ]
INFO: [ app_begin ] --START--
INFO: ReadHtmlCache Behavior ::run [ RunTime:0.001803s ]
INFO: [ app_begin ] --END-- [ RunTime:0.001866s ]
SQL: SHOW COLUMNS FROM `version` [ RunTime:0.004340s ]
SQL: SELECT * FROM `version` ORDER BY id desc LIMIT 1   [ RunTime:0.001031s ]

[ 2016-11-20T16:55:28+08:00 ] 192.168.0.104 /demo/index.php/App/version
INFO: [ route_check ] --START--
INFO: CheckRoute Behavior ::run [ RunTime:0.004544s ]
INFO: [ route_check ] --END-- [ RunTime:0.004867s ]
INFO: [ app_begin ] --START--
INFO: ReadHtmlCache Behavior ::run [ RunTime:0.003556s ]
INFO: [ app_begin ] --END-- [ RunTime:0.003723s ]
SQL: SHOW COLUMNS FROM `version` [ RunTime:0.002168s ]
SQL: SELECT * FROM `version` ORDER BY id desc LIMIT 1   [ RunTime:0.000702s ]

[ 2016-11-20T16:55:28+08:00 ] 192.168.0.104 /demo/index.php/App/version
INFO: [ route_check ] --START--
INFO: CheckRoute Behavior ::run [ RunTime:0.003438s ]
INFO: [ route_check ] --END-- [ RunTime:0.003580s ]
INFO: [ app_begin ] --START--
INFO: ReadHtmlCache Behavior ::run [ RunTime:0.002153s ]
INFO: [ app_begin ] --END-- [ RunTime:0.002249s ]
SQL: SHOW COLUMNS FROM `version` [ RunTime:0.004292s ]
SQL: SELECT * FROM `version` ORDER BY id desc LIMIT 1   [ RunTime:0.001349s ]

[ 2016-11-20T16:55:28+08:00 ] 192.168.0.104 /demo/index.php/App/version
INFO: [ route_check ] --START--
INFO: CheckRoute Behavior ::run [ RunTime:0.002084s ]
INFO: [ route_check ] --END-- [ RunTime:0.002171s ]
INFO: [ app_begin ] --START--
INFO: ReadHtmlCache Behavior ::run [ RunTime:0.001969s ]
INFO: [ app_begin ] --END-- [ RunTime:0.002047s ]
SQL: SHOW COLUMNS FROM `version` [ RunTime:0.002432s ]
SQL: SELECT * FROM `version` ORDER BY id desc LIMIT 1   [ RunTime:0.000874s ]

[ 2016-11-20T16:55:28+08:00 ] 192.168.0.104 /demo/index.php/App/version
INFO: [ route_check ] --START--
INFO: CheckRoute Behavior ::run [ RunTime:0.003208s ]
INFO: [ route_check ] --END-- [ RunTime:0.003458s ]
INFO: [ app_begin ] --START--
INFO: ReadHtmlCache Behavior ::run [ RunTime:0.002571s ]
INFO: [ app_begin ] --END-- [ RunTime:0.002695s ]
SQL: SHOW COLUMNS FROM `version` [ RunTime:0.002540s ]
SQL: SELECT * FROM `version` ORDER BY id desc LIMIT 1   [ RunTime:0.001100s ]

[ 2016-11-20T16:55:29+08:00 ] 192.168.0.104 /demo/index.php/App/version
INFO: [ route_check ] --START--
INFO: CheckRoute Behavior ::run [ RunTime:0.007889s ]
INFO: [ route_check ] --END-- [ RunTime:0.008054s ]
INFO: [ app_begin ] --START--
INFO: ReadHtmlCache Behavior ::run [ RunTime:0.002283s ]
INFO: [ app_begin ] --END-- [ RunTime:0.002499s ]
SQL: SHOW COLUMNS FROM `version` [ RunTime:0.002249s ]
SQL: SELECT * FROM `version` ORDER BY id desc LIMIT 1   [ RunTime:0.001117s ]

[ 2016-11-20T16:55:29+08:00 ] 192.168.0.104 /demo/index.php/App/version
INFO: [ route_check ] --START--
INFO: CheckRoute Behavior ::run [ RunTime:0.004148s ]
INFO: [ route_check ] --END-- [ RunTime:0.004271s ]
INFO: [ app_begin ] --START--
INFO: ReadHtmlCache Behavior ::run [ RunTime:0.002856s ]
INFO: [ app_begin ] --END-- [ RunTime:0.002969s ]
SQL: SHOW COLUMNS FROM `version` [ RunTime:0.005637s ]
SQL: SELECT * FROM `version` ORDER BY id desc LIMIT 1   [ RunTime:0.000967s ]

[ 2016-11-20T16:55:52+08:00 ] 192.168.0.104 /demo/index.php/App/version
INFO: [ route_check ] --START--
INFO: CheckRoute Behavior ::run [ RunTime:0.002309s ]
INFO: [ route_check ] --END-- [ RunTime:0.002419s ]
INFO: [ app_begin ] --START--
INFO: ReadHtmlCache Behavior ::run [ RunTime:0.002995s ]
INFO: [ app_begin ] --END-- [ RunTime:0.003435s ]
SQL: SHOW COLUMNS FROM `version` [ RunTime:0.002756s ]
SQL: SELECT * FROM `version` ORDER BY id desc LIMIT 1   [ RunTime:0.000968s ]

[ 2016-11-20T16:55:52+08:00 ] 192.168.0.104 /demo/index.php/App/version
INFO: [ route_check ] --START--
INFO: CheckRoute Behavior ::run [ RunTime:0.003468s ]
INFO: [ route_check ] --END-- [ RunTime:0.003606s ]
INFO: [ app_begin ] --START--
INFO: ReadHtmlCache Behavior ::run [ RunTime:0.005523s ]
INFO: [ app_begin ] --END-- [ RunTime:0.005677s ]
SQL: SHOW COLUMNS FROM `version` [ RunTime:0.003880s ]
SQL: SELECT * FROM `version` ORDER BY id desc LIMIT 1   [ RunTime:0.001345s ]

[ 2016-11-20T16:55:52+08:00 ] 192.168.0.104 /demo/index.php/App/version
INFO: [ route_check ] --START--
INFO: CheckRoute Behavior ::run [ RunTime:0.002518s ]
INFO: [ route_check ] --END-- [ RunTime:0.002628s ]
INFO: [ app_begin ] --START--
INFO: ReadHtmlCache Behavior ::run [ RunTime:0.003493s ]
INFO: [ app_begin ] --END-- [ RunTime:0.003745s ]
SQL: SHOW COLUMNS FROM `version` [ RunTime:0.002883s ]
SQL: SELECT * FROM `version` ORDER BY id desc LIMIT 1   [ RunTime:0.000929s ]

[ 2016-11-20T16:55:53+08:00 ] 192.168.0.104 /demo/index.php/App/version
INFO: [ route_check ] --START--
INFO: CheckRoute Behavior ::run [ RunTime:0.002431s ]
INFO: [ route_check ] --END-- [ RunTime:0.002549s ]
INFO: [ app_begin ] --START--
INFO: ReadHtmlCache Behavior ::run [ RunTime:0.001899s ]
INFO: [ app_begin ] --END-- [ RunTime:0.001972s ]
SQL: SHOW COLUMNS FROM `version` [ RunTime:0.002131s ]
SQL: SELECT * FROM `version` ORDER BY id desc LIMIT 1   [ RunTime:0.000789s ]

[ 2016-11-20T16:55:53+08:00 ] 192.168.0.104 /demo/index.php/App/version
INFO: [ route_check ] --START--
INFO: CheckRoute Behavior ::run [ RunTime:0.003966s ]
INFO: [ route_check ] --END-- [ RunTime:0.004079s ]
INFO: [ app_begin ] --START--
INFO: ReadHtmlCache Behavior ::run [ RunTime:0.001854s ]
INFO: [ app_begin ] --END-- [ RunTime:0.001923s ]
SQL: SHOW COLUMNS FROM `version` [ RunTime:0.002243s ]
SQL: SELECT * FROM `version` ORDER BY id desc LIMIT 1   [ RunTime:0.000927s ]

[ 2016-11-20T16:56:00+08:00 ] 192.168.0.104 /demo/index.php/App/version
INFO: [ route_check ] --START--
INFO: CheckRoute Behavior ::run [ RunTime:0.003285s ]
INFO: [ route_check ] --END-- [ RunTime:0.003515s ]
INFO: [ app_begin ] --START--
INFO: ReadHtmlCache Behavior ::run [ RunTime:0.002605s ]
INFO: [ app_begin ] --END-- [ RunTime:0.002729s ]
SQL: SHOW COLUMNS FROM `version` [ RunTime:0.004285s ]
SQL: SELECT * FROM `version` ORDER BY id desc LIMIT 1   [ RunTime:0.000862s ]

[ 2016-11-20T16:56:01+08:00 ] 192.168.0.104 /demo/index.php/App/version
INFO: [ route_check ] --START--
INFO: CheckRoute Behavior ::run [ RunTime:0.002179s ]
INFO: [ route_check ] --END-- [ RunTime:0.002272s ]
INFO: [ app_begin ] --START--
INFO: ReadHtmlCache Behavior ::run [ RunTime:0.004761s ]
INFO: [ app_begin ] --END-- [ RunTime:0.004980s ]
SQL: SHOW COLUMNS FROM `version` [ RunTime:0.003851s ]
SQL: SELECT * FROM `version` ORDER BY id desc LIMIT 1   [ RunTime:0.000867s ]

[ 2016-11-20T16:56:01+08:00 ] 192.168.0.104 /demo/index.php/App/version
INFO: [ route_check ] --START--
INFO: CheckRoute Behavior ::run [ RunTime:0.003060s ]
INFO: [ route_check ] --END-- [ RunTime:0.003222s ]
INFO: [ app_begin ] --START--
INFO: ReadHtmlCache Behavior ::run [ RunTime:0.004207s ]
INFO: [ app_begin ] --END-- [ RunTime:0.004312s ]
SQL: SHOW COLUMNS FROM `version` [ RunTime:0.002864s ]
SQL: SELECT * FROM `version` ORDER BY id desc LIMIT 1   [ RunTime:0.002641s ]

[ 2016-11-20T16:56:01+08:00 ] 192.168.0.104 /demo/index.php/App/version
INFO: [ route_check ] --START--
INFO: CheckRoute Behavior ::run [ RunTime:0.002289s ]
INFO: [ route_check ] --END-- [ RunTime:0.002411s ]
INFO: [ app_begin ] --START--
INFO: ReadHtmlCache Behavior ::run [ RunTime:0.002112s ]
INFO: [ app_begin ] --END-- [ RunTime:0.002227s ]
SQL: SHOW COLUMNS FROM `version` [ RunTime:0.002160s ]
SQL: SELECT * FROM `version` ORDER BY id desc LIMIT 1   [ RunTime:0.000737s ]

[ 2016-11-20T16:56:03+08:00 ] 192.168.0.104 /demo/index.php/App/version
INFO: [ route_check ] --START--
INFO: CheckRoute Behavior ::run [ RunTime:0.003328s ]
INFO: [ route_check ] --END-- [ RunTime:0.003456s ]
INFO: [ app_begin ] --START--
INFO: ReadHtmlCache Behavior ::run [ RunTime:0.002694s ]
INFO: [ app_begin ] --END-- [ RunTime:0.002827s ]
SQL: SHOW COLUMNS FROM `version` [ RunTime:0.003634s ]
SQL: SELECT * FROM `version` ORDER BY id desc LIMIT 1   [ RunTime:0.001564s ]

[ 2016-11-20T16:56:03+08:00 ] 192.168.0.104 /demo/index.php/App/version
INFO: [ route_check ] --START--
INFO: CheckRoute Behavior ::run [ RunTime:0.002108s ]
INFO: [ route_check ] --END-- [ RunTime:0.002203s ]
INFO: [ app_begin ] --START--
INFO: ReadHtmlCache Behavior ::run [ RunTime:0.002378s ]
INFO: [ app_begin ] --END-- [ RunTime:0.002484s ]
SQL: SHOW COLUMNS FROM `version` [ RunTime:0.002653s ]
SQL: SELECT * FROM `version` ORDER BY id desc LIMIT 1   [ RunTime:0.000818s ]

[ 2016-11-20T16:56:04+08:00 ] 192.168.0.104 /demo/index.php/App/version
INFO: [ route_check ] --START--
INFO: CheckRoute Behavior ::run [ RunTime:0.002355s ]
INFO: [ route_check ] --END-- [ RunTime:0.002473s ]
INFO: [ app_begin ] --START--
INFO: ReadHtmlCache Behavior ::run [ RunTime:0.004777s ]
INFO: [ app_begin ] --END-- [ RunTime:0.004880s ]
SQL: SHOW COLUMNS FROM `version` [ RunTime:0.003711s ]
SQL: SELECT * FROM `version` ORDER BY id desc LIMIT 1   [ RunTime:0.002052s ]

[ 2016-11-20T16:56:04+08:00 ] 192.168.0.104 /demo/index.php/App/version
INFO: [ route_check ] --START--
INFO: CheckRoute Behavior ::run [ RunTime:0.002175s ]
INFO: [ route_check ] --END-- [ RunTime:0.002273s ]
INFO: [ app_begin ] --START--
INFO: ReadHtmlCache Behavior ::run [ RunTime:0.004510s ]
INFO: [ app_begin ] --END-- [ RunTime:0.004605s ]
SQL: SHOW COLUMNS FROM `version` [ RunTime:0.002049s ]
SQL: SELECT * FROM `version` ORDER BY id desc LIMIT 1   [ RunTime:0.002408s ]

[ 2016-11-20T16:56:04+08:00 ] 192.168.0.104 /demo/index.php/App/version
INFO: [ route_check ] --START--
INFO: CheckRoute Behavior ::run [ RunTime:0.003294s ]
INFO: [ route_check ] --END-- [ RunTime:0.003416s ]
INFO: [ app_begin ] --START--
INFO: ReadHtmlCache Behavior ::run [ RunTime:0.002549s ]
INFO: [ app_begin ] --END-- [ RunTime:0.002797s ]
SQL: SHOW COLUMNS FROM `version` [ RunTime:0.003672s ]
SQL: SELECT * FROM `version` ORDER BY id desc LIMIT 1   [ RunTime:0.000775s ]

[ 2016-11-20T16:56:28+08:00 ] 192.168.0.104 /demo/index.php/App/version
INFO: [ route_check ] --START--
INFO: CheckRoute Behavior ::run [ RunTime:0.003378s ]
INFO: [ route_check ] --END-- [ RunTime:0.003493s ]
INFO: [ app_begin ] --START--
INFO: ReadHtmlCache Behavior ::run [ RunTime:0.004434s ]
INFO: [ app_begin ] --END-- [ RunTime:0.004546s ]
SQL: SHOW COLUMNS FROM `version` [ RunTime:0.004554s ]
SQL: SELECT * FROM `version` ORDER BY id desc LIMIT 1   [ RunTime:0.001002s ]

[ 2016-11-20T16:56:35+08:00 ] 192.168.0.104 /demo/index.php/App/version
INFO: [ route_check ] --START--
INFO: CheckRoute Behavior ::run [ RunTime:0.002930s ]
INFO: [ route_check ] --END-- [ RunTime:0.003050s ]
INFO: [ app_begin ] --START--
INFO: ReadHtmlCache Behavior ::run [ RunTime:0.005066s ]
INFO: [ app_begin ] --END-- [ RunTime:0.005186s ]
SQL: SHOW COLUMNS FROM `version` [ RunTime:0.004601s ]
SQL: SELECT * FROM `version` ORDER BY id desc LIMIT 1   [ RunTime:0.000849s ]

[ 2016-11-20T16:57:00+08:00 ] 192.168.0.104 /demo/index.php/App/version
INFO: [ route_check ] --START--
INFO: CheckRoute Behavior ::run [ RunTime:0.003805s ]
INFO: [ route_check ] --END-- [ RunTime:0.003938s ]
INFO: [ app_begin ] --START--
INFO: ReadHtmlCache Behavior ::run [ RunTime:0.004939s ]
INFO: [ app_begin ] --END-- [ RunTime:0.005067s ]
SQL: SHOW COLUMNS FROM `version` [ RunTime:0.005718s ]
SQL: SELECT * FROM `version` ORDER BY id desc LIMIT 1   [ RunTime:0.000822s ]

[ 2016-11-20T16:57:07+08:00 ] 192.168.0.104 /demo/index.php/App/version
INFO: [ route_check ] --START--
INFO: CheckRoute Behavior ::run [ RunTime:0.002290s ]
INFO: [ route_check ] --END-- [ RunTime:0.002394s ]
INFO: [ app_begin ] --START--
INFO: ReadHtmlCache Behavior ::run [ RunTime:0.001939s ]
INFO: [ app_begin ] --END-- [ RunTime:0.002020s ]
SQL: SHOW COLUMNS FROM `version` [ RunTime:0.002397s ]
SQL: SELECT * FROM `version` ORDER BY id desc LIMIT 1   [ RunTime:0.000820s ]

[ 2016-11-20T16:57:27+08:00 ] 192.168.0.104 /demo/index.php/App/version
INFO: [ route_check ] --START--
INFO: CheckRoute Behavior ::run [ RunTime:0.001607s ]
INFO: [ route_check ] --END-- [ RunTime:0.001707s ]
INFO: [ app_begin ] --START--
INFO: ReadHtmlCache Behavior ::run [ RunTime:0.001491s ]
INFO: [ app_begin ] --END-- [ RunTime:0.001603s ]
SQL: SHOW COLUMNS FROM `version` [ RunTime:0.003101s ]
SQL: SELECT * FROM `version` ORDER BY id desc LIMIT 1   [ RunTime:0.000817s ]

[ 2016-11-20T17:05:49+08:00 ] 192.168.0.104 /demo/index.php/App/version
INFO: [ route_check ] --START--
INFO: CheckRoute Behavior ::run [ RunTime:0.005248s ]
INFO: [ route_check ] --END-- [ RunTime:0.005462s ]
INFO: [ app_begin ] --START--
INFO: ReadHtmlCache Behavior ::run [ RunTime:0.005549s ]
INFO: [ app_begin ] --END-- [ RunTime:0.005737s ]
SQL: SHOW COLUMNS FROM `version` [ RunTime:0.003224s ]
SQL: SELECT * FROM `version` ORDER BY id desc LIMIT 1   [ RunTime:0.000896s ]

[ 2016-11-20T17:07:57+08:00 ] 192.168.0.104 /demo/index.php/App/version
INFO: [ route_check ] --START--
INFO: CheckRoute Behavior ::run [ RunTime:0.005535s ]
INFO: [ route_check ] --END-- [ RunTime:0.005693s ]
INFO: [ app_begin ] --START--
INFO: ReadHtmlCache Behavior ::run [ RunTime:0.004035s ]
INFO: [ app_begin ] --END-- [ RunTime:0.004130s ]
SQL: SHOW COLUMNS FROM `version` [ RunTime:0.002807s ]
SQL: SELECT * FROM `version` ORDER BY id desc LIMIT 1   [ RunTime:0.001380s ]

[ 2016-11-20T17:08:00+08:00 ] 192.168.0.104 /demo/index.php/App/version
INFO: [ route_check ] --START--
INFO: CheckRoute Behavior ::run [ RunTime:0.003415s ]
INFO: [ route_check ] --END-- [ RunTime:0.003697s ]
INFO: [ app_begin ] --START--
INFO: ReadHtmlCache Behavior ::run [ RunTime:0.001897s ]
INFO: [ app_begin ] --END-- [ RunTime:0.002017s ]
SQL: SHOW COLUMNS FROM `version` [ RunTime:0.007233s ]
SQL: SELECT * FROM `version` ORDER BY id desc LIMIT 1   [ RunTime:0.001026s ]

[ 2016-11-20T17:10:14+08:00 ] 192.168.0.104 /demo/index.php/App/version
INFO: [ route_check ] --START--
INFO: CheckRoute Behavior ::run [ RunTime:0.007445s ]
INFO: [ route_check ] --END-- [ RunTime:0.007602s ]
INFO: [ app_begin ] --START--
INFO: ReadHtmlCache Behavior ::run [ RunTime:0.003405s ]
INFO: [ app_begin ] --END-- [ RunTime:0.003562s ]
SQL: SHOW COLUMNS FROM `version` [ RunTime:0.002717s ]
SQL: SELECT * FROM `version` ORDER BY id desc LIMIT 1   [ RunTime:0.002864s ]

[ 2016-11-20T21:52:37+08:00 ] 192.168.0.104 /demo/index.php/App/add_topic?phone=null&content=1313&img=&t=0.43546243919990957&package_name_data=HBuilder
INFO: [ route_check ] --START--
INFO: CheckRoute Behavior ::run [ RunTime:0.004075s ]
INFO: [ route_check ] --END-- [ RunTime:0.007882s ]
INFO: [ app_begin ] --START--
INFO: ReadHtmlCache Behavior ::run [ RunTime:0.006683s ]
INFO: [ app_begin ] --END-- [ RunTime:0.006829s ]
SQL: SHOW COLUMNS FROM `topic` [ RunTime:0.004470s ]
SQL: INSERT INTO `topic` (`phone`,`content`,`img`,`time`) VALUES ('null','1313','',1479649957) [ RunTime:0.002101s ]

[ 2016-11-20T21:53:15+08:00 ] 192.168.0.104 /demo/index.php/App/login?phone_data=13576967557&password_data=123456
INFO: [ route_check ] --START--
INFO: CheckRoute Behavior ::run [ RunTime:0.001888s ]
INFO: [ route_check ] --END-- [ RunTime:0.002043s ]
INFO: [ app_begin ] --START--
INFO: ReadHtmlCache Behavior ::run [ RunTime:0.002114s ]
INFO: [ app_begin ] --END-- [ RunTime:0.002222s ]
SQL: SHOW COLUMNS FROM `user` [ RunTime:0.003440s ]
SQL: SELECT * FROM `user` WHERE ( `phone`='13576967557' ) LIMIT 1   [ RunTime:0.882098s ]

[ 2016-11-20T21:53:16+08:00 ] 192.168.0.104 /demo/index.php/App/login?phone_data=13576967557&password_data=123456
INFO: [ route_check ] --START--
INFO: CheckRoute Behavior ::run [ RunTime:0.001123s ]
INFO: [ route_check ] --END-- [ RunTime:0.001253s ]
INFO: [ app_begin ] --START--
INFO: ReadHtmlCache Behavior ::run [ RunTime:0.003997s ]
INFO: [ app_begin ] --END-- [ RunTime:0.004113s ]
SQL: SHOW COLUMNS FROM `user` [ RunTime:0.002684s ]
SQL: SELECT * FROM `user` WHERE ( `phone`='13576967557' ) LIMIT 1   [ RunTime:0.002570s ]

[ 2016-11-20T21:53:22+08:00 ] 192.168.0.104 /demo/index.php/App/login?phone_data=13576967557&password_data=666
INFO: [ route_check ] --START--
INFO: CheckRoute Behavior ::run [ RunTime:0.001007s ]
INFO: [ route_check ] --END-- [ RunTime:0.001144s ]
INFO: [ app_begin ] --START--
INFO: ReadHtmlCache Behavior ::run [ RunTime:0.003140s ]
INFO: [ app_begin ] --END-- [ RunTime:0.003258s ]
SQL: SHOW COLUMNS FROM `user` [ RunTime:0.007137s ]
SQL: SELECT * FROM `user` WHERE ( `phone`='13576967557' ) LIMIT 1   [ RunTime:0.000954s ]

[ 2016-11-20T21:53:22+08:00 ] 192.168.0.104 /demo/index.php/App/get_user_info?phone=13576967557
INFO: [ route_check ] --START--
INFO: CheckRoute Behavior ::run [ RunTime:0.001319s ]
INFO: [ route_check ] --END-- [ RunTime:0.001473s ]
INFO: [ app_begin ] --START--
INFO: ReadHtmlCache Behavior ::run [ RunTime:0.006272s ]
INFO: [ app_begin ] --END-- [ RunTime:0.006565s ]
SQL: SHOW COLUMNS FROM `user` [ RunTime:0.002639s ]
SQL: SELECT * FROM `user` WHERE ( `phone`='13576967557' ) LIMIT 1   [ RunTime:0.001235s ]

[ 2016-11-20T21:53:34+08:00 ] 192.168.0.104 /demo/index.php/App/add_topic?phone=13576967557&content=132&img=&t=0.2977978060953319&package_name_data=HBuilder
INFO: [ route_check ] --START--
INFO: CheckRoute Behavior ::run [ RunTime:0.001154s ]
INFO: [ route_check ] --END-- [ RunTime:0.001327s ]
INFO: [ app_begin ] --START--
INFO: ReadHtmlCache Behavior ::run [ RunTime:0.002340s ]
INFO: [ app_begin ] --END-- [ RunTime:0.002438s ]
SQL: SHOW COLUMNS FROM `topic` [ RunTime:0.004944s ]
SQL: INSERT INTO `topic` (`phone`,`content`,`img`,`time`) VALUES ('13576967557','132','',1479650013) [ RunTime:0.000760s ]

[ 2016-11-20T21:57:28+08:00 ] 192.168.0.104 /demo/index.php/App/add_topic?phone=13576967557&content=12&img=http://peipao.dongyixueyuan.com/Public/Img/head_img/head_1479650239911.png&t=0.14967693062499166&package_name_data=HBuilder
INFO: [ route_check ] --START--
INFO: CheckRoute Behavior ::run [ RunTime:0.001665s ]
INFO: [ route_check ] --END-- [ RunTime:0.001777s ]
INFO: [ app_begin ] --START--
INFO: ReadHtmlCache Behavior ::run [ RunTime:0.001273s ]
INFO: [ app_begin ] --END-- [ RunTime:0.001383s ]
SQL: SHOW COLUMNS FROM `topic` [ RunTime:0.002755s ]
SQL: INSERT INTO `topic` (`phone`,`content`,`img`,`time`) VALUES ('13576967557','12','http://peipao.dongyixueyuan.com/Public/Img/head_img/head_1479650239911.png',1479650248) [ RunTime:0.001960s ]

