[ 2016-11-18T09:17:34+08:00 ] 192.168.1.62 /demo/index.php/App/login?phone_data=13576967557&password_data=123
INFO: [ route_check ] --START--
INFO: CheckRoute Behavior ::run [ RunTime:0.005157s ]
INFO: [ route_check ] --END-- [ RunTime:0.005478s ]
INFO: [ app_begin ] --START--
INFO: ReadHtmlCache Behavior ::run [ RunTime:0.003281s ]
INFO: [ app_begin ] --END-- [ RunTime:0.003550s ]
SQL: SHOW COLUMNS FROM `user` [ RunTime:0.020323s ]
SQL: SELECT * FROM `user` WHERE ( `phone`='13576967557' ) LIMIT 1   [ RunTime:0.000973s ]

[ 2016-11-18T09:17:34+08:00 ] 192.168.1.62 /demo/index.php/App/get_user_info?phone=13576967557
INFO: [ route_check ] --START--
INFO: CheckRoute Behavior ::run [ RunTime:0.002024s ]
INFO: [ route_check ] --END-- [ RunTime:0.002246s ]
INFO: [ app_begin ] --START--
INFO: ReadHtmlCache Behavior ::run [ RunTime:0.001305s ]
INFO: [ app_begin ] --END-- [ RunTime:0.001445s ]
SQL: SHOW COLUMNS FROM `user` [ RunTime:0.004454s ]
SQL: SELECT * FROM `user` WHERE ( `phone`='13576967557' ) LIMIT 1   [ RunTime:0.001008s ]

[ 2016-11-18T09:30:58+08:00 ] 192.168.1.62 /demo/index.php/App/get_user_info?phone=13576967557
INFO: [ route_check ] --START--
INFO: CheckRoute Behavior ::run [ RunTime:0.003936s ]
INFO: [ route_check ] --END-- [ RunTime:0.004156s ]
INFO: [ app_begin ] --START--
INFO: ReadHtmlCache Behavior ::run [ RunTime:0.002954s ]
INFO: [ app_begin ] --END-- [ RunTime:0.003118s ]
SQL: SHOW COLUMNS FROM `user` [ RunTime:0.005781s ]
SQL: SELECT * FROM `user` WHERE ( `phone`='13576967557' ) LIMIT 1   [ RunTime:0.001490s ]

[ 2016-11-18T15:27:25+08:00 ] 127.0.0.1 /demo/index.php/App/login
INFO: [ route_check ] --START--
INFO: CheckRoute Behavior ::run [ RunTime:0.002099s ]
INFO: [ route_check ] --END-- [ RunTime:0.002373s ]
INFO: [ app_begin ] --START--
INFO: ReadHtmlCache Behavior ::run [ RunTime:0.001625s ]
INFO: [ app_begin ] --END-- [ RunTime:0.001721s ]
NOTIC: [8] Undefined index:  phone_data D:\phpserv\AppServ\www\demo\WEB\Lib\Action\AppAction.class.php 第 27 行.
NOTIC: [8] Undefined index:  password_data D:\phpserv\AppServ\www\demo\WEB\Lib\Action\AppAction.class.php 第 28 行.
SQL: SHOW COLUMNS FROM `user` [ RunTime:0.003009s ]
SQL: SELECT * FROM `user` WHERE ( `phone`='' ) LIMIT 1   [ RunTime:0.000781s ]

[ 2016-11-18T15:49:19+08:00 ] 192.168.1.62 /demo/index.php/App/mod_user?phone_data=13576967557&img=http://peipao.dongyixueyuan.com/Public/Img/head_img/head_1479455349940.png&nickname=123&t=0.3084963804576546&package_name_data=HBuilder
INFO: [ route_check ] --START--
INFO: CheckRoute Behavior ::run [ RunTime:0.005409s ]
INFO: [ route_check ] --END-- [ RunTime:0.005698s ]
INFO: [ app_begin ] --START--
INFO: ReadHtmlCache Behavior ::run [ RunTime:0.003282s ]
INFO: [ app_begin ] --END-- [ RunTime:0.003571s ]
NOTIC: [8] Undefined index:  phone D:\phpserv\AppServ\www\demo\WEB\Lib\Action\AppAction.class.php 第 45 行.
SQL: SHOW COLUMNS FROM `user` [ RunTime:0.002669s ]
SQL: UPDATE `user` SET `nickname`='123' WHERE ( `phone`='' ) [ RunTime:0.000761s ]

[ 2016-11-18T16:12:56+08:00 ] 192.168.1.62 /demo/index.php/App/mod_user?phone_data=13576967557&head_img=http://peipao.dongyixueyuan.com/Public/Img/head_img/head_1479456766394.png&nickname=123&t=0.4211057696957141&package_name_data=HBuilder
INFO: [ route_check ] --START--
INFO: CheckRoute Behavior ::run [ RunTime:0.002343s ]
INFO: [ route_check ] --END-- [ RunTime:0.002445s ]
INFO: [ app_begin ] --START--
INFO: ReadHtmlCache Behavior ::run [ RunTime:0.005077s ]
INFO: [ app_begin ] --END-- [ RunTime:0.005193s ]
NOTIC: [8] Undefined index:  phone D:\phpserv\AppServ\www\demo\WEB\Lib\Action\AppAction.class.php 第 45 行.
SQL: SHOW COLUMNS FROM `user` [ RunTime:0.002892s ]
SQL: UPDATE `user` SET `head_img`='http://peipao.dongyixueyuan.com/Public/Img/head_img/head_1479456766394.png',`nickname`='123' WHERE ( `phone`='' ) [ RunTime:0.000669s ]

[ 2016-11-18T16:16:19+08:00 ] 192.168.1.62 /demo/index.php/App/mod_user?phone_data=13576967557&head_img=&nickname=123&t=0.29749530530534685&package_name_data=HBuilder
INFO: [ route_check ] --START--
INFO: CheckRoute Behavior ::run [ RunTime:0.002708s ]
INFO: [ route_check ] --END-- [ RunTime:0.002815s ]
INFO: [ app_begin ] --START--
INFO: ReadHtmlCache Behavior ::run [ RunTime:0.005308s ]
INFO: [ app_begin ] --END-- [ RunTime:0.005416s ]
NOTIC: [8] Undefined index:  phone D:\phpserv\AppServ\www\demo\WEB\Lib\Action\AppAction.class.php 第 45 行.
SQL: SHOW COLUMNS FROM `user` [ RunTime:0.003160s ]
SQL: UPDATE `user` SET `head_img`='',`nickname`='123' WHERE ( `phone`='' ) [ RunTime:0.000679s ]

[ 2016-11-18T16:24:19+08:00 ] 127.0.0.1 /demo/index.php/Index/say
INFO: [ route_check ] --START--
INFO: CheckRoute Behavior ::run [ RunTime:0.002450s ]
INFO: [ route_check ] --END-- [ RunTime:0.002561s ]
INFO: [ app_begin ] --START--
INFO: ReadHtmlCache Behavior ::run [ RunTime:0.002045s ]
INFO: [ app_begin ] --END-- [ RunTime:0.002126s ]

[ 2016-11-18T16:24:27+08:00 ] 127.0.0.1 /demo/index.php/Index/say
INFO: [ route_check ] --START--
INFO: CheckRoute Behavior ::run [ RunTime:0.002680s ]
INFO: [ route_check ] --END-- [ RunTime:0.002837s ]
INFO: [ app_begin ] --START--
INFO: ReadHtmlCache Behavior ::run [ RunTime:0.001804s ]
INFO: [ app_begin ] --END-- [ RunTime:0.001899s ]

[ 2016-11-18T16:24:36+08:00 ] 127.0.0.1 /demo/index.php/App/mo
INFO: [ route_check ] --START--
INFO: CheckRoute Behavior ::run [ RunTime:0.002161s ]
INFO: [ route_check ] --END-- [ RunTime:0.002247s ]
INFO: [ app_begin ] --START--
INFO: ReadHtmlCache Behavior ::run [ RunTime:0.001587s ]
INFO: [ app_begin ] --END-- [ RunTime:0.001661s ]

[ 2016-11-18T16:24:44+08:00 ] 127.0.0.1 /demo/index.php/App/mod_user
INFO: [ route_check ] --START--
INFO: CheckRoute Behavior ::run [ RunTime:0.001741s ]
INFO: [ route_check ] --END-- [ RunTime:0.001844s ]
INFO: [ app_begin ] --START--
INFO: ReadHtmlCache Behavior ::run [ RunTime:0.001309s ]
INFO: [ app_begin ] --END-- [ RunTime:0.001382s ]

[ 2016-11-18T16:24:59+08:00 ] 127.0.0.1 /demo/index.php/App/Action
INFO: [ route_check ] --START--
INFO: CheckRoute Behavior ::run [ RunTime:0.001711s ]
INFO: [ route_check ] --END-- [ RunTime:0.001805s ]
INFO: [ app_begin ] --START--
INFO: ReadHtmlCache Behavior ::run [ RunTime:0.001259s ]
INFO: [ app_begin ] --END-- [ RunTime:0.001333s ]

[ 2016-11-18T16:25:03+08:00 ] 127.0.0.1 /demo/index.php/App/Action
INFO: [ route_check ] --START--
INFO: CheckRoute Behavior ::run [ RunTime:0.000942s ]
INFO: [ route_check ] --END-- [ RunTime:0.001037s ]
INFO: [ app_begin ] --START--
INFO: ReadHtmlCache Behavior ::run [ RunTime:0.000546s ]
INFO: [ app_begin ] --END-- [ RunTime:0.000610s ]

[ 2016-11-18T16:26:06+08:00 ] 127.0.0.1 /demo/index.php/App/Action
INFO: [ route_check ] --START--
INFO: CheckRoute Behavior ::run [ RunTime:0.001660s ]
INFO: [ route_check ] --END-- [ RunTime:0.001754s ]
INFO: [ app_begin ] --START--
INFO: ReadHtmlCache Behavior ::run [ RunTime:0.001272s ]
INFO: [ app_begin ] --END-- [ RunTime:0.001351s ]
ERR: 非法操作:Action

[ 2016-11-18T16:26:07+08:00 ] 127.0.0.1 /demo/index.php/App/Action
INFO: [ route_check ] --START--
INFO: CheckRoute Behavior ::run [ RunTime:0.000835s ]
INFO: [ route_check ] --END-- [ RunTime:0.000922s ]
INFO: [ app_begin ] --START--
INFO: ReadHtmlCache Behavior ::run [ RunTime:0.000645s ]
INFO: [ app_begin ] --END-- [ RunTime:0.000726s ]
ERR: 非法操作:Action

[ 2016-11-18T16:26:07+08:00 ] 127.0.0.1 /demo/index.php/App/Action
INFO: [ route_check ] --START--
INFO: CheckRoute Behavior ::run [ RunTime:0.001354s ]
INFO: [ route_check ] --END-- [ RunTime:0.001472s ]
INFO: [ app_begin ] --START--
INFO: ReadHtmlCache Behavior ::run [ RunTime:0.000621s ]
INFO: [ app_begin ] --END-- [ RunTime:0.000696s ]
ERR: 非法操作:Action

[ 2016-11-18T16:26:07+08:00 ] 127.0.0.1 /demo/index.php/App/Action
INFO: [ route_check ] --START--
INFO: CheckRoute Behavior ::run [ RunTime:0.000870s ]
INFO: [ route_check ] --END-- [ RunTime:0.000975s ]
INFO: [ app_begin ] --START--
INFO: ReadHtmlCache Behavior ::run [ RunTime:0.000590s ]
INFO: [ app_begin ] --END-- [ RunTime:0.000658s ]
ERR: 非法操作:Action

[ 2016-11-18T16:26:26+08:00 ] 192.168.1.62 /demo/index.php/App/Action
INFO: [ route_check ] --START--
INFO: CheckRoute Behavior ::run [ RunTime:0.000795s ]
INFO: [ route_check ] --END-- [ RunTime:0.000881s ]
INFO: [ app_begin ] --START--
INFO: ReadHtmlCache Behavior ::run [ RunTime:0.000499s ]
INFO: [ app_begin ] --END-- [ RunTime:0.000578s ]
ERR: 非法操作:Action

[ 2016-11-18T16:26:28+08:00 ] 192.168.1.62 /demo/index.php/App/Action
INFO: [ route_check ] --START--
INFO: CheckRoute Behavior ::run [ RunTime:0.000766s ]
INFO: [ route_check ] --END-- [ RunTime:0.000876s ]
INFO: [ app_begin ] --START--
INFO: ReadHtmlCache Behavior ::run [ RunTime:0.000678s ]
INFO: [ app_begin ] --END-- [ RunTime:0.000793s ]
ERR: 非法操作:Action

[ 2016-11-18T16:26:44+08:00 ] 192.168.1.62 /demo/index.php/App/mod_user
INFO: [ route_check ] --START--
INFO: CheckRoute Behavior ::run [ RunTime:0.000828s ]
INFO: [ route_check ] --END-- [ RunTime:0.000918s ]
INFO: [ app_begin ] --START--
INFO: ReadHtmlCache Behavior ::run [ RunTime:0.001085s ]
INFO: [ app_begin ] --END-- [ RunTime:0.001848s ]

[ 2016-11-18T16:27:38+08:00 ] 192.168.1.62 /demo/index.php/App/mod_user?phone=13576967557&head_img=http://peipao.dongyixueyuan.com/Public/Img/head_img/head_1479457649383.png&nickname=123&t=0.9955002006608993&package_name_data=HBuilder
INFO: [ route_check ] --START--
INFO: CheckRoute Behavior ::run [ RunTime:0.002610s ]
INFO: [ route_check ] --END-- [ RunTime:0.002912s ]
INFO: [ app_begin ] --START--
INFO: ReadHtmlCache Behavior ::run [ RunTime:0.001733s ]
INFO: [ app_begin ] --END-- [ RunTime:0.001863s ]

[ 2016-11-18T16:31:24+08:00 ] 192.168.1.62 /demo/index.php/App/mod_user?phone=13576967557&head_img=&nickname=234&t=0.872773022390902&package_name_data=HBuilder
INFO: [ route_check ] --START--
INFO: CheckRoute Behavior ::run [ RunTime:0.003490s ]
INFO: [ route_check ] --END-- [ RunTime:0.003810s ]
INFO: [ app_begin ] --START--
INFO: ReadHtmlCache Behavior ::run [ RunTime:0.001861s ]
INFO: [ app_begin ] --END-- [ RunTime:0.002020s ]
SQL: SHOW COLUMNS FROM `user` [ RunTime:0.002348s ]
SQL: UPDATE `user` SET `phone`='13576967557',`head_img`='',`nickname`='234' WHERE ( `phone`='13576967557' ) [ RunTime:0.000832s ]

[ 2016-11-18T16:43:28+08:00 ] 192.168.1.62 /demo/index.php/App/mod_user?phone=13576967557&head_img=http://peipao.dongyixueyuan.com/Public/Img/head_img/head_1479458600846.png&nickname=1233&t=0.6461760399397463&package_name_data=HBuilder
INFO: [ route_check ] --START--
INFO: CheckRoute Behavior ::run [ RunTime:0.001617s ]
INFO: [ route_check ] --END-- [ RunTime:0.001727s ]
INFO: [ app_begin ] --START--
INFO: ReadHtmlCache Behavior ::run [ RunTime:0.001333s ]
INFO: [ app_begin ] --END-- [ RunTime:0.001407s ]
SQL: SHOW COLUMNS FROM `user` [ RunTime:0.002532s ]
SQL: UPDATE `user` SET `phone`='13576967557',`head_img`='http://peipao.dongyixueyuan.com/Public/Img/head_img/head_1479458600846.png',`nickname`='1233' WHERE ( `phone`='13576967557' ) [ RunTime:0.000873s ]

[ 2016-11-18T16:52:29+08:00 ] 192.168.1.62 /demo/index.php/App/mod_user?phone=13576967557&head_img=http://peipao.dongyixueyuan.com/Public/Img/head_img/head_1479459137861.png&nickname=123&t=0.5941445585340261&package_name_data=HBuilder
INFO: [ route_check ] --START--
INFO: CheckRoute Behavior ::run [ RunTime:0.002232s ]
INFO: [ route_check ] --END-- [ RunTime:0.002368s ]
INFO: [ app_begin ] --START--
INFO: ReadHtmlCache Behavior ::run [ RunTime:0.001610s ]
INFO: [ app_begin ] --END-- [ RunTime:0.001707s ]
SQL: SHOW COLUMNS FROM `user` [ RunTime:0.002832s ]
SQL: UPDATE `user` SET `phone`='13576967557',`head_img`='http://peipao.dongyixueyuan.com/Public/Img/head_img/head_1479459137861.png',`nickname`='123' WHERE ( `phone`='13576967557' ) [ RunTime:0.000871s ]

[ 2016-11-18T17:08:12+08:00 ] 192.168.1.62 /demo/index.php/App/mod_user?phone=13576967557&head_img=http://peipao.dongyixueyuan.com/Public/Img/head_img/head_1479460084491.png&nickname=123&t=0.7821266176179051&package_name_data=HBuilder
INFO: [ route_check ] --START--
INFO: CheckRoute Behavior ::run [ RunTime:0.004324s ]
INFO: [ route_check ] --END-- [ RunTime:0.004449s ]
INFO: [ app_begin ] --START--
INFO: ReadHtmlCache Behavior ::run [ RunTime:0.004297s ]
INFO: [ app_begin ] --END-- [ RunTime:0.004549s ]
SQL: SHOW COLUMNS FROM `user` [ RunTime:0.003661s ]
SQL: UPDATE `user` SET `phone`='13576967557',`head_img`='http://peipao.dongyixueyuan.com/Public/Img/head_img/head_1479460084491.png',`nickname`='123' WHERE ( `phone`='13576967557' ) [ RunTime:0.002005s ]

[ 2016-11-18T17:08:42+08:00 ] 192.168.1.62 /demo/index.php/App/get_user_info?phone=13576967557
INFO: [ route_check ] --START--
INFO: CheckRoute Behavior ::run [ RunTime:0.001429s ]
INFO: [ route_check ] --END-- [ RunTime:0.001587s ]
INFO: [ app_begin ] --START--
INFO: ReadHtmlCache Behavior ::run [ RunTime:0.001005s ]
INFO: [ app_begin ] --END-- [ RunTime:0.001123s ]
SQL: SHOW COLUMNS FROM `user` [ RunTime:0.003026s ]
SQL: SELECT * FROM `user` WHERE ( `phone`='13576967557' ) LIMIT 1   [ RunTime:0.000843s ]

[ 2016-11-18T17:09:12+08:00 ] 192.168.1.62 /demo/index.php/App/get_user_info?phone=13576967557
INFO: [ route_check ] --START--
INFO: CheckRoute Behavior ::run [ RunTime:0.001057s ]
INFO: [ route_check ] --END-- [ RunTime:0.001226s ]
INFO: [ app_begin ] --START--
INFO: ReadHtmlCache Behavior ::run [ RunTime:0.000808s ]
INFO: [ app_begin ] --END-- [ RunTime:0.000909s ]
SQL: SHOW COLUMNS FROM `user` [ RunTime:0.004916s ]
SQL: SELECT * FROM `user` WHERE ( `phone`='13576967557' ) LIMIT 1   [ RunTime:0.001003s ]

[ 2016-11-18T17:09:26+08:00 ] 192.168.1.62 /demo/index.php/App/mod_user?phone=13576967557&head_img=http://peipao.dongyixueyuan.com/Public/Img/head_img/head_1479460158769.png&nickname=123123123&t=0.6707767217885703&package_name_data=HBuilder
INFO: [ route_check ] --START--
INFO: CheckRoute Behavior ::run [ RunTime:0.001264s ]
INFO: [ route_check ] --END-- [ RunTime:0.001384s ]
INFO: [ app_begin ] --START--
INFO: ReadHtmlCache Behavior ::run [ RunTime:0.000832s ]
INFO: [ app_begin ] --END-- [ RunTime:0.000931s ]
SQL: SHOW COLUMNS FROM `user` [ RunTime:0.002936s ]
SQL: UPDATE `user` SET `phone`='13576967557',`head_img`='http://peipao.dongyixueyuan.com/Public/Img/head_img/head_1479460158769.png',`nickname`='123123123' WHERE ( `phone`='13576967557' ) [ RunTime:0.000837s ]

[ 2016-11-18T17:09:26+08:00 ] 192.168.1.62 /demo/index.php/App/get_user_info?phone=13576967557
INFO: [ route_check ] --START--
INFO: CheckRoute Behavior ::run [ RunTime:0.001030s ]
INFO: [ route_check ] --END-- [ RunTime:0.001157s ]
INFO: [ app_begin ] --START--
INFO: ReadHtmlCache Behavior ::run [ RunTime:0.001407s ]
INFO: [ app_begin ] --END-- [ RunTime:0.001937s ]
SQL: SHOW COLUMNS FROM `user` [ RunTime:0.008326s ]
SQL: SELECT * FROM `user` WHERE ( `phone`='13576967557' ) LIMIT 1   [ RunTime:0.001133s ]

[ 2016-11-18T17:09:33+08:00 ] 192.168.1.62 /demo/index.php/App/mod_user?phone=13576967557&head_img=http://peipao.dongyixueyuan.com/Public/Img/head_img/head_1479460158769.png&nickname=1231231231231312&t=0.6473414828069508&package_name_data=HBuilder
INFO: [ route_check ] --START--
INFO: CheckRoute Behavior ::run [ RunTime:0.001142s ]
INFO: [ route_check ] --END-- [ RunTime:0.001281s ]
INFO: [ app_begin ] --START--
INFO: ReadHtmlCache Behavior ::run [ RunTime:0.000797s ]
INFO: [ app_begin ] --END-- [ RunTime:0.000903s ]
SQL: SHOW COLUMNS FROM `user` [ RunTime:0.004150s ]
SQL: UPDATE `user` SET `phone`='13576967557',`head_img`='http://peipao.dongyixueyuan.com/Public/Img/head_img/head_1479460158769.png',`nickname`='1231231231231312' WHERE ( `phone`='13576967557' ) [ RunTime:0.002578s ]

[ 2016-11-18T17:09:33+08:00 ] 192.168.1.62 /demo/index.php/App/get_user_info?phone=13576967557
INFO: [ route_check ] --START--
INFO: CheckRoute Behavior ::run [ RunTime:0.004711s ]
INFO: [ route_check ] --END-- [ RunTime:0.004842s ]
INFO: [ app_begin ] --START--
INFO: ReadHtmlCache Behavior ::run [ RunTime:0.000633s ]
INFO: [ app_begin ] --END-- [ RunTime:0.000710s ]
SQL: SHOW COLUMNS FROM `user` [ RunTime:0.005862s ]
SQL: SELECT * FROM `user` WHERE ( `phone`='13576967557' ) LIMIT 1   [ RunTime:0.003163s ]

[ 2016-11-18T17:11:05+08:00 ] 192.168.1.62 /demo/index.php/App/mod_user?phone=13576967557&head_img=http://peipao.dongyixueyuan.com/Public/Img/head_img/head_1479460257806.png&nickname=789&t=0.3997454878408462&package_name_data=HBuilder
INFO: [ route_check ] --START--
INFO: CheckRoute Behavior ::run [ RunTime:0.001529s ]
INFO: [ route_check ] --END-- [ RunTime:0.001637s ]
INFO: [ app_begin ] --START--
INFO: ReadHtmlCache Behavior ::run [ RunTime:0.001601s ]
INFO: [ app_begin ] --END-- [ RunTime:0.001691s ]
SQL: SHOW COLUMNS FROM `user` [ RunTime:0.002432s ]
SQL: UPDATE `user` SET `phone`='13576967557',`head_img`='http://peipao.dongyixueyuan.com/Public/Img/head_img/head_1479460257806.png',`nickname`='789' WHERE ( `phone`='13576967557' ) [ RunTime:0.000806s ]

[ 2016-11-18T17:11:05+08:00 ] 192.168.1.62 /demo/index.php/App/get_user_info?phone=13576967557
INFO: [ route_check ] --START--
INFO: CheckRoute Behavior ::run [ RunTime:0.000897s ]
INFO: [ route_check ] --END-- [ RunTime:0.000999s ]
INFO: [ app_begin ] --START--
INFO: ReadHtmlCache Behavior ::run [ RunTime:0.000584s ]
INFO: [ app_begin ] --END-- [ RunTime:0.000661s ]
SQL: SHOW COLUMNS FROM `user` [ RunTime:0.003256s ]
SQL: SELECT * FROM `user` WHERE ( `phone`='13576967557' ) LIMIT 1   [ RunTime:0.002448s ]

