[ 2016-11-15T10:32:17+08:00 ] 127.0.0.1 /demo/
INFO: [ app_begin ] --START--
INFO: ReadHtmlCache Behavior ::run [ RunTime:0.001715s ]
INFO: [ app_begin ] --END-- [ RunTime:0.001825s ]

[ 2016-11-15T10:33:08+08:00 ] 127.0.0.1 /demo/
INFO: [ app_begin ] --START--
INFO: ReadHtmlCache Behavior ::run [ RunTime:0.002060s ]
INFO: [ app_begin ] --END-- [ RunTime:0.002211s ]

[ 2016-11-15T10:33:52+08:00 ] 127.0.0.1 /demo/
INFO: [ app_begin ] --START--
INFO: ReadHtmlCache Behavior ::run [ RunTime:0.001137s ]
INFO: [ app_begin ] --END-- [ RunTime:0.001224s ]

[ 2016-11-15T10:34:02+08:00 ] 127.0.0.1 /demo/index.php
INFO: [ app_begin ] --START--
INFO: ReadHtmlCache Behavior ::run [ RunTime:0.000517s ]
INFO: [ app_begin ] --END-- [ RunTime:0.000599s ]

[ 2016-11-15T10:42:21+08:00 ] 127.0.0.1 /demo/index.php/index/say
INFO: [ route_check ] --START--
INFO: CheckRoute Behavior ::run [ RunTime:0.852731s ]
INFO: [ route_check ] --END-- [ RunTime:0.853028s ]
INFO: [ app_begin ] --START--
INFO: ReadHtmlCache Behavior ::run [ RunTime:0.001143s ]
INFO: [ app_begin ] --END-- [ RunTime:0.001215s ]
ERR: 无法加载模块:index

[ 2016-11-15T10:42:30+08:00 ] 127.0.0.1 /demo/index.php/Index/say
INFO: [ route_check ] --START--
INFO: CheckRoute Behavior ::run [ RunTime:0.001099s ]
INFO: [ route_check ] --END-- [ RunTime:0.001248s ]
INFO: [ app_begin ] --START--
INFO: ReadHtmlCache Behavior ::run [ RunTime:0.000802s ]
INFO: [ app_begin ] --END-- [ RunTime:0.000899s ]

