[ 2016-11-21T09:50:00+08:00 ] 192.168.1.62 /demo/index.php/App/get_topic
INFO: [ route_check ] --START--
INFO: CheckRoute Behavior ::run [ RunTime:0.005200s ]
INFO: [ route_check ] --END-- [ RunTime:0.005498s ]
INFO: [ app_begin ] --START--
INFO: ReadHtmlCache Behavior ::run [ RunTime:0.005270s ]
INFO: [ app_begin ] --END-- [ RunTime:0.006001s ]
SQL: SHOW COLUMNS FROM `topic` [ RunTime:0.045748s ]
SQL: SELECT * FROM `topic` ORDER BY id desc  [ RunTime:0.002870s ]

[ 2016-11-21T09:50:12+08:00 ] 192.168.1.62 /demo/index.php/App/get_topic
INFO: [ route_check ] --START--
INFO: CheckRoute Behavior ::run [ RunTime:0.001418s ]
INFO: [ route_check ] --END-- [ RunTime:0.001604s ]
INFO: [ app_begin ] --START--
INFO: ReadHtmlCache Behavior ::run [ RunTime:0.003987s ]
INFO: [ app_begin ] --END-- [ RunTime:0.005802s ]
SQL: SHOW COLUMNS FROM `topic` [ RunTime:0.003162s ]
SQL: SELECT * FROM `topic` ORDER BY id desc  [ RunTime:0.001119s ]

[ 2016-11-21T09:50:15+08:00 ] 192.168.1.62 /demo/index.php/App/get_topic
INFO: [ route_check ] --START--
INFO: CheckRoute Behavior ::run [ RunTime:0.005066s ]
INFO: [ route_check ] --END-- [ RunTime:0.005298s ]
INFO: [ app_begin ] --START--
INFO: ReadHtmlCache Behavior ::run [ RunTime:0.001990s ]
INFO: [ app_begin ] --END-- [ RunTime:0.002245s ]
SQL: SHOW COLUMNS FROM `topic` [ RunTime:0.004147s ]
SQL: SELECT * FROM `topic` ORDER BY id desc  [ RunTime:0.001333s ]

[ 2016-11-21T09:50:15+08:00 ] 192.168.1.62 /demo/index.php/App/get_topic
INFO: [ route_check ] --START--
INFO: CheckRoute Behavior ::run [ RunTime:0.006429s ]
INFO: [ route_check ] --END-- [ RunTime:0.006787s ]
INFO: [ app_begin ] --START--
INFO: ReadHtmlCache Behavior ::run [ RunTime:0.003942s ]
INFO: [ app_begin ] --END-- [ RunTime:0.004127s ]
SQL: SHOW COLUMNS FROM `topic` [ RunTime:0.005885s ]
SQL: SELECT * FROM `topic` ORDER BY id desc  [ RunTime:0.000926s ]

[ 2016-11-21T09:57:11+08:00 ] 192.168.1.62 /demo/index.php/App/get_topic
INFO: [ route_check ] --START--
INFO: CheckRoute Behavior ::run [ RunTime:0.001674s ]
INFO: [ route_check ] --END-- [ RunTime:0.001801s ]
INFO: [ app_begin ] --START--
INFO: ReadHtmlCache Behavior ::run [ RunTime:0.003370s ]
INFO: [ app_begin ] --END-- [ RunTime:0.003737s ]
SQL: SHOW COLUMNS FROM `topic` [ RunTime:0.006376s ]
SQL: SELECT * FROM `topic` ORDER BY id desc  [ RunTime:0.000663s ]

[ 2016-11-21T09:57:20+08:00 ] 192.168.1.62 /demo/index.php/App/get_topic
INFO: [ route_check ] --START--
INFO: CheckRoute Behavior ::run [ RunTime:0.001000s ]
INFO: [ route_check ] --END-- [ RunTime:0.001107s ]
INFO: [ app_begin ] --START--
INFO: ReadHtmlCache Behavior ::run [ RunTime:0.000635s ]
INFO: [ app_begin ] --END-- [ RunTime:0.000714s ]
SQL: SHOW COLUMNS FROM `topic` [ RunTime:0.002339s ]
SQL: SELECT * FROM `topic` ORDER BY id desc  [ RunTime:0.000860s ]

[ 2016-11-21T09:57:35+08:00 ] 192.168.1.62 /demo/index.php/App/get_topic
INFO: [ route_check ] --START--
INFO: CheckRoute Behavior ::run [ RunTime:0.001836s ]
INFO: [ route_check ] --END-- [ RunTime:0.002043s ]
INFO: [ app_begin ] --START--
INFO: ReadHtmlCache Behavior ::run [ RunTime:0.001151s ]
INFO: [ app_begin ] --END-- [ RunTime:0.001311s ]
SQL: SHOW COLUMNS FROM `topic` [ RunTime:0.004185s ]
SQL: SELECT * FROM `topic` ORDER BY id desc  [ RunTime:0.002144s ]

[ 2016-11-21T09:57:36+08:00 ] 192.168.1.62 /demo/index.php/App/get_topic
INFO: [ route_check ] --START--
INFO: CheckRoute Behavior ::run [ RunTime:0.003212s ]
INFO: [ route_check ] --END-- [ RunTime:0.003390s ]
INFO: [ app_begin ] --START--
INFO: ReadHtmlCache Behavior ::run [ RunTime:0.002579s ]
INFO: [ app_begin ] --END-- [ RunTime:0.002748s ]
SQL: SHOW COLUMNS FROM `topic` [ RunTime:0.003512s ]
SQL: SELECT * FROM `topic` ORDER BY id desc  [ RunTime:0.001143s ]

[ 2016-11-21T09:57:41+08:00 ] 192.168.1.62 /demo/index.php/App/get_topic
INFO: [ route_check ] --START--
INFO: CheckRoute Behavior ::run [ RunTime:0.003383s ]
INFO: [ route_check ] --END-- [ RunTime:0.003789s ]
INFO: [ app_begin ] --START--
INFO: ReadHtmlCache Behavior ::run [ RunTime:0.001427s ]
INFO: [ app_begin ] --END-- [ RunTime:0.001645s ]
SQL: SHOW COLUMNS FROM `topic` [ RunTime:0.006439s ]
SQL: SELECT * FROM `topic` ORDER BY id desc  [ RunTime:0.001638s ]

[ 2016-11-21T09:57:41+08:00 ] 192.168.1.62 /demo/index.php/App/get_topic
INFO: [ route_check ] --START--
INFO: CheckRoute Behavior ::run [ RunTime:0.002169s ]
INFO: [ route_check ] --END-- [ RunTime:0.002441s ]
INFO: [ app_begin ] --START--
INFO: ReadHtmlCache Behavior ::run [ RunTime:0.001018s ]
INFO: [ app_begin ] --END-- [ RunTime:0.001175s ]
SQL: SHOW COLUMNS FROM `topic` [ RunTime:0.004265s ]
SQL: SELECT * FROM `topic` ORDER BY id desc  [ RunTime:0.001331s ]

[ 2016-11-21T09:59:09+08:00 ] 192.168.1.62 /demo/index.php/App/get_topic
INFO: [ route_check ] --START--
INFO: CheckRoute Behavior ::run [ RunTime:0.003410s ]
INFO: [ route_check ] --END-- [ RunTime:0.003843s ]
INFO: [ app_begin ] --START--
INFO: ReadHtmlCache Behavior ::run [ RunTime:0.001534s ]
INFO: [ app_begin ] --END-- [ RunTime:0.001729s ]
SQL: SHOW COLUMNS FROM `topic` [ RunTime:0.004254s ]
SQL: SELECT * FROM `topic` ORDER BY id desc  [ RunTime:0.001375s ]

[ 2016-11-21T09:59:10+08:00 ] 192.168.1.62 /demo/index.php/App/get_topic
INFO: [ route_check ] --START--
INFO: CheckRoute Behavior ::run [ RunTime:0.001423s ]
INFO: [ route_check ] --END-- [ RunTime:0.001596s ]
INFO: [ app_begin ] --START--
INFO: ReadHtmlCache Behavior ::run [ RunTime:0.002105s ]
INFO: [ app_begin ] --END-- [ RunTime:0.002260s ]
SQL: SHOW COLUMNS FROM `topic` [ RunTime:0.006455s ]
SQL: SELECT * FROM `topic` ORDER BY id desc  [ RunTime:0.003021s ]

[ 2016-11-21T10:02:42+08:00 ] 192.168.1.62 /demo/index.php/App/get_topic
INFO: [ route_check ] --START--
INFO: CheckRoute Behavior ::run [ RunTime:0.016586s ]
INFO: [ route_check ] --END-- [ RunTime:0.016816s ]
INFO: [ app_begin ] --START--
INFO: ReadHtmlCache Behavior ::run [ RunTime:0.004950s ]
INFO: [ app_begin ] --END-- [ RunTime:0.005222s ]
SQL: SHOW COLUMNS FROM `topic` [ RunTime:0.004337s ]
SQL: SELECT * FROM `topic` ORDER BY id desc  [ RunTime:0.001366s ]

[ 2016-11-21T10:02:42+08:00 ] 192.168.1.62 /demo/index.php/App/get_topic
INFO: [ route_check ] --START--
INFO: CheckRoute Behavior ::run [ RunTime:0.003774s ]
INFO: [ route_check ] --END-- [ RunTime:0.003949s ]
INFO: [ app_begin ] --START--
INFO: ReadHtmlCache Behavior ::run [ RunTime:0.002752s ]
INFO: [ app_begin ] --END-- [ RunTime:0.003090s ]
SQL: SHOW COLUMNS FROM `topic` [ RunTime:0.003411s ]
SQL: SELECT * FROM `topic` ORDER BY id desc  [ RunTime:0.001093s ]

[ 2016-11-21T10:03:06+08:00 ] 192.168.1.62 /demo/index.php/App/get_topic
INFO: [ route_check ] --START--
INFO: CheckRoute Behavior ::run [ RunTime:0.004104s ]
INFO: [ route_check ] --END-- [ RunTime:0.005607s ]
INFO: [ app_begin ] --START--
INFO: ReadHtmlCache Behavior ::run [ RunTime:0.003560s ]
INFO: [ app_begin ] --END-- [ RunTime:0.004306s ]
SQL: SHOW COLUMNS FROM `topic` [ RunTime:0.004166s ]
SQL: SELECT * FROM `topic` ORDER BY id desc  [ RunTime:0.002814s ]
SQL: SHOW COLUMNS FROM `user` [ RunTime:0.062454s ]
SQL: SELECT * FROM `user` WHERE ( `phone`='13576967557' ) LIMIT 1   [ RunTime:0.001257s ]
NOTIC: [8] Use of undefined constant key - assumed 'key' D:\phpserv\AppServ\www\demo\WEB\Lib\Action\AppAction.class.php 第 114 行.
NOTIC: [8] Undefined variable: user D:\phpserv\AppServ\www\demo\WEB\Lib\Action\AppAction.class.php 第 114 行.
SQL: SELECT * FROM `user` WHERE ( `phone`='13576967557' ) LIMIT 1   [ RunTime:0.000363s ]
NOTIC: [8] Use of undefined constant key - assumed 'key' D:\phpserv\AppServ\www\demo\WEB\Lib\Action\AppAction.class.php 第 114 行.
NOTIC: [8] Undefined variable: user D:\phpserv\AppServ\www\demo\WEB\Lib\Action\AppAction.class.php 第 114 行.

[ 2016-11-21T10:03:06+08:00 ] 192.168.1.62 /demo/index.php/App/get_topic
INFO: [ route_check ] --START--
INFO: CheckRoute Behavior ::run [ RunTime:0.001859s ]
INFO: [ route_check ] --END-- [ RunTime:0.002101s ]
INFO: [ app_begin ] --START--
INFO: ReadHtmlCache Behavior ::run [ RunTime:0.000960s ]
INFO: [ app_begin ] --END-- [ RunTime:0.001066s ]
SQL: SHOW COLUMNS FROM `topic` [ RunTime:0.003821s ]
SQL: SELECT * FROM `topic` ORDER BY id desc  [ RunTime:0.001200s ]
SQL: SHOW COLUMNS FROM `user` [ RunTime:0.003054s ]
SQL: SELECT * FROM `user` WHERE ( `phone`='13576967557' ) LIMIT 1   [ RunTime:0.000936s ]
NOTIC: [8] Use of undefined constant key - assumed 'key' D:\phpserv\AppServ\www\demo\WEB\Lib\Action\AppAction.class.php 第 114 行.
NOTIC: [8] Undefined variable: user D:\phpserv\AppServ\www\demo\WEB\Lib\Action\AppAction.class.php 第 114 行.
SQL: SELECT * FROM `user` WHERE ( `phone`='13576967557' ) LIMIT 1   [ RunTime:0.000399s ]
NOTIC: [8] Use of undefined constant key - assumed 'key' D:\phpserv\AppServ\www\demo\WEB\Lib\Action\AppAction.class.php 第 114 行.
NOTIC: [8] Undefined variable: user D:\phpserv\AppServ\www\demo\WEB\Lib\Action\AppAction.class.php 第 114 行.

[ 2016-11-21T10:03:19+08:00 ] 192.168.1.62 /demo/index.php/App/get_topic
INFO: [ route_check ] --START--
INFO: CheckRoute Behavior ::run [ RunTime:0.003876s ]
INFO: [ route_check ] --END-- [ RunTime:0.004101s ]
INFO: [ app_begin ] --START--
INFO: ReadHtmlCache Behavior ::run [ RunTime:0.001367s ]
INFO: [ app_begin ] --END-- [ RunTime:0.001567s ]
SQL: SHOW COLUMNS FROM `topic` [ RunTime:0.003876s ]
SQL: SELECT * FROM `topic` ORDER BY id desc  [ RunTime:0.001345s ]
SQL: SHOW COLUMNS FROM `user` [ RunTime:0.003716s ]
SQL: SELECT * FROM `user` WHERE ( `phone`='13576967557' ) LIMIT 1   [ RunTime:0.001193s ]
NOTIC: [8] Use of undefined constant key - assumed 'key' D:\phpserv\AppServ\www\demo\WEB\Lib\Action\AppAction.class.php 第 114 行.
NOTIC: [8] Undefined variable: user D:\phpserv\AppServ\www\demo\WEB\Lib\Action\AppAction.class.php 第 114 行.
SQL: SELECT * FROM `user` WHERE ( `phone`='13576967557' ) LIMIT 1   [ RunTime:0.000423s ]
NOTIC: [8] Use of undefined constant key - assumed 'key' D:\phpserv\AppServ\www\demo\WEB\Lib\Action\AppAction.class.php 第 114 行.
NOTIC: [8] Undefined variable: user D:\phpserv\AppServ\www\demo\WEB\Lib\Action\AppAction.class.php 第 114 行.

[ 2016-11-21T10:03:19+08:00 ] 192.168.1.62 /demo/index.php/App/get_topic
INFO: [ route_check ] --START--
INFO: CheckRoute Behavior ::run [ RunTime:0.001696s ]
INFO: [ route_check ] --END-- [ RunTime:0.001874s ]
INFO: [ app_begin ] --START--
INFO: ReadHtmlCache Behavior ::run [ RunTime:0.001202s ]
INFO: [ app_begin ] --END-- [ RunTime:0.001363s ]
SQL: SHOW COLUMNS FROM `topic` [ RunTime:0.003743s ]
SQL: SELECT * FROM `topic` ORDER BY id desc  [ RunTime:0.001176s ]
SQL: SHOW COLUMNS FROM `user` [ RunTime:0.003620s ]
SQL: SELECT * FROM `user` WHERE ( `phone`='13576967557' ) LIMIT 1   [ RunTime:0.001057s ]
NOTIC: [8] Use of undefined constant key - assumed 'key' D:\phpserv\AppServ\www\demo\WEB\Lib\Action\AppAction.class.php 第 114 行.
NOTIC: [8] Undefined variable: user D:\phpserv\AppServ\www\demo\WEB\Lib\Action\AppAction.class.php 第 114 行.
SQL: SELECT * FROM `user` WHERE ( `phone`='13576967557' ) LIMIT 1   [ RunTime:0.000433s ]
NOTIC: [8] Use of undefined constant key - assumed 'key' D:\phpserv\AppServ\www\demo\WEB\Lib\Action\AppAction.class.php 第 114 行.
NOTIC: [8] Undefined variable: user D:\phpserv\AppServ\www\demo\WEB\Lib\Action\AppAction.class.php 第 114 行.

[ 2016-11-21T10:03:30+08:00 ] 192.168.1.62 /demo/index.php/App/get_topic
INFO: [ route_check ] --START--
INFO: CheckRoute Behavior ::run [ RunTime:0.001484s ]
INFO: [ route_check ] --END-- [ RunTime:0.001670s ]
INFO: [ app_begin ] --START--
INFO: ReadHtmlCache Behavior ::run [ RunTime:0.000923s ]
INFO: [ app_begin ] --END-- [ RunTime:0.001034s ]
SQL: SHOW COLUMNS FROM `topic` [ RunTime:0.005857s ]
SQL: SELECT * FROM `topic` ORDER BY id desc  [ RunTime:0.001305s ]
SQL: SHOW COLUMNS FROM `user` [ RunTime:0.004041s ]
SQL: SELECT * FROM `user` WHERE ( `phone`='13576967557' ) LIMIT 1   [ RunTime:0.001088s ]
NOTIC: [8] Use of undefined constant key - assumed 'key' D:\phpserv\AppServ\www\demo\WEB\Lib\Action\AppAction.class.php 第 114 行.
NOTIC: [8] Undefined variable: user D:\phpserv\AppServ\www\demo\WEB\Lib\Action\AppAction.class.php 第 114 行.
SQL: SELECT * FROM `user` WHERE ( `phone`='13576967557' ) LIMIT 1   [ RunTime:0.000409s ]
NOTIC: [8] Use of undefined constant key - assumed 'key' D:\phpserv\AppServ\www\demo\WEB\Lib\Action\AppAction.class.php 第 114 行.
NOTIC: [8] Undefined variable: user D:\phpserv\AppServ\www\demo\WEB\Lib\Action\AppAction.class.php 第 114 行.

[ 2016-11-21T10:06:25+08:00 ] 192.168.1.62 /demo/index.php/App/get_topic
INFO: [ route_check ] --START--
INFO: CheckRoute Behavior ::run [ RunTime:0.013018s ]
INFO: [ route_check ] --END-- [ RunTime:0.013329s ]
INFO: [ app_begin ] --START--
INFO: ReadHtmlCache Behavior ::run [ RunTime:0.008184s ]
INFO: [ app_begin ] --END-- [ RunTime:0.008495s ]
SQL: SHOW COLUMNS FROM `topic` [ RunTime:0.004094s ]
SQL: SELECT * FROM `topic` ORDER BY id desc  [ RunTime:0.000752s ]
SQL: SHOW COLUMNS FROM `user` [ RunTime:0.002997s ]
SQL: SELECT * FROM `user` WHERE ( `phone`='13576967557' ) LIMIT 1   [ RunTime:0.001108s ]
NOTIC: [8] Undefined variable: user D:\phpserv\AppServ\www\demo\WEB\Lib\Action\AppAction.class.php 第 114 行.
SQL: SELECT * FROM `user` WHERE ( `phone`='13576967557' ) LIMIT 1   [ RunTime:0.000824s ]
NOTIC: [8] Undefined variable: user D:\phpserv\AppServ\www\demo\WEB\Lib\Action\AppAction.class.php 第 114 行.

[ 2016-11-21T10:06:25+08:00 ] 192.168.1.62 /demo/index.php/App/get_topic
INFO: [ route_check ] --START--
INFO: CheckRoute Behavior ::run [ RunTime:0.005278s ]
INFO: [ route_check ] --END-- [ RunTime:0.005432s ]
INFO: [ app_begin ] --START--
INFO: ReadHtmlCache Behavior ::run [ RunTime:0.003163s ]
INFO: [ app_begin ] --END-- [ RunTime:0.003353s ]
SQL: SHOW COLUMNS FROM `topic` [ RunTime:0.005856s ]
SQL: SELECT * FROM `topic` ORDER BY id desc  [ RunTime:0.000624s ]
SQL: SHOW COLUMNS FROM `user` [ RunTime:0.002984s ]
SQL: SELECT * FROM `user` WHERE ( `phone`='13576967557' ) LIMIT 1   [ RunTime:0.002021s ]
NOTIC: [8] Undefined variable: user D:\phpserv\AppServ\www\demo\WEB\Lib\Action\AppAction.class.php 第 114 行.
SQL: SELECT * FROM `user` WHERE ( `phone`='13576967557' ) LIMIT 1   [ RunTime:0.000472s ]
NOTIC: [8] Undefined variable: user D:\phpserv\AppServ\www\demo\WEB\Lib\Action\AppAction.class.php 第 114 行.

[ 2016-11-21T10:07:22+08:00 ] 192.168.1.62 /demo/index.php/App/get_topic
INFO: [ route_check ] --START--
INFO: CheckRoute Behavior ::run [ RunTime:0.011079s ]
INFO: [ route_check ] --END-- [ RunTime:0.011261s ]
INFO: [ app_begin ] --START--
INFO: ReadHtmlCache Behavior ::run [ RunTime:0.004440s ]
INFO: [ app_begin ] --END-- [ RunTime:0.004578s ]
SQL: SHOW COLUMNS FROM `topic` [ RunTime:0.004192s ]
SQL: SELECT * FROM `topic` ORDER BY id desc  [ RunTime:0.002376s ]
SQL: SHOW COLUMNS FROM `user` [ RunTime:0.004265s ]
SQL: SELECT * FROM `user` WHERE ( `phone`='13576967557' ) LIMIT 1   [ RunTime:0.001357s ]
SQL: SELECT * FROM `user` WHERE ( `phone`='13576967557' ) LIMIT 1   [ RunTime:0.001698s ]

[ 2016-11-21T10:07:55+08:00 ] 192.168.1.62 /demo/index.php/App/get_topic
INFO: [ route_check ] --START--
INFO: CheckRoute Behavior ::run [ RunTime:0.004884s ]
INFO: [ route_check ] --END-- [ RunTime:0.005053s ]
INFO: [ app_begin ] --START--
INFO: ReadHtmlCache Behavior ::run [ RunTime:0.007097s ]
INFO: [ app_begin ] --END-- [ RunTime:0.007269s ]
SQL: SHOW COLUMNS FROM `topic` [ RunTime:0.003579s ]
SQL: SELECT * FROM `topic` ORDER BY id desc  [ RunTime:0.001185s ]
SQL: SHOW COLUMNS FROM `user` [ RunTime:0.006131s ]
SQL: SELECT * FROM `user` WHERE ( `phone`='13576967557' ) LIMIT 1   [ RunTime:0.001013s ]
SQL: SELECT * FROM `user` WHERE ( `phone`='13576967557' ) LIMIT 1   [ RunTime:0.000310s ]

[ 2016-11-21T10:08:45+08:00 ] 192.168.1.62 /demo/index.php/App/get_topic
INFO: [ route_check ] --START--
INFO: CheckRoute Behavior ::run [ RunTime:0.004524s ]
INFO: [ route_check ] --END-- [ RunTime:0.004709s ]
INFO: [ app_begin ] --START--
INFO: ReadHtmlCache Behavior ::run [ RunTime:0.005125s ]
INFO: [ app_begin ] --END-- [ RunTime:0.005333s ]
SQL: SHOW COLUMNS FROM `topic` [ RunTime:0.003188s ]
SQL: SELECT * FROM `topic` ORDER BY id desc  [ RunTime:0.001804s ]
SQL: SHOW COLUMNS FROM `user` [ RunTime:0.006292s ]
SQL: SELECT * FROM `user` WHERE ( `phone`='13576967557' ) LIMIT 1   [ RunTime:0.001123s ]
SQL: SELECT * FROM `user` WHERE ( `phone`='13576967557' ) LIMIT 1   [ RunTime:0.000360s ]

[ 2016-11-21T10:08:45+08:00 ] 192.168.1.62 /demo/index.php/App/get_topic
INFO: [ route_check ] --START--
INFO: CheckRoute Behavior ::run [ RunTime:0.008664s ]
INFO: [ route_check ] --END-- [ RunTime:0.008859s ]
INFO: [ app_begin ] --START--
INFO: ReadHtmlCache Behavior ::run [ RunTime:0.009216s ]
INFO: [ app_begin ] --END-- [ RunTime:0.009481s ]
SQL: SHOW COLUMNS FROM `topic` [ RunTime:0.004857s ]
SQL: SELECT * FROM `topic` ORDER BY id desc  [ RunTime:0.003323s ]
SQL: SHOW COLUMNS FROM `user` [ RunTime:0.004240s ]
SQL: SELECT * FROM `user` WHERE ( `phone`='13576967557' ) LIMIT 1   [ RunTime:0.000973s ]
SQL: SELECT * FROM `user` WHERE ( `phone`='13576967557' ) LIMIT 1   [ RunTime:0.000428s ]

[ 2016-11-21T10:09:44+08:00 ] 192.168.1.62 /demo/index.php/App/get_topic
INFO: [ route_check ] --START--
INFO: CheckRoute Behavior ::run [ RunTime:0.003812s ]
INFO: [ route_check ] --END-- [ RunTime:0.004102s ]
INFO: [ app_begin ] --START--
INFO: ReadHtmlCache Behavior ::run [ RunTime:0.009455s ]
INFO: [ app_begin ] --END-- [ RunTime:0.009969s ]
SQL: SHOW COLUMNS FROM `topic` [ RunTime:0.001941s ]
SQL: SELECT * FROM `topic` ORDER BY id desc  [ RunTime:0.000653s ]
SQL: SHOW COLUMNS FROM `user` [ RunTime:0.005041s ]
SQL: SELECT * FROM `user` WHERE ( `phone`='13576967557' ) LIMIT 1   [ RunTime:0.000806s ]
SQL: SELECT * FROM `user` WHERE ( `phone`='13576967557' ) LIMIT 1   [ RunTime:0.000281s ]

[ 2016-11-21T10:09:44+08:00 ] 192.168.1.62 /demo/index.php/App/get_topic
INFO: [ route_check ] --START--
INFO: CheckRoute Behavior ::run [ RunTime:0.003728s ]
INFO: [ route_check ] --END-- [ RunTime:0.003874s ]
INFO: [ app_begin ] --START--
INFO: ReadHtmlCache Behavior ::run [ RunTime:0.002844s ]
INFO: [ app_begin ] --END-- [ RunTime:0.002996s ]
SQL: SHOW COLUMNS FROM `topic` [ RunTime:0.005131s ]
SQL: SELECT * FROM `topic` ORDER BY id desc  [ RunTime:0.001176s ]
SQL: SHOW COLUMNS FROM `user` [ RunTime:0.004661s ]
SQL: SELECT * FROM `user` WHERE ( `phone`='13576967557' ) LIMIT 1   [ RunTime:0.001042s ]
SQL: SELECT * FROM `user` WHERE ( `phone`='13576967557' ) LIMIT 1   [ RunTime:0.000269s ]

[ 2016-11-21T10:15:41+08:00 ] 192.168.1.62 /demo/index.php/App/get_topic
INFO: [ route_check ] --START--
INFO: CheckRoute Behavior ::run [ RunTime:0.003677s ]
INFO: [ route_check ] --END-- [ RunTime:0.003825s ]
INFO: [ app_begin ] --START--
INFO: ReadHtmlCache Behavior ::run [ RunTime:0.006014s ]
INFO: [ app_begin ] --END-- [ RunTime:0.006165s ]
SQL: SHOW COLUMNS FROM `topic` [ RunTime:0.002822s ]
SQL: SELECT * FROM `topic` ORDER BY id desc  [ RunTime:0.000830s ]
SQL: SHOW COLUMNS FROM `user` [ RunTime:0.003171s ]
SQL: SELECT * FROM `user` WHERE ( `phone`='13576967557' ) LIMIT 1   [ RunTime:0.000429s ]
SQL: SELECT * FROM `user` WHERE ( `phone`='13576967557' ) LIMIT 1   [ RunTime:0.000354s ]

[ 2016-11-21T10:20:01+08:00 ] 192.168.1.62 /demo/index.php/App/get_topic
INFO: [ route_check ] --START--
INFO: CheckRoute Behavior ::run [ RunTime:0.002327s ]
INFO: [ route_check ] --END-- [ RunTime:0.002438s ]
INFO: [ app_begin ] --START--
INFO: ReadHtmlCache Behavior ::run [ RunTime:0.003658s ]
INFO: [ app_begin ] --END-- [ RunTime:0.003822s ]
SQL: SHOW COLUMNS FROM `topic` [ RunTime:0.002591s ]
SQL: SELECT * FROM `topic` ORDER BY id desc  [ RunTime:0.001162s ]
SQL: SHOW COLUMNS FROM `user` [ RunTime:0.003848s ]
SQL: SELECT * FROM `user` WHERE ( `phone`='13576967557' ) LIMIT 1   [ RunTime:0.000603s ]
SQL: SELECT * FROM `user` WHERE ( `phone`='13576967557' ) LIMIT 1   [ RunTime:0.000172s ]

[ 2016-11-21T10:21:26+08:00 ] 192.168.1.62 /demo/index.php/App/get_topic
INFO: [ route_check ] --START--
INFO: CheckRoute Behavior ::run [ RunTime:0.002669s ]
INFO: [ route_check ] --END-- [ RunTime:0.002837s ]
INFO: [ app_begin ] --START--
INFO: ReadHtmlCache Behavior ::run [ RunTime:0.006132s ]
INFO: [ app_begin ] --END-- [ RunTime:0.006286s ]
SQL: SHOW COLUMNS FROM `topic` [ RunTime:0.005449s ]
SQL: SELECT * FROM `topic` ORDER BY id desc  [ RunTime:0.000996s ]
SQL: SHOW COLUMNS FROM `user` [ RunTime:0.003823s ]
SQL: SELECT * FROM `user` WHERE ( `phone`='13576967557' ) LIMIT 1   [ RunTime:0.002530s ]
SQL: SELECT * FROM `user` WHERE ( `phone`='13576967557' ) LIMIT 1   [ RunTime:0.000510s ]

[ 2016-11-21T10:21:30+08:00 ] 192.168.1.62 /demo/index.php/App/get_topic
INFO: [ route_check ] --START--
INFO: CheckRoute Behavior ::run [ RunTime:0.007374s ]
INFO: [ route_check ] --END-- [ RunTime:0.007579s ]
INFO: [ app_begin ] --START--
INFO: ReadHtmlCache Behavior ::run [ RunTime:0.005837s ]
INFO: [ app_begin ] --END-- [ RunTime:0.006217s ]
SQL: SHOW COLUMNS FROM `topic` [ RunTime:0.006349s ]
SQL: SELECT * FROM `topic` ORDER BY id desc  [ RunTime:0.001376s ]
SQL: SHOW COLUMNS FROM `user` [ RunTime:0.004008s ]
SQL: SELECT * FROM `user` WHERE ( `phone`='13576967557' ) LIMIT 1   [ RunTime:0.001147s ]
SQL: SELECT * FROM `user` WHERE ( `phone`='13576967557' ) LIMIT 1   [ RunTime:0.000490s ]

[ 2016-11-21T10:21:31+08:00 ] 192.168.1.62 /demo/index.php/App/get_topic
INFO: [ route_check ] --START--
INFO: CheckRoute Behavior ::run [ RunTime:0.003524s ]
INFO: [ route_check ] --END-- [ RunTime:0.003673s ]
INFO: [ app_begin ] --START--
INFO: ReadHtmlCache Behavior ::run [ RunTime:0.007399s ]
INFO: [ app_begin ] --END-- [ RunTime:0.007560s ]
SQL: SHOW COLUMNS FROM `topic` [ RunTime:0.003287s ]
SQL: SELECT * FROM `topic` ORDER BY id desc  [ RunTime:0.001154s ]
SQL: SHOW COLUMNS FROM `user` [ RunTime:0.005500s ]
SQL: SELECT * FROM `user` WHERE ( `phone`='13576967557' ) LIMIT 1   [ RunTime:0.002490s ]
SQL: SELECT * FROM `user` WHERE ( `phone`='13576967557' ) LIMIT 1   [ RunTime:0.000357s ]

[ 2016-11-21T10:22:15+08:00 ] 192.168.1.62 /demo/index.php/App/get_topic
INFO: [ route_check ] --START--
INFO: CheckRoute Behavior ::run [ RunTime:0.017639s ]
INFO: [ route_check ] --END-- [ RunTime:0.017878s ]
INFO: [ app_begin ] --START--
INFO: ReadHtmlCache Behavior ::run [ RunTime:0.006195s ]
INFO: [ app_begin ] --END-- [ RunTime:0.006404s ]
SQL: SHOW COLUMNS FROM `topic` [ RunTime:0.005262s ]
SQL: SELECT * FROM `topic` ORDER BY id desc  [ RunTime:0.001035s ]
SQL: SHOW COLUMNS FROM `user` [ RunTime:0.004371s ]
SQL: SELECT * FROM `user` WHERE ( `phone`='13576967557' ) LIMIT 1   [ RunTime:0.001448s ]
SQL: SELECT * FROM `user` WHERE ( `phone`='13576967557' ) LIMIT 1   [ RunTime:0.000407s ]

[ 2016-11-21T10:22:16+08:00 ] 192.168.1.62 /demo/index.php/App/get_topic
INFO: [ route_check ] --START--
INFO: CheckRoute Behavior ::run [ RunTime:0.008324s ]
INFO: [ route_check ] --END-- [ RunTime:0.008538s ]
INFO: [ app_begin ] --START--
INFO: ReadHtmlCache Behavior ::run [ RunTime:0.002977s ]
INFO: [ app_begin ] --END-- [ RunTime:0.003101s ]
SQL: SHOW COLUMNS FROM `topic` [ RunTime:0.002966s ]
SQL: SELECT * FROM `topic` ORDER BY id desc  [ RunTime:0.000963s ]
SQL: SHOW COLUMNS FROM `user` [ RunTime:0.002900s ]
SQL: SELECT * FROM `user` WHERE ( `phone`='13576967557' ) LIMIT 1   [ RunTime:0.001349s ]
SQL: SELECT * FROM `user` WHERE ( `phone`='13576967557' ) LIMIT 1   [ RunTime:0.000517s ]

[ 2016-11-21T10:24:54+08:00 ] 192.168.1.62 /demo/index.php/App/get_topic
INFO: [ route_check ] --START--
INFO: CheckRoute Behavior ::run [ RunTime:0.013193s ]
INFO: [ route_check ] --END-- [ RunTime:0.013916s ]
INFO: [ app_begin ] --START--
INFO: ReadHtmlCache Behavior ::run [ RunTime:0.006257s ]
INFO: [ app_begin ] --END-- [ RunTime:0.006515s ]
SQL: SHOW COLUMNS FROM `topic` [ RunTime:0.004138s ]
SQL: SELECT * FROM `topic` ORDER BY id desc  [ RunTime:0.001151s ]
SQL: SHOW COLUMNS FROM `user` [ RunTime:0.003810s ]
SQL: SELECT * FROM `user` WHERE ( `phone`='13576967557' ) LIMIT 1   [ RunTime:0.002647s ]
SQL: SELECT * FROM `user` WHERE ( `phone`='13576967557' ) LIMIT 1   [ RunTime:0.003002s ]

[ 2016-11-21T10:24:55+08:00 ] 192.168.1.62 /demo/index.php/App/get_topic
INFO: [ route_check ] --START--
INFO: CheckRoute Behavior ::run [ RunTime:0.048562s ]
INFO: [ route_check ] --END-- [ RunTime:0.048738s ]
INFO: [ app_begin ] --START--
INFO: ReadHtmlCache Behavior ::run [ RunTime:0.010742s ]
INFO: [ app_begin ] --END-- [ RunTime:0.010925s ]
SQL: SHOW COLUMNS FROM `topic` [ RunTime:0.005051s ]
SQL: SELECT * FROM `topic` ORDER BY id desc  [ RunTime:0.001205s ]
SQL: SHOW COLUMNS FROM `user` [ RunTime:0.003836s ]
SQL: SELECT * FROM `user` WHERE ( `phone`='13576967557' ) LIMIT 1   [ RunTime:0.002685s ]
SQL: SELECT * FROM `user` WHERE ( `phone`='13576967557' ) LIMIT 1   [ RunTime:0.000403s ]

[ 2016-11-21T10:25:02+08:00 ] 192.168.1.62 /demo/index.php/App/get_topic
INFO: [ route_check ] --START--
INFO: CheckRoute Behavior ::run [ RunTime:0.048225s ]
INFO: [ route_check ] --END-- [ RunTime:0.048392s ]
INFO: [ app_begin ] --START--
INFO: ReadHtmlCache Behavior ::run [ RunTime:0.010809s ]
INFO: [ app_begin ] --END-- [ RunTime:0.011004s ]
SQL: SHOW COLUMNS FROM `topic` [ RunTime:0.003838s ]
SQL: SELECT * FROM `topic` ORDER BY id desc  [ RunTime:0.001252s ]
SQL: SHOW COLUMNS FROM `user` [ RunTime:0.003654s ]
SQL: SELECT * FROM `user` WHERE ( `phone`='13576967557' ) LIMIT 1   [ RunTime:0.000939s ]
SQL: SELECT * FROM `user` WHERE ( `phone`='13576967557' ) LIMIT 1   [ RunTime:0.001286s ]

[ 2016-11-21T10:25:03+08:00 ] 192.168.1.62 /demo/index.php/App/get_topic
INFO: [ route_check ] --START--
INFO: CheckRoute Behavior ::run [ RunTime:0.008078s ]
INFO: [ route_check ] --END-- [ RunTime:0.008386s ]
INFO: [ app_begin ] --START--
INFO: ReadHtmlCache Behavior ::run [ RunTime:0.005083s ]
INFO: [ app_begin ] --END-- [ RunTime:0.005204s ]
SQL: SHOW COLUMNS FROM `topic` [ RunTime:0.003110s ]
SQL: SELECT * FROM `topic` ORDER BY id desc  [ RunTime:0.000913s ]
SQL: SHOW COLUMNS FROM `user` [ RunTime:0.003460s ]
SQL: SELECT * FROM `user` WHERE ( `phone`='13576967557' ) LIMIT 1   [ RunTime:0.000991s ]
SQL: SELECT * FROM `user` WHERE ( `phone`='13576967557' ) LIMIT 1   [ RunTime:0.000286s ]

[ 2016-11-21T10:28:10+08:00 ] 192.168.1.62 /demo/index.php/App/get_topic
INFO: [ route_check ] --START--
INFO: CheckRoute Behavior ::run [ RunTime:0.035230s ]
INFO: [ route_check ] --END-- [ RunTime:0.035496s ]
INFO: [ app_begin ] --START--
INFO: ReadHtmlCache Behavior ::run [ RunTime:0.030401s ]
INFO: [ app_begin ] --END-- [ RunTime:0.030861s ]
SQL: SHOW COLUMNS FROM `topic` [ RunTime:0.004243s ]
SQL: SELECT * FROM `topic` ORDER BY id desc  [ RunTime:0.001350s ]
SQL: SHOW COLUMNS FROM `user` [ RunTime:0.007042s ]
SQL: SELECT * FROM `user` WHERE ( `phone`='13576967557' ) LIMIT 1   [ RunTime:0.001202s ]
NOTIC: [8] Use of undefined constant time - assumed 'time' D:\phpserv\AppServ\www\demo\WEB\Lib\Action\AppAction.class.php 第 115 行.
SQL: SELECT * FROM `user` WHERE ( `phone`='13576967557' ) LIMIT 1   [ RunTime:0.000457s ]
NOTIC: [8] Use of undefined constant time - assumed 'time' D:\phpserv\AppServ\www\demo\WEB\Lib\Action\AppAction.class.php 第 115 行.

[ 2016-11-21T10:28:11+08:00 ] 192.168.1.62 /demo/index.php/App/get_topic
INFO: [ route_check ] --START--
INFO: CheckRoute Behavior ::run [ RunTime:0.006075s ]
INFO: [ route_check ] --END-- [ RunTime:0.006453s ]
INFO: [ app_begin ] --START--
INFO: ReadHtmlCache Behavior ::run [ RunTime:0.061629s ]
INFO: [ app_begin ] --END-- [ RunTime:0.061814s ]
SQL: SHOW COLUMNS FROM `topic` [ RunTime:0.005660s ]
SQL: SELECT * FROM `topic` ORDER BY id desc  [ RunTime:0.000481s ]
SQL: SHOW COLUMNS FROM `user` [ RunTime:0.005994s ]
SQL: SELECT * FROM `user` WHERE ( `phone`='13576967557' ) LIMIT 1   [ RunTime:0.001970s ]
NOTIC: [8] Use of undefined constant time - assumed 'time' D:\phpserv\AppServ\www\demo\WEB\Lib\Action\AppAction.class.php 第 115 行.
SQL: SELECT * FROM `user` WHERE ( `phone`='13576967557' ) LIMIT 1   [ RunTime:0.001710s ]
NOTIC: [8] Use of undefined constant time - assumed 'time' D:\phpserv\AppServ\www\demo\WEB\Lib\Action\AppAction.class.php 第 115 行.

[ 2016-11-21T10:30:50+08:00 ] 192.168.1.62 /demo/index.php/App/get_topic
INFO: [ route_check ] --START--
INFO: CheckRoute Behavior ::run [ RunTime:0.005901s ]
INFO: [ route_check ] --END-- [ RunTime:0.006022s ]
INFO: [ app_begin ] --START--
INFO: ReadHtmlCache Behavior ::run [ RunTime:0.002782s ]
INFO: [ app_begin ] --END-- [ RunTime:0.002916s ]
SQL: SHOW COLUMNS FROM `topic` [ RunTime:0.002986s ]
SQL: SELECT * FROM `topic` ORDER BY id desc  [ RunTime:0.001596s ]
SQL: SHOW COLUMNS FROM `user` [ RunTime:0.005670s ]
SQL: SELECT * FROM `user` WHERE ( `phone`='13576967557' ) LIMIT 1   [ RunTime:0.000387s ]
NOTIC: [8] Use of undefined constant time - assumed 'time' D:\phpserv\AppServ\www\demo\WEB\Lib\Action\AppAction.class.php 第 115 行.
SQL: SELECT * FROM `user` WHERE ( `phone`='13576967557' ) LIMIT 1   [ RunTime:0.000396s ]
NOTIC: [8] Use of undefined constant time - assumed 'time' D:\phpserv\AppServ\www\demo\WEB\Lib\Action\AppAction.class.php 第 115 行.

[ 2016-11-21T10:30:50+08:00 ] 192.168.1.62 /demo/index.php/App/get_topic
INFO: [ route_check ] --START--
INFO: CheckRoute Behavior ::run [ RunTime:0.004904s ]
INFO: [ route_check ] --END-- [ RunTime:0.005335s ]
INFO: [ app_begin ] --START--
INFO: ReadHtmlCache Behavior ::run [ RunTime:0.005413s ]
INFO: [ app_begin ] --END-- [ RunTime:0.005530s ]
SQL: SHOW COLUMNS FROM `topic` [ RunTime:0.003689s ]
SQL: SELECT * FROM `topic` ORDER BY id desc  [ RunTime:0.000679s ]
SQL: SHOW COLUMNS FROM `user` [ RunTime:0.001972s ]
SQL: SELECT * FROM `user` WHERE ( `phone`='13576967557' ) LIMIT 1   [ RunTime:0.000540s ]
NOTIC: [8] Use of undefined constant time - assumed 'time' D:\phpserv\AppServ\www\demo\WEB\Lib\Action\AppAction.class.php 第 115 行.
SQL: SELECT * FROM `user` WHERE ( `phone`='13576967557' ) LIMIT 1   [ RunTime:0.000218s ]
NOTIC: [8] Use of undefined constant time - assumed 'time' D:\phpserv\AppServ\www\demo\WEB\Lib\Action\AppAction.class.php 第 115 行.

