[ 2017-02-13T09:21:25+08:00 ] 127.0.0.1 /appidul0aeb3hge/
INFO: [ app_begin ] --START--
INFO: ReadHtmlCache Behavior ::run [ RunTime:0.003574s ]
INFO: [ app_begin ] --END-- [ RunTime:0.003790s ]
INFO: [ view_parse ] --START--
INFO: ParseTemplate Behavior ::run [ RunTime:0.097594s ]
INFO: [ view_parse ] --END-- [ RunTime:0.097844s ]
INFO: [ view_filter ] --START--
INFO: ContentReplace Behavior ::run [ RunTime:0.002002s ]
INFO: TokenBuild Behavior ::run [ RunTime:0.001988s ]
INFO: WriteHtmlCache Behavior ::run [ RunTime:0.001779s ]
INFO: ShowRuntime Behavior ::run [ RunTime:0.002144s ]
INFO: [ view_filter ] --END-- [ RunTime:0.008312s ]
INFO: [ view_end ] --START--
INFO: ShowPageTrace Behavior ::run [ RunTime:0.003216s ]
INFO: [ view_end ] --END-- [ RunTime:0.003394s ]

[ 2017-02-13T09:28:08+08:00 ] 127.0.0.1 /appidul0aeb3hge/
INFO: [ app_begin ] --START--
INFO: ReadHtmlCache Behavior ::run [ RunTime:0.001192s ]
INFO: [ app_begin ] --END-- [ RunTime:0.001302s ]
INFO: [ view_parse ] --START--
INFO: ParseTemplate Behavior ::run [ RunTime:0.021976s ]
INFO: [ view_parse ] --END-- [ RunTime:0.022084s ]
INFO: [ view_filter ] --START--
INFO: ContentReplace Behavior ::run [ RunTime:0.000864s ]
INFO: TokenBuild Behavior ::run [ RunTime:0.000816s ]
INFO: WriteHtmlCache Behavior ::run [ RunTime:0.000723s ]
INFO: ShowRuntime Behavior ::run [ RunTime:0.000879s ]
INFO: [ view_filter ] --END-- [ RunTime:0.003466s ]
INFO: [ view_end ] --START--
INFO: ShowPageTrace Behavior ::run [ RunTime:0.002032s ]
INFO: [ view_end ] --END-- [ RunTime:0.002221s ]

[ 2017-02-13T09:28:22+08:00 ] 127.0.0.1 /appidul0aeb3hge/
INFO: [ app_begin ] --START--
INFO: ReadHtmlCache Behavior ::run [ RunTime:0.001177s ]
INFO: [ app_begin ] --END-- [ RunTime:0.001278s ]
INFO: [ view_parse ] --START--
INFO: ParseTemplate Behavior ::run [ RunTime:0.024384s ]
INFO: [ view_parse ] --END-- [ RunTime:0.024508s ]
INFO: [ view_filter ] --START--
INFO: ContentReplace Behavior ::run [ RunTime:0.001002s ]
INFO: TokenBuild Behavior ::run [ RunTime:0.000822s ]
INFO: WriteHtmlCache Behavior ::run [ RunTime:0.000716s ]
INFO: ShowRuntime Behavior ::run [ RunTime:0.000865s ]
INFO: [ view_filter ] --END-- [ RunTime:0.003601s ]
INFO: [ view_end ] --START--
INFO: ShowPageTrace Behavior ::run [ RunTime:0.001482s ]
INFO: [ view_end ] --END-- [ RunTime:0.001604s ]

[ 2017-02-13T09:28:50+08:00 ] 127.0.0.1 /appidul0aeb3hge/
INFO: [ app_begin ] --START--
INFO: ReadHtmlCache Behavior ::run [ RunTime:0.001156s ]
INFO: [ app_begin ] --END-- [ RunTime:0.001256s ]
INFO: [ view_parse ] --START--
INFO: ParseTemplate Behavior ::run [ RunTime:0.025773s ]
INFO: [ view_parse ] --END-- [ RunTime:0.025912s ]
INFO: [ view_filter ] --START--
INFO: ContentReplace Behavior ::run [ RunTime:0.001568s ]
INFO: TokenBuild Behavior ::run [ RunTime:0.001410s ]
INFO: WriteHtmlCache Behavior ::run [ RunTime:0.001220s ]
INFO: ShowRuntime Behavior ::run [ RunTime:0.001510s ]
INFO: [ view_filter ] --END-- [ RunTime:0.006020s ]
INFO: [ view_end ] --START--
INFO: ShowPageTrace Behavior ::run [ RunTime:0.003337s ]
INFO: [ view_end ] --END-- [ RunTime:0.003513s ]

[ 2017-02-13T09:29:43+08:00 ] 127.0.0.1 /appidul0aeb3hge/
INFO: [ app_begin ] --START--
INFO: ReadHtmlCache Behavior ::run [ RunTime:0.001161s ]
INFO: [ app_begin ] --END-- [ RunTime:0.001261s ]
INFO: [ view_parse ] --START--
INFO: ParseTemplate Behavior ::run [ RunTime:0.024400s ]
INFO: [ view_parse ] --END-- [ RunTime:0.024513s ]
INFO: [ view_filter ] --START--
INFO: ContentReplace Behavior ::run [ RunTime:0.001196s ]
INFO: TokenBuild Behavior ::run [ RunTime:0.001016s ]
INFO: WriteHtmlCache Behavior ::run [ RunTime:0.000836s ]
INFO: ShowRuntime Behavior ::run [ RunTime:0.001040s ]
INFO: [ view_filter ] --END-- [ RunTime:0.004307s ]
INFO: [ view_end ] --START--
INFO: ShowPageTrace Behavior ::run [ RunTime:0.001691s ]
INFO: [ view_end ] --END-- [ RunTime:0.001817s ]

[ 2017-02-13T09:44:51+08:00 ] 127.0.0.1 /appidul0aeb3hge/
INFO: [ app_begin ] --START--
INFO: ReadHtmlCache Behavior ::run [ RunTime:0.000976s ]
INFO: [ app_begin ] --END-- [ RunTime:0.001069s ]
INFO: [ view_parse ] --START--
INFO: ParseTemplate Behavior ::run [ RunTime:0.015363s ]
INFO: [ view_parse ] --END-- [ RunTime:0.015459s ]
INFO: [ view_filter ] --START--
INFO: ContentReplace Behavior ::run [ RunTime:0.000846s ]
INFO: TokenBuild Behavior ::run [ RunTime:0.000794s ]
INFO: WriteHtmlCache Behavior ::run [ RunTime:0.000696s ]
INFO: ShowRuntime Behavior ::run [ RunTime:0.000859s ]
INFO: [ view_filter ] --END-- [ RunTime:0.003369s ]
INFO: [ view_end ] --START--
INFO: ShowPageTrace Behavior ::run [ RunTime:0.001936s ]
INFO: [ view_end ] --END-- [ RunTime:0.002061s ]

[ 2017-02-13T09:48:09+08:00 ] 127.0.0.1 /appidul0aeb3hge/
INFO: [ app_begin ] --START--
INFO: ReadHtmlCache Behavior ::run [ RunTime:0.000987s ]
INFO: [ app_begin ] --END-- [ RunTime:0.001078s ]
INFO: [ view_parse ] --START--
INFO: ParseTemplate Behavior ::run [ RunTime:0.020662s ]
INFO: [ view_parse ] --END-- [ RunTime:0.020757s ]
INFO: [ view_filter ] --START--
INFO: ContentReplace Behavior ::run [ RunTime:0.000840s ]
INFO: TokenBuild Behavior ::run [ RunTime:0.000783s ]
INFO: WriteHtmlCache Behavior ::run [ RunTime:0.000683s ]
INFO: ShowRuntime Behavior ::run [ RunTime:0.000846s ]
INFO: [ view_filter ] --END-- [ RunTime:0.003320s ]
INFO: [ view_end ] --START--
INFO: ShowPageTrace Behavior ::run [ RunTime:0.001479s ]
INFO: [ view_end ] --END-- [ RunTime:0.001588s ]

[ 2017-02-13T09:48:28+08:00 ] 127.0.0.1 /appidul0aeb3hge/
INFO: [ app_begin ] --START--
INFO: ReadHtmlCache Behavior ::run [ RunTime:0.000953s ]
INFO: [ app_begin ] --END-- [ RunTime:0.001037s ]
INFO: [ view_parse ] --START--
INFO: ParseTemplate Behavior ::run [ RunTime:0.020877s ]
INFO: [ view_parse ] --END-- [ RunTime:0.020979s ]
INFO: [ view_filter ] --START--
INFO: ContentReplace Behavior ::run [ RunTime:0.000863s ]
INFO: TokenBuild Behavior ::run [ RunTime:0.000803s ]
INFO: WriteHtmlCache Behavior ::run [ RunTime:0.000689s ]
INFO: ShowRuntime Behavior ::run [ RunTime:0.000851s ]
INFO: [ view_filter ] --END-- [ RunTime:0.003387s ]
INFO: [ view_end ] --START--
INFO: ShowPageTrace Behavior ::run [ RunTime:0.001528s ]
INFO: [ view_end ] --END-- [ RunTime:0.001659s ]

[ 2017-02-13T09:49:36+08:00 ] 127.0.0.1 /appidul0aeb3hge/
INFO: [ app_begin ] --START--
INFO: ReadHtmlCache Behavior ::run [ RunTime:0.000938s ]
INFO: [ app_begin ] --END-- [ RunTime:0.001022s ]
INFO: [ view_parse ] --START--
INFO: ParseTemplate Behavior ::run [ RunTime:0.016007s ]
INFO: [ view_parse ] --END-- [ RunTime:0.016101s ]
INFO: [ view_filter ] --START--
INFO: ContentReplace Behavior ::run [ RunTime:0.000913s ]
INFO: TokenBuild Behavior ::run [ RunTime:0.000794s ]
INFO: WriteHtmlCache Behavior ::run [ RunTime:0.000739s ]
INFO: ShowRuntime Behavior ::run [ RunTime:0.001001s ]
INFO: [ view_filter ] --END-- [ RunTime:0.003637s ]
INFO: [ view_end ] --START--
INFO: ShowPageTrace Behavior ::run [ RunTime:0.002195s ]
INFO: [ view_end ] --END-- [ RunTime:0.002409s ]

[ 2017-02-13T09:49:45+08:00 ] 127.0.0.1 /appidul0aeb3hge/
INFO: [ app_begin ] --START--
INFO: ReadHtmlCache Behavior ::run [ RunTime:0.000504s ]
INFO: [ app_begin ] --END-- [ RunTime:0.000585s ]
INFO: [ view_parse ] --START--
INFO: ParseTemplate Behavior ::run [ RunTime:0.013156s ]
INFO: [ view_parse ] --END-- [ RunTime:0.013252s ]
INFO: [ view_filter ] --START--
INFO: ContentReplace Behavior ::run [ RunTime:0.000348s ]
INFO: TokenBuild Behavior ::run [ RunTime:0.000325s ]
INFO: WriteHtmlCache Behavior ::run [ RunTime:0.000222s ]
INFO: ShowRuntime Behavior ::run [ RunTime:0.000389s ]
INFO: [ view_filter ] --END-- [ RunTime:0.001443s ]
INFO: [ view_end ] --START--
INFO: ShowPageTrace Behavior ::run [ RunTime:0.000742s ]
INFO: [ view_end ] --END-- [ RunTime:0.000825s ]

[ 2017-02-13T09:49:58+08:00 ] 127.0.0.1 /appidul0aeb3hge/
INFO: [ app_begin ] --START--
INFO: ReadHtmlCache Behavior ::run [ RunTime:0.000972s ]
INFO: [ app_begin ] --END-- [ RunTime:0.001061s ]
INFO: [ view_parse ] --START--
INFO: ParseTemplate Behavior ::run [ RunTime:0.015438s ]
INFO: [ view_parse ] --END-- [ RunTime:0.015539s ]
INFO: [ view_filter ] --START--
INFO: ContentReplace Behavior ::run [ RunTime:0.000868s ]
INFO: TokenBuild Behavior ::run [ RunTime:0.000790s ]
INFO: WriteHtmlCache Behavior ::run [ RunTime:0.000685s ]
INFO: ShowRuntime Behavior ::run [ RunTime:0.000865s ]
INFO: [ view_filter ] --END-- [ RunTime:0.003392s ]
INFO: [ view_end ] --START--
INFO: ShowPageTrace Behavior ::run [ RunTime:0.001485s ]
INFO: [ view_end ] --END-- [ RunTime:0.001613s ]

[ 2017-02-13T09:50:05+08:00 ] 127.0.0.1 /appidul0aeb3hge/
INFO: [ app_begin ] --START--
INFO: ReadHtmlCache Behavior ::run [ RunTime:0.000501s ]
INFO: [ app_begin ] --END-- [ RunTime:0.000579s ]
INFO: [ view_parse ] --START--
INFO: ParseTemplate Behavior ::run [ RunTime:0.012937s ]
INFO: [ view_parse ] --END-- [ RunTime:0.013031s ]
INFO: [ view_filter ] --START--
INFO: ContentReplace Behavior ::run [ RunTime:0.000355s ]
INFO: TokenBuild Behavior ::run [ RunTime:0.000332s ]
INFO: WriteHtmlCache Behavior ::run [ RunTime:0.000225s ]
INFO: ShowRuntime Behavior ::run [ RunTime:0.000391s ]
INFO: [ view_filter ] --END-- [ RunTime:0.001467s ]
INFO: [ view_end ] --START--
INFO: ShowPageTrace Behavior ::run [ RunTime:0.000772s ]
INFO: [ view_end ] --END-- [ RunTime:0.000862s ]

[ 2017-02-13T09:50:24+08:00 ] 127.0.0.1 /appidul0aeb3hge/
INFO: [ app_begin ] --START--
INFO: ReadHtmlCache Behavior ::run [ RunTime:0.000973s ]
INFO: [ app_begin ] --END-- [ RunTime:0.001063s ]
INFO: [ view_parse ] --START--
INFO: ParseTemplate Behavior ::run [ RunTime:0.016849s ]
INFO: [ view_parse ] --END-- [ RunTime:0.016950s ]
INFO: [ view_filter ] --START--
INFO: ContentReplace Behavior ::run [ RunTime:0.000843s ]
INFO: TokenBuild Behavior ::run [ RunTime:0.000809s ]
INFO: WriteHtmlCache Behavior ::run [ RunTime:0.000875s ]
INFO: ShowRuntime Behavior ::run [ RunTime:0.001054s ]
INFO: [ view_filter ] --END-- [ RunTime:0.003809s ]
INFO: [ view_end ] --START--
INFO: ShowPageTrace Behavior ::run [ RunTime:0.001420s ]
INFO: [ view_end ] --END-- [ RunTime:0.001542s ]

[ 2017-02-13T09:50:44+08:00 ] 127.0.0.1 /appidul0aeb3hge/
INFO: [ app_begin ] --START--
INFO: ReadHtmlCache Behavior ::run [ RunTime:0.001151s ]
INFO: [ app_begin ] --END-- [ RunTime:0.001248s ]
INFO: [ view_parse ] --START--
INFO: ParseTemplate Behavior ::run [ RunTime:0.037988s ]
INFO: [ view_parse ] --END-- [ RunTime:0.038098s ]
INFO: [ view_filter ] --START--
INFO: ContentReplace Behavior ::run [ RunTime:0.000863s ]
INFO: TokenBuild Behavior ::run [ RunTime:0.000779s ]
INFO: WriteHtmlCache Behavior ::run [ RunTime:0.000673s ]
INFO: ShowRuntime Behavior ::run [ RunTime:0.000833s ]
INFO: [ view_filter ] --END-- [ RunTime:0.003321s ]
INFO: [ view_end ] --START--
INFO: ShowPageTrace Behavior ::run [ RunTime:0.001409s ]
INFO: [ view_end ] --END-- [ RunTime:0.001532s ]

[ 2017-02-13T09:50:55+08:00 ] 127.0.0.1 /appidul0aeb3hge/
INFO: [ app_begin ] --START--
INFO: ReadHtmlCache Behavior ::run [ RunTime:0.000944s ]
INFO: [ app_begin ] --END-- [ RunTime:0.001032s ]
INFO: [ view_parse ] --START--
INFO: ParseTemplate Behavior ::run [ RunTime:0.015399s ]
INFO: [ view_parse ] --END-- [ RunTime:0.015508s ]
INFO: [ view_filter ] --START--
INFO: ContentReplace Behavior ::run [ RunTime:0.000957s ]
INFO: TokenBuild Behavior ::run [ RunTime:0.000808s ]
INFO: WriteHtmlCache Behavior ::run [ RunTime:0.000694s ]
INFO: ShowRuntime Behavior ::run [ RunTime:0.000849s ]
INFO: [ view_filter ] --END-- [ RunTime:0.003491s ]
INFO: [ view_end ] --START--
INFO: ShowPageTrace Behavior ::run [ RunTime:0.001538s ]
INFO: [ view_end ] --END-- [ RunTime:0.001663s ]

[ 2017-02-13T09:51:39+08:00 ] 127.0.0.1 /appidul0aeb3hge/
INFO: [ app_begin ] --START--
INFO: ReadHtmlCache Behavior ::run [ RunTime:0.000497s ]
INFO: [ app_begin ] --END-- [ RunTime:0.000574s ]
INFO: [ view_parse ] --START--
INFO: ParseTemplate Behavior ::run [ RunTime:0.013118s ]
INFO: [ view_parse ] --END-- [ RunTime:0.013210s ]
INFO: [ view_filter ] --START--
INFO: ContentReplace Behavior ::run [ RunTime:0.000349s ]
INFO: TokenBuild Behavior ::run [ RunTime:0.000325s ]
INFO: WriteHtmlCache Behavior ::run [ RunTime:0.000225s ]
INFO: ShowRuntime Behavior ::run [ RunTime:0.000386s ]
INFO: [ view_filter ] --END-- [ RunTime:0.001450s ]
INFO: [ view_end ] --START--
INFO: ShowPageTrace Behavior ::run [ RunTime:0.000763s ]
INFO: [ view_end ] --END-- [ RunTime:0.000852s ]

[ 2017-02-13T09:51:51+08:00 ] 127.0.0.1 /appidul0aeb3hge/
INFO: [ app_begin ] --START--
INFO: ReadHtmlCache Behavior ::run [ RunTime:0.000948s ]
INFO: [ app_begin ] --END-- [ RunTime:0.001036s ]
INFO: [ view_parse ] --START--
INFO: ParseTemplate Behavior ::run [ RunTime:0.020740s ]
INFO: [ view_parse ] --END-- [ RunTime:0.020837s ]
INFO: [ view_filter ] --START--
INFO: ContentReplace Behavior ::run [ RunTime:0.000821s ]
INFO: TokenBuild Behavior ::run [ RunTime:0.000755s ]
INFO: WriteHtmlCache Behavior ::run [ RunTime:0.000657s ]
INFO: ShowRuntime Behavior ::run [ RunTime:0.000820s ]
INFO: [ view_filter ] --END-- [ RunTime:0.003225s ]
INFO: [ view_end ] --START--
INFO: ShowPageTrace Behavior ::run [ RunTime:0.001444s ]
INFO: [ view_end ] --END-- [ RunTime:0.001563s ]

[ 2017-02-13T09:52:11+08:00 ] 127.0.0.1 /appidul0aeb3hge/
INFO: [ app_begin ] --START--
INFO: ReadHtmlCache Behavior ::run [ RunTime:0.000972s ]
INFO: [ app_begin ] --END-- [ RunTime:0.001057s ]
INFO: [ view_parse ] --START--
INFO: ParseTemplate Behavior ::run [ RunTime:0.020602s ]
INFO: [ view_parse ] --END-- [ RunTime:0.020703s ]
INFO: [ view_filter ] --START--
INFO: ContentReplace Behavior ::run [ RunTime:0.000858s ]
INFO: TokenBuild Behavior ::run [ RunTime:0.000799s ]
INFO: WriteHtmlCache Behavior ::run [ RunTime:0.000693s ]
INFO: ShowRuntime Behavior ::run [ RunTime:0.000850s ]
INFO: [ view_filter ] --END-- [ RunTime:0.003379s ]
INFO: [ view_end ] --START--
INFO: ShowPageTrace Behavior ::run [ RunTime:0.001710s ]
INFO: [ view_end ] --END-- [ RunTime:0.001815s ]

[ 2017-02-13T09:53:23+08:00 ] 127.0.0.1 /appidul0aeb3hge/
INFO: [ app_begin ] --START--
INFO: ReadHtmlCache Behavior ::run [ RunTime:0.000503s ]
INFO: [ app_begin ] --END-- [ RunTime:0.000584s ]
INFO: [ view_parse ] --START--
INFO: ParseTemplate Behavior ::run [ RunTime:0.012898s ]
INFO: [ view_parse ] --END-- [ RunTime:0.012992s ]
INFO: [ view_filter ] --START--
INFO: ContentReplace Behavior ::run [ RunTime:0.000360s ]
INFO: TokenBuild Behavior ::run [ RunTime:0.000331s ]
INFO: WriteHtmlCache Behavior ::run [ RunTime:0.000232s ]
INFO: ShowRuntime Behavior ::run [ RunTime:0.000397s ]
INFO: [ view_filter ] --END-- [ RunTime:0.001484s ]
INFO: [ view_end ] --START--
INFO: ShowPageTrace Behavior ::run [ RunTime:0.000760s ]
INFO: [ view_end ] --END-- [ RunTime:0.000848s ]

[ 2017-02-13T09:56:41+08:00 ] 127.0.0.1 /appidul0aeb3hge/
INFO: [ app_begin ] --START--
INFO: ReadHtmlCache Behavior ::run [ RunTime:0.000942s ]
INFO: [ app_begin ] --END-- [ RunTime:0.001025s ]
INFO: [ view_parse ] --START--
INFO: ParseTemplate Behavior ::run [ RunTime:0.015553s ]
INFO: [ view_parse ] --END-- [ RunTime:0.015654s ]
INFO: [ view_filter ] --START--
INFO: ContentReplace Behavior ::run [ RunTime:0.000851s ]
INFO: TokenBuild Behavior ::run [ RunTime:0.000788s ]
INFO: WriteHtmlCache Behavior ::run [ RunTime:0.000689s ]
INFO: ShowRuntime Behavior ::run [ RunTime:0.001083s ]
INFO: [ view_filter ] --END-- [ RunTime:0.003593s ]
INFO: [ view_end ] --START--
INFO: ShowPageTrace Behavior ::run [ RunTime:0.001500s ]
INFO: [ view_end ] --END-- [ RunTime:0.001632s ]

[ 2017-02-13T10:06:05+08:00 ] 127.0.0.1 /appidul0aeb3hge/
INFO: [ app_begin ] --START--
INFO: ReadHtmlCache Behavior ::run [ RunTime:0.000962s ]
INFO: [ app_begin ] --END-- [ RunTime:0.001046s ]
INFO: [ view_parse ] --START--
INFO: ParseTemplate Behavior ::run [ RunTime:0.015822s ]
INFO: [ view_parse ] --END-- [ RunTime:0.015928s ]
INFO: [ view_filter ] --START--
INFO: ContentReplace Behavior ::run [ RunTime:0.000998s ]
INFO: TokenBuild Behavior ::run [ RunTime:0.000875s ]
INFO: WriteHtmlCache Behavior ::run [ RunTime:0.000760s ]
INFO: ShowRuntime Behavior ::run [ RunTime:0.000957s ]
INFO: [ view_filter ] --END-- [ RunTime:0.003789s ]
INFO: [ view_end ] --START--
INFO: ShowPageTrace Behavior ::run [ RunTime:0.001621s ]
INFO: [ view_end ] --END-- [ RunTime:0.001757s ]

[ 2017-02-13T10:10:11+08:00 ] 127.0.0.1 /appidul0aeb3hge/
INFO: [ app_begin ] --START--
INFO: ReadHtmlCache Behavior ::run [ RunTime:0.000938s ]
INFO: [ app_begin ] --END-- [ RunTime:0.001020s ]
INFO: [ view_parse ] --START--
INFO: ParseTemplate Behavior ::run [ RunTime:0.015904s ]
INFO: [ view_parse ] --END-- [ RunTime:0.016002s ]
INFO: [ view_filter ] --START--
INFO: ContentReplace Behavior ::run [ RunTime:0.000863s ]
INFO: TokenBuild Behavior ::run [ RunTime:0.000775s ]
INFO: WriteHtmlCache Behavior ::run [ RunTime:0.000679s ]
INFO: ShowRuntime Behavior ::run [ RunTime:0.001020s ]
INFO: [ view_filter ] --END-- [ RunTime:0.003516s ]
INFO: [ view_end ] --START--
INFO: ShowPageTrace Behavior ::run [ RunTime:0.001419s ]
INFO: [ view_end ] --END-- [ RunTime:0.001601s ]

[ 2017-02-13T10:12:02+08:00 ] 127.0.0.1 /appidul0aeb3hge/
INFO: [ app_begin ] --START--
INFO: ReadHtmlCache Behavior ::run [ RunTime:0.001236s ]
INFO: [ app_begin ] --END-- [ RunTime:0.001329s ]
INFO: [ view_parse ] --START--
INFO: ParseTemplate Behavior ::run [ RunTime:0.015575s ]
INFO: [ view_parse ] --END-- [ RunTime:0.015675s ]
INFO: [ view_filter ] --START--
INFO: ContentReplace Behavior ::run [ RunTime:0.000862s ]
INFO: TokenBuild Behavior ::run [ RunTime:0.000804s ]
INFO: WriteHtmlCache Behavior ::run [ RunTime:0.000695s ]
INFO: ShowRuntime Behavior ::run [ RunTime:0.000855s ]
INFO: [ view_filter ] --END-- [ RunTime:0.003392s ]
INFO: [ view_end ] --START--
INFO: ShowPageTrace Behavior ::run [ RunTime:0.001534s ]
INFO: [ view_end ] --END-- [ RunTime:0.001666s ]

[ 2017-02-13T10:12:41+08:00 ] 127.0.0.1 /appidul0aeb3hge/
INFO: [ app_begin ] --START--
INFO: ReadHtmlCache Behavior ::run [ RunTime:0.000936s ]
INFO: [ app_begin ] --END-- [ RunTime:0.001017s ]
INFO: [ view_parse ] --START--
INFO: ParseTemplate Behavior ::run [ RunTime:0.015223s ]
INFO: [ view_parse ] --END-- [ RunTime:0.015322s ]
INFO: [ view_filter ] --START--
INFO: ContentReplace Behavior ::run [ RunTime:0.001038s ]
INFO: TokenBuild Behavior ::run [ RunTime:0.001082s ]
INFO: WriteHtmlCache Behavior ::run [ RunTime:0.000704s ]
INFO: ShowRuntime Behavior ::run [ RunTime:0.000849s ]
INFO: [ view_filter ] --END-- [ RunTime:0.003923s ]
INFO: [ view_end ] --START--
INFO: ShowPageTrace Behavior ::run [ RunTime:0.001452s ]
INFO: [ view_end ] --END-- [ RunTime:0.001563s ]

[ 2017-02-13T10:17:29+08:00 ] 127.0.0.1 /appidul0aeb3hge/
INFO: [ app_begin ] --START--
INFO: ReadHtmlCache Behavior ::run [ RunTime:0.000953s ]
INFO: [ app_begin ] --END-- [ RunTime:0.001043s ]
INFO: [ view_parse ] --START--
INFO: ParseTemplate Behavior ::run [ RunTime:0.015416s ]
INFO: [ view_parse ] --END-- [ RunTime:0.015517s ]
INFO: [ view_filter ] --START--
INFO: ContentReplace Behavior ::run [ RunTime:0.000950s ]
INFO: TokenBuild Behavior ::run [ RunTime:0.000813s ]
INFO: WriteHtmlCache Behavior ::run [ RunTime:0.000697s ]
INFO: ShowRuntime Behavior ::run [ RunTime:0.000857s ]
INFO: [ view_filter ] --END-- [ RunTime:0.003513s ]
INFO: [ view_end ] --START--
INFO: ShowPageTrace Behavior ::run [ RunTime:0.001512s ]
INFO: [ view_end ] --END-- [ RunTime:0.001658s ]

[ 2017-02-13T10:17:39+08:00 ] 127.0.0.1 /appidul0aeb3hge/
INFO: [ app_begin ] --START--
INFO: ReadHtmlCache Behavior ::run [ RunTime:0.000968s ]
INFO: [ app_begin ] --END-- [ RunTime:0.001059s ]
INFO: [ view_parse ] --START--
INFO: ParseTemplate Behavior ::run [ RunTime:0.015705s ]
INFO: [ view_parse ] --END-- [ RunTime:0.015806s ]
INFO: [ view_filter ] --START--
INFO: ContentReplace Behavior ::run [ RunTime:0.000857s ]
INFO: TokenBuild Behavior ::run [ RunTime:0.000796s ]
INFO: WriteHtmlCache Behavior ::run [ RunTime:0.000690s ]
INFO: ShowRuntime Behavior ::run [ RunTime:0.000903s ]
INFO: [ view_filter ] --END-- [ RunTime:0.003422s ]
INFO: [ view_end ] --START--
INFO: ShowPageTrace Behavior ::run [ RunTime:0.001537s ]
INFO: [ view_end ] --END-- [ RunTime:0.001658s ]

[ 2017-02-13T10:21:07+08:00 ] 127.0.0.1 /appidul0aeb3hge/
INFO: [ app_begin ] --START--
INFO: ReadHtmlCache Behavior ::run [ RunTime:0.000966s ]
INFO: [ app_begin ] --END-- [ RunTime:0.001051s ]
INFO: [ view_parse ] --START--
INFO: ParseTemplate Behavior ::run [ RunTime:0.015435s ]
INFO: [ view_parse ] --END-- [ RunTime:0.015531s ]
INFO: [ view_filter ] --START--
INFO: ContentReplace Behavior ::run [ RunTime:0.000849s ]
INFO: TokenBuild Behavior ::run [ RunTime:0.000803s ]
INFO: WriteHtmlCache Behavior ::run [ RunTime:0.000700s ]
INFO: ShowRuntime Behavior ::run [ RunTime:0.000969s ]
INFO: [ view_filter ] --END-- [ RunTime:0.003505s ]
INFO: [ view_end ] --START--
INFO: ShowPageTrace Behavior ::run [ RunTime:0.001823s ]
INFO: [ view_end ] --END-- [ RunTime:0.001990s ]

